#
# There is insufficient memory for the Java Runtime Environment to continue.
# Native memory allocation (malloc) failed to allocate 2174256 bytes for Chunk::new
# Possible reasons:
#   The system is out of physical RAM or swap space
#   The process is running with CompressedOops enabled, and the Java Heap may be blocking the growth of the native heap
# Possible solutions:
#   Reduce memory load on the system
#   Increase physical memory or swap space
#   Check if swap backing store is full
#   Decrease Java heap size (-Xmx/-Xms)
#   Decrease number of Java threads
#   Decrease Java thread stack sizes (-Xss)
#   Set larger code cache with -XX:ReservedCodeCacheSize=
#   JVM is running with Unscaled Compressed Oops mode in which the Java heap is
#     placed in the first 4GB address space. The Java Heap base address is the
#     maximum limit for the native heap growth. Please use -XX:HeapBaseMinAddress
#     to set the Java Heap base and to place the Java Heap above 4GB virtual address.
# This output file may be truncated or incomplete.
#
#  Out of Memory Error (./src/hotspot/share/memory/arena.cpp:197), pid=18104, tid=2132
#
# JRE version: OpenJDK Runtime Environment (11.0.12+7) (build 11.0.12+7-b1504.28-7817840)
# Java VM: OpenJDK 64-Bit Server VM (11.0.12+7-b1504.28-7817840, mixed mode, tiered, compressed oops, g1 gc, windows-amd64)
# No core dump will be written. Minidumps are not enabled by default on client versions of Windows
#

---------------  S U M M A R Y ------------

Command Line: --add-opens=java.base/java.util=ALL-UNNAMED --add-opens=java.base/java.lang=ALL-UNNAMED --add-opens=java.base/java.lang.invoke=ALL-UNNAMED --add-opens=java.base/java.util=ALL-UNNAMED --add-opens=java.prefs/java.util.prefs=ALL-UNNAMED --add-opens=java.prefs/java.util.prefs=ALL-UNNAMED --add-opens=java.base/java.nio.charset=ALL-UNNAMED --add-opens=java.base/java.net=ALL-UNNAMED --add-opens=java.base/java.util.concurrent.atomic=ALL-UNNAMED -Xmx2048m -Dfile.encoding=UTF-8 -Duser.country=KR -Duser.language=ko -Duser.variant org.gradle.launcher.daemon.bootstrap.GradleDaemon 7.3.3

Host: AMD Ryzen 5 4500U with Radeon Graphics         , 6 cores, 7G,  Windows 10 , 64 bit Build 19041 (10.0.19041.2546)
Time: Tue Mar 28 01:19:50 2023 대한민국 표준시 elapsed time: 6.711180 seconds (0d 0h 0m 6s)

---------------  T H R E A D  ---------------

Current thread (0x000002d01a77f800):  JavaThread "C2 CompilerThread0" daemon [_thread_in_native, id=2132, stack(0x000000fd5e300000,0x000000fd5e400000)]


Current CompileTask:
C2:   6711 5771       4       java.util.Arrays::binarySearch0 (95 bytes)

Stack: [0x000000fd5e300000,0x000000fd5e400000]
Native frames: (J=compiled Java code, j=interpreted, Vv=VM code, C=native code)
V  [jvm.dll+0x5fbcea]
V  [jvm.dll+0x731905]
V  [jvm.dll+0x732f1d]
V  [jvm.dll+0x7335d3]
V  [jvm.dll+0x247bf8]
V  [jvm.dll+0xc018c]
V  [jvm.dll+0xc06cc]
V  [jvm.dll+0x35b2db]
V  [jvm.dll+0x328803]
V  [jvm.dll+0x327cfa]
V  [jvm.dll+0x200602]
V  [jvm.dll+0x1ff794]
V  [jvm.dll+0x18868c]
V  [jvm.dll+0x20e0d7]
V  [jvm.dll+0x20c901]
V  [jvm.dll+0x6f9b7f]
V  [jvm.dll+0x6f26a5]
V  [jvm.dll+0x5fabf6]
C  [ucrtbase.dll+0x21bb2]
C  [KERNEL32.DLL+0x17614]
C  [ntdll.dll+0x526a1]


---------------  P R O C E S S  ---------------

Threads class SMR info:
_java_thread_list=0x000002d01c30ae50, length=100, elements={
0x000002d07c6e4800, 0x000002d01a744800, 0x000002d01a74b800, 0x000002d01a777800,
0x000002d01a778800, 0x000002d01a77c800, 0x000002d01a77f800, 0x000002d01a78a000,
0x000002d01a790800, 0x000002d01b1fa800, 0x000002d01c8dd000, 0x000002d01c9df000,
0x000002d01c0e9000, 0x000002d01c50a000, 0x000002d01bf12000, 0x000002d01d2b7000,
0x000002d01d2b7800, 0x000002d01be1b000, 0x000002d01d290000, 0x000002d01d293000,
0x000002d01d291800, 0x000002d01d28f000, 0x000002d01d28d800, 0x000002d01d291000,
0x000002d01d292800, 0x000002d01d294000, 0x000002d01d28e800, 0x000002d01f408000,
0x000002d01f404000, 0x000002d01f405800, 0x000002d01f404800, 0x000002d01f406000,
0x000002d01f403000, 0x000002d01f40c000, 0x000002d01f40a800, 0x000002d01f40f000,
0x000002d01f40b000, 0x000002d01f40d000, 0x000002d01f40d800, 0x000002d01f40e800,
0x000002d01f409800, 0x000002d01f410000, 0x000002d01f411800, 0x000002d01f411000,
0x000002d01fb4e000, 0x000002d01fb52000, 0x000002d01fb50800, 0x000002d01fb4c800,
0x000002d01fb4e800, 0x000002d01fb51000, 0x000002d01fb4f800, 0x000002d01fb53000,
0x000002d01fb4d000, 0x000002d01fb55800, 0x000002d01fb54800, 0x000002d01fb56000,
0x000002d01fb57800, 0x000002d01fb57000, 0x000002d01fb58800, 0x000002d01fb59800,
0x000002d01fb53800, 0x000002d01fb5b000, 0x000002d01fb5a000, 0x000002d01f68e000,
0x000002d01f694800, 0x000002d01f68f800, 0x000002d01f690800, 0x000002d01f692000,
0x000002d01f691000, 0x000002d01f693000, 0x000002d01f693800, 0x000002d01f68e800,
0x000002d01f697000, 0x000002d01f696000, 0x000002d01f697800, 0x000002d01f69b000,
0x000002d01f698800, 0x000002d01f69a000, 0x000002d01f695000, 0x000002d01f699800,
0x000002d01f69b800, 0x000002d01f69c800, 0x000002d01fb76000, 0x000002d01fb71000,
0x000002d01fb70800, 0x000002d01fb77800, 0x000002d01fb72000, 0x000002d01fb74800,
0x000002d01fb77000, 0x000002d01fb72800, 0x000002d01fb73800, 0x000002d01fb75000,
0x000002d01fb7b000, 0x000002d01fb7c800, 0x000002d01fb78800, 0x000002d01fb7b800,
0x000002d01fb7f000, 0x000002d01fb7d800, 0x000002d01fb7a000, 0x000002d01fb7e000
}

Java Threads: ( => current thread )
  0x000002d07c6e4800 JavaThread "main" [_thread_blocked, id=13988, stack(0x000000fd5d700000,0x000000fd5d800000)]
  0x000002d01a744800 JavaThread "Reference Handler" daemon [_thread_blocked, id=2780, stack(0x000000fd5de00000,0x000000fd5df00000)]
  0x000002d01a74b800 JavaThread "Finalizer" daemon [_thread_blocked, id=2880, stack(0x000000fd5df00000,0x000000fd5e000000)]
  0x000002d01a777800 JavaThread "Signal Dispatcher" daemon [_thread_blocked, id=15780, stack(0x000000fd5e000000,0x000000fd5e100000)]
  0x000002d01a778800 JavaThread "Attach Listener" daemon [_thread_blocked, id=9880, stack(0x000000fd5e100000,0x000000fd5e200000)]
  0x000002d01a77c800 JavaThread "Service Thread" daemon [_thread_blocked, id=18928, stack(0x000000fd5e200000,0x000000fd5e300000)]
=>0x000002d01a77f800 JavaThread "C2 CompilerThread0" daemon [_thread_in_native, id=2132, stack(0x000000fd5e300000,0x000000fd5e400000)]
  0x000002d01a78a000 JavaThread "C1 CompilerThread0" daemon [_thread_blocked, id=3224, stack(0x000000fd5e400000,0x000000fd5e500000)]
  0x000002d01a790800 JavaThread "Sweeper thread" daemon [_thread_blocked, id=13636, stack(0x000000fd5e500000,0x000000fd5e600000)]
  0x000002d01b1fa800 JavaThread "Common-Cleaner" daemon [_thread_blocked, id=18836, stack(0x000000fd5e600000,0x000000fd5e700000)]
  0x000002d01c8dd000 JavaThread "Daemon health stats" [_thread_blocked, id=14992, stack(0x000000fd5e900000,0x000000fd5ea00000)]
  0x000002d01c9df000 JavaThread "Incoming local TCP Connector on port 12751" [_thread_in_native, id=19004, stack(0x000000fd5ea00000,0x000000fd5eb00000)]
  0x000002d01c0e9000 JavaThread "Daemon periodic checks" [_thread_blocked, id=8920, stack(0x000000fd5eb00000,0x000000fd5ec00000)]
  0x000002d01c50a000 JavaThread "Daemon" [_thread_blocked, id=18852, stack(0x000000fd5ec00000,0x000000fd5ed00000)]
  0x000002d01bf12000 JavaThread "Handler for socket connection from /127.0.0.1:12751 to /127.0.0.1:12752" [_thread_in_native, id=11596, stack(0x000000fd5ed00000,0x000000fd5ee00000)]
  0x000002d01d2b7000 JavaThread "Cancel handler" [_thread_blocked, id=6596, stack(0x000000fd5f200000,0x000000fd5f300000)]
  0x000002d01d2b7800 JavaThread "Daemon worker" [_thread_in_vm, id=11692, stack(0x000000fd5f300000,0x000000fd5f400000)]
  0x000002d01be1b000 JavaThread "Asynchronous log dispatcher for DefaultDaemonConnection: socket connection from /127.0.0.1:12751 to /127.0.0.1:12752" [_thread_blocked, id=9252, stack(0x000000fd5f400000,0x000000fd5f500000)]
  0x000002d01d290000 JavaThread "Stdin handler" [_thread_blocked, id=19136, stack(0x000000fd5f500000,0x000000fd5f600000)]
  0x000002d01d293000 JavaThread "Daemon client event forwarder" [_thread_blocked, id=14072, stack(0x000000fd5f600000,0x000000fd5f700000)]
  0x000002d01d291800 JavaThread "Cache worker for journal cache (C:\Users\ParkHyeSung\.gradle\caches\journal-1)" [_thread_blocked, id=19312, stack(0x000000fd5f700000,0x000000fd5f800000)]
  0x000002d01d28f000 JavaThread "File lock request listener" [_thread_in_native, id=19188, stack(0x000000fd5f800000,0x000000fd5f900000)]
  0x000002d01d28d800 JavaThread "Cache worker for file hash cache (C:\Users\ParkHyeSung\.gradle\caches\7.3.3\fileHashes)" [_thread_blocked, id=7012, stack(0x000000fd5f900000,0x000000fd5fa00000)]
  0x000002d01d291000 JavaThread "Cache worker for file hash cache (C:\Users\ParkHyeSung\AndroidStudioProjects\MyExerciseApp\.gradle\7.3.3\fileHashes)" [_thread_blocked, id=17884, stack(0x000000fd5fb00000,0x000000fd5fc00000)]
  0x000002d01d292800 JavaThread "File watcher server" daemon [_thread_in_native, id=8808, stack(0x000000fd5fc00000,0x000000fd5fd00000)]
  0x000002d01d294000 JavaThread "File watcher consumer" daemon [_thread_blocked, id=2924, stack(0x000000fd5fd00000,0x000000fd5fe00000)]
  0x000002d01d28e800 JavaThread "Cache worker for checksums cache (C:\Users\ParkHyeSung\AndroidStudioProjects\MyExerciseApp\.gradle\7.3.3\checksums)" [_thread_blocked, id=14352, stack(0x000000fd5fe00000,0x000000fd5ff00000)]
  0x000002d01f408000 JavaThread "Cache worker for cache directory md-supplier (C:\Users\ParkHyeSung\.gradle\caches\7.3.3\md-supplier)" [_thread_blocked, id=6500, stack(0x000000fd5ff00000,0x000000fd60000000)]
  0x000002d01f404000 JavaThread "Cache worker for cache directory md-rule (C:\Users\ParkHyeSung\.gradle\caches\7.3.3\md-rule)" [_thread_blocked, id=9864, stack(0x000000fd60000000,0x000000fd60100000)]
  0x000002d01f405800 JavaThread "Cache worker for execution history cache (C:\Users\ParkHyeSung\.gradle\caches\7.3.3\executionHistory)" [_thread_blocked, id=13892, stack(0x000000fd60100000,0x000000fd60200000)]
  0x000002d01f404800 JavaThread "jar transforms" [_thread_blocked, id=14208, stack(0x000000fd60200000,0x000000fd60300000)]
  0x000002d01f406000 JavaThread "Cache worker for file content cache (C:\Users\ParkHyeSung\.gradle\caches\7.3.3\fileContent)" [_thread_blocked, id=7400, stack(0x000000fd60300000,0x000000fd60400000)]
  0x000002d01f403000 JavaThread "jar transforms Thread 2" [_thread_blocked, id=11088, stack(0x000000fd60400000,0x000000fd60500000)]
  0x000002d01f40c000 JavaThread "Cache worker for dependencies-accessors (C:\Users\ParkHyeSung\AndroidStudioProjects\MyExerciseApp\.gradle\7.3.3\dependencies-accessors)" [_thread_blocked, id=13796, stack(0x000000fd60500000,0x000000fd60600000)]
  0x000002d01f40a800 JavaThread "jar transforms Thread 3" [_thread_blocked, id=6828, stack(0x000000fd60600000,0x000000fd60700000)]
  0x000002d01f40f000 JavaThread "Cache worker for Build Output Cleanup Cache (C:\Users\ParkHyeSung\AndroidStudioProjects\MyExerciseApp\.gradle\buildOutputCleanup)" [_thread_blocked, id=1456, stack(0x000000fd60700000,0x000000fd60800000)]
  0x000002d01f40b000 JavaThread "Unconstrained build operations" [_thread_blocked, id=12216, stack(0x000000fd60800000,0x000000fd60900000)]
  0x000002d01f40d000 JavaThread "Unconstrained build operations Thread 2" [_thread_blocked, id=16776, stack(0x000000fd60900000,0x000000fd60a00000)]
  0x000002d01f40d800 JavaThread "Unconstrained build operations Thread 3" [_thread_blocked, id=10476, stack(0x000000fd60a00000,0x000000fd60b00000)]
  0x000002d01f40e800 JavaThread "Unconstrained build operations Thread 4" [_thread_blocked, id=12948, stack(0x000000fd60b00000,0x000000fd60c00000)]
  0x000002d01f409800 JavaThread "Unconstrained build operations Thread 5" [_thread_blocked, id=15056, stack(0x000000fd60c00000,0x000000fd60d00000)]
  0x000002d01f410000 JavaThread "Unconstrained build operations Thread 6" [_thread_blocked, id=9048, stack(0x000000fd60d00000,0x000000fd60e00000)]
  0x000002d01f411800 JavaThread "Unconstrained build operations Thread 7" [_thread_blocked, id=7256, stack(0x000000fd60e00000,0x000000fd60f00000)]
  0x000002d01f411000 JavaThread "Unconstrained build operations Thread 8" [_thread_blocked, id=3104, stack(0x000000fd60f00000,0x000000fd61000000)]
  0x000002d01fb4e000 JavaThread "Unconstrained build operations Thread 9" [_thread_blocked, id=15432, stack(0x000000fd61000000,0x000000fd61100000)]
  0x000002d01fb52000 JavaThread "Unconstrained build operations Thread 10" [_thread_blocked, id=12820, stack(0x000000fd61100000,0x000000fd61200000)]
  0x000002d01fb50800 JavaThread "Unconstrained build operations Thread 11" [_thread_blocked, id=14036, stack(0x000000fd61200000,0x000000fd61300000)]
  0x000002d01fb4c800 JavaThread "Unconstrained build operations Thread 12" [_thread_blocked, id=18940, stack(0x000000fd61300000,0x000000fd61400000)]
  0x000002d01fb4e800 JavaThread "Unconstrained build operations Thread 13" [_thread_blocked, id=9228, stack(0x000000fd61400000,0x000000fd61500000)]
  0x000002d01fb51000 JavaThread "Unconstrained build operations Thread 14" [_thread_blocked, id=15524, stack(0x000000fd61500000,0x000000fd61600000)]
  0x000002d01fb4f800 JavaThread "Unconstrained build operations Thread 15" [_thread_blocked, id=13904, stack(0x000000fd61600000,0x000000fd61700000)]
  0x000002d01fb53000 JavaThread "Unconstrained build operations Thread 16" [_thread_blocked, id=6428, stack(0x000000fd61700000,0x000000fd61800000)]
  0x000002d01fb4d000 JavaThread "Unconstrained build operations Thread 17" [_thread_blocked, id=2964, stack(0x000000fd61800000,0x000000fd61900000)]
  0x000002d01fb55800 JavaThread "Unconstrained build operations Thread 18" [_thread_blocked, id=17848, stack(0x000000fd61900000,0x000000fd61a00000)]
  0x000002d01fb54800 JavaThread "Unconstrained build operations Thread 19" [_thread_blocked, id=4152, stack(0x000000fd61a00000,0x000000fd61b00000)]
  0x000002d01fb56000 JavaThread "Unconstrained build operations Thread 20" [_thread_blocked, id=18984, stack(0x000000fd61b00000,0x000000fd61c00000)]
  0x000002d01fb57800 JavaThread "Unconstrained build operations Thread 21" [_thread_blocked, id=18996, stack(0x000000fd61c00000,0x000000fd61d00000)]
  0x000002d01fb57000 JavaThread "Unconstrained build operations Thread 22" [_thread_blocked, id=6032, stack(0x000000fd61d00000,0x000000fd61e00000)]
  0x000002d01fb58800 JavaThread "Unconstrained build operations Thread 23" [_thread_blocked, id=19292, stack(0x000000fd61e00000,0x000000fd61f00000)]
  0x000002d01fb59800 JavaThread "Unconstrained build operations Thread 24" [_thread_blocked, id=3784, stack(0x000000fd61f00000,0x000000fd62000000)]
  0x000002d01fb53800 JavaThread "Unconstrained build operations Thread 25" [_thread_blocked, id=10180, stack(0x000000fd62000000,0x000000fd62100000)]
  0x000002d01fb5b000 JavaThread "Unconstrained build operations Thread 26" [_thread_blocked, id=12368, stack(0x000000fd62100000,0x000000fd62200000)]
  0x000002d01fb5a000 JavaThread "Unconstrained build operations Thread 27" [_thread_blocked, id=8348, stack(0x000000fd62200000,0x000000fd62300000)]
  0x000002d01f68e000 JavaThread "Unconstrained build operations Thread 28" [_thread_blocked, id=15648, stack(0x000000fd62300000,0x000000fd62400000)]
  0x000002d01f694800 JavaThread "Unconstrained build operations Thread 29" [_thread_blocked, id=13616, stack(0x000000fd62400000,0x000000fd62500000)]
  0x000002d01f68f800 JavaThread "Unconstrained build operations Thread 30" [_thread_blocked, id=14512, stack(0x000000fd62500000,0x000000fd62600000)]
  0x000002d01f690800 JavaThread "Unconstrained build operations Thread 31" [_thread_blocked, id=17896, stack(0x000000fd62600000,0x000000fd62700000)]
  0x000002d01f692000 JavaThread "Unconstrained build operations Thread 32" [_thread_blocked, id=3076, stack(0x000000fd62700000,0x000000fd62800000)]
  0x000002d01f691000 JavaThread "Unconstrained build operations Thread 33" [_thread_blocked, id=12920, stack(0x000000fd62800000,0x000000fd62900000)]
  0x000002d01f693000 JavaThread "Unconstrained build operations Thread 34" [_thread_blocked, id=18036, stack(0x000000fd62900000,0x000000fd62a00000)]
  0x000002d01f693800 JavaThread "Unconstrained build operations Thread 35" [_thread_blocked, id=7660, stack(0x000000fd62a00000,0x000000fd62b00000)]
  0x000002d01f68e800 JavaThread "Unconstrained build operations Thread 36" [_thread_blocked, id=15896, stack(0x000000fd62b00000,0x000000fd62c00000)]
  0x000002d01f697000 JavaThread "Unconstrained build operations Thread 37" [_thread_blocked, id=14524, stack(0x000000fd62c00000,0x000000fd62d00000)]
  0x000002d01f696000 JavaThread "Unconstrained build operations Thread 38" [_thread_blocked, id=19320, stack(0x000000fd62d00000,0x000000fd62e00000)]
  0x000002d01f697800 JavaThread "Unconstrained build operations Thread 39" [_thread_blocked, id=1592, stack(0x000000fd62e00000,0x000000fd62f00000)]
  0x000002d01f69b000 JavaThread "Unconstrained build operations Thread 40" [_thread_blocked, id=6984, stack(0x000000fd62f00000,0x000000fd63000000)]
  0x000002d01f698800 JavaThread "Unconstrained build operations Thread 41" [_thread_blocked, id=15980, stack(0x000000fd63000000,0x000000fd63100000)]
  0x000002d01f69a000 JavaThread "Unconstrained build operations Thread 42" [_thread_blocked, id=16444, stack(0x000000fd63100000,0x000000fd63200000)]
  0x000002d01f695000 JavaThread "Unconstrained build operations Thread 43" [_thread_blocked, id=2792, stack(0x000000fd63200000,0x000000fd63300000)]
  0x000002d01f699800 JavaThread "Unconstrained build operations Thread 44" [_thread_blocked, id=2192, stack(0x000000fd63300000,0x000000fd63400000)]
  0x000002d01f69b800 JavaThread "Unconstrained build operations Thread 45" [_thread_blocked, id=17928, stack(0x000000fd63400000,0x000000fd63500000)]
  0x000002d01f69c800 JavaThread "Unconstrained build operations Thread 46" [_thread_blocked, id=16628, stack(0x000000fd63500000,0x000000fd63600000)]
  0x000002d01fb76000 JavaThread "Unconstrained build operations Thread 47" [_thread_blocked, id=16568, stack(0x000000fd63600000,0x000000fd63700000)]
  0x000002d01fb71000 JavaThread "Unconstrained build operations Thread 48" [_thread_blocked, id=3956, stack(0x000000fd63700000,0x000000fd63800000)]
  0x000002d01fb70800 JavaThread "Unconstrained build operations Thread 49" [_thread_blocked, id=11980, stack(0x000000fd63800000,0x000000fd63900000)]
  0x000002d01fb77800 JavaThread "Unconstrained build operations Thread 50" [_thread_blocked, id=12636, stack(0x000000fd63900000,0x000000fd63a00000)]
  0x000002d01fb72000 JavaThread "Unconstrained build operations Thread 51" [_thread_blocked, id=14912, stack(0x000000fd63a00000,0x000000fd63b00000)]
  0x000002d01fb74800 JavaThread "Unconstrained build operations Thread 52" [_thread_blocked, id=17032, stack(0x000000fd63b00000,0x000000fd63c00000)]
  0x000002d01fb77000 JavaThread "Unconstrained build operations Thread 53" [_thread_blocked, id=18244, stack(0x000000fd63c00000,0x000000fd63d00000)]
  0x000002d01fb72800 JavaThread "Unconstrained build operations Thread 54" [_thread_blocked, id=14728, stack(0x000000fd63d00000,0x000000fd63e00000)]
  0x000002d01fb73800 JavaThread "Unconstrained build operations Thread 55" [_thread_blocked, id=16280, stack(0x000000fd63e00000,0x000000fd63f00000)]
  0x000002d01fb75000 JavaThread "Unconstrained build operations Thread 56" [_thread_blocked, id=14704, stack(0x000000fd63f00000,0x000000fd64000000)]
  0x000002d01fb7b000 JavaThread "Unconstrained build operations Thread 57" [_thread_blocked, id=5224, stack(0x000000fd64000000,0x000000fd64100000)]
  0x000002d01fb7c800 JavaThread "Unconstrained build operations Thread 58" [_thread_blocked, id=9888, stack(0x000000fd64100000,0x000000fd64200000)]
  0x000002d01fb78800 JavaThread "Unconstrained build operations Thread 59" [_thread_blocked, id=8232, stack(0x000000fd64200000,0x000000fd64300000)]
  0x000002d01fb7b800 JavaThread "Unconstrained build operations Thread 60" [_thread_blocked, id=19384, stack(0x000000fd64300000,0x000000fd64400000)]
  0x000002d01fb7f000 JavaThread "jar transforms Thread 4" [_thread_blocked, id=8292, stack(0x000000fd64400000,0x000000fd64500000)]
  0x000002d01fb7d800 JavaThread "jar transforms Thread 5" [_thread_blocked, id=18068, stack(0x000000fd64500000,0x000000fd64600000)]
  0x000002d01fb7a000 JavaThread "jar transforms Thread 6" [_thread_blocked, id=2892, stack(0x000000fd64600000,0x000000fd64700000)]
  0x000002d01fb7e000 JavaThread "Memory manager" [_thread_blocked, id=8664, stack(0x000000fd64700000,0x000000fd64800000)]

Other Threads:
  0x000002d01a741800 VMThread "VM Thread" [stack: 0x000000fd5dd00000,0x000000fd5de00000] [id=8500]
  0x000002d01b211800 WatcherThread [stack: 0x000000fd5e700000,0x000000fd5e800000] [id=17660]
  0x000002d07c6f8000 GCTaskThread "GC Thread#0" [stack: 0x000000fd5d800000,0x000000fd5d900000] [id=10168]
  0x000002d01badc800 GCTaskThread "GC Thread#1" [stack: 0x000000fd5e800000,0x000000fd5e900000] [id=788]
  0x000002d01bf12800 GCTaskThread "GC Thread#2" [stack: 0x000000fd5ee00000,0x000000fd5ef00000] [id=16800]
  0x000002d01cbcf000 GCTaskThread "GC Thread#3" [stack: 0x000000fd5ef00000,0x000000fd5f000000] [id=13044]
  0x000002d01cbd0000 GCTaskThread "GC Thread#4" [stack: 0x000000fd5f000000,0x000000fd5f100000] [id=19280]
  0x000002d01cb21000 GCTaskThread "GC Thread#5" [stack: 0x000000fd5f100000,0x000000fd5f200000] [id=15760]
  0x000002d07c72a000 ConcurrentGCThread "G1 Main Marker" [stack: 0x000000fd5d900000,0x000000fd5da00000] [id=8060]
  0x000002d07c72c000 ConcurrentGCThread "G1 Conc#0" [stack: 0x000000fd5da00000,0x000000fd5db00000] [id=6888]
  0x000002d01cbbf800 ConcurrentGCThread "G1 Conc#1" [stack: 0x000000fd5fa00000,0x000000fd5fb00000] [id=12644]
  0x000002d07c7b2000 ConcurrentGCThread "G1 Refine#0" [stack: 0x000000fd5db00000,0x000000fd5dc00000] [id=6764]
  0x000002d07c7b3000 ConcurrentGCThread "G1 Young RemSet Sampling" [stack: 0x000000fd5dc00000,0x000000fd5dd00000] [id=2148]

Threads with active compile tasks:
C2 CompilerThread0   6739 5771       4       java.util.Arrays::binarySearch0 (95 bytes)
C1 CompilerThread0   6739 5872       2       java.math.BigInteger::<init> (404 bytes)

VM state:not at safepoint (normal execution)

VM Mutex/Monitor currently owned by a thread: None

Heap address: 0x0000000080000000, size: 2048 MB, Compressed Oops mode: 32-bit
Narrow klass base: 0x0000000000000000, Narrow klass shift: 3
Compressed class space size: 1073741824 Address: 0x0000000100000000

Heap:
 garbage-first heap   total 172032K, used 56106K [0x0000000080000000, 0x0000000100000000)
  region size 1024K, 10 young (10240K), 1 survivors (1024K)
 Metaspace       used 60161K, capacity 61656K, committed 61996K, reserved 1103872K
  class space    used 7673K, capacity 8229K, committed 8320K, reserved 1048576K
Heap Regions: E=young(eden), S=young(survivor), O=old, HS=humongous(starts), HC=humongous(continues), CS=collection set, F=free, A=archive, TAMS=top-at-mark-start (previous, next)
|   0|0x0000000080000000, 0x0000000080100000, 0x0000000080100000|100%| O|  |TAMS 0x0000000080100000, 0x0000000080000000| Untracked 
|   1|0x0000000080100000, 0x0000000080200000, 0x0000000080200000|100%| O|  |TAMS 0x0000000080200000, 0x0000000080100000| Untracked 
|   2|0x0000000080200000, 0x0000000080300000, 0x0000000080300000|100%| O|  |TAMS 0x0000000080300000, 0x0000000080200000| Untracked 
|   3|0x0000000080300000, 0x0000000080400000, 0x0000000080400000|100%|HS|  |TAMS 0x0000000080400000, 0x0000000080300000| Complete 
|   4|0x0000000080400000, 0x0000000080500000, 0x0000000080500000|100%|HC|  |TAMS 0x0000000080500000, 0x0000000080400000| Complete 
|   5|0x0000000080500000, 0x0000000080600000, 0x0000000080600000|100%|HC|  |TAMS 0x0000000080600000, 0x0000000080500000| Complete 
|   6|0x0000000080600000, 0x0000000080700000, 0x0000000080700000|100%| O|  |TAMS 0x0000000080700000, 0x0000000080600000| Untracked 
|   7|0x0000000080700000, 0x0000000080800000, 0x0000000080800000|100%| O|  |TAMS 0x0000000080800000, 0x0000000080700000| Untracked 
|   8|0x0000000080800000, 0x0000000080900000, 0x0000000080900000|100%| O|  |TAMS 0x0000000080900000, 0x0000000080800000| Untracked 
|   9|0x0000000080900000, 0x0000000080a00000, 0x0000000080a00000|100%| O|  |TAMS 0x0000000080a00000, 0x0000000080900000| Untracked 
|  10|0x0000000080a00000, 0x0000000080b00000, 0x0000000080b00000|100%| O|  |TAMS 0x0000000080b00000, 0x0000000080a00000| Untracked 
|  11|0x0000000080b00000, 0x0000000080c00000, 0x0000000080c00000|100%| O|  |TAMS 0x0000000080c00000, 0x0000000080b00000| Untracked 
|  12|0x0000000080c00000, 0x0000000080d00000, 0x0000000080d00000|100%| O|  |TAMS 0x0000000080d00000, 0x0000000080c00000| Untracked 
|  13|0x0000000080d00000, 0x0000000080e00000, 0x0000000080e00000|100%| O|  |TAMS 0x0000000080e00000, 0x0000000080d00000| Untracked 
|  14|0x0000000080e00000, 0x0000000080f00000, 0x0000000080f00000|100%| O|  |TAMS 0x0000000080f00000, 0x0000000080e00000| Untracked 
|  15|0x0000000080f00000, 0x0000000081000000, 0x0000000081000000|100%| O|  |TAMS 0x0000000081000000, 0x0000000080f00000| Untracked 
|  16|0x0000000081000000, 0x0000000081100000, 0x0000000081100000|100%| O|  |TAMS 0x0000000081100000, 0x0000000081000000| Untracked 
|  17|0x0000000081100000, 0x0000000081200000, 0x0000000081200000|100%|HS|  |TAMS 0x0000000081200000, 0x0000000081100000| Complete 
|  18|0x0000000081200000, 0x0000000081300000, 0x0000000081300000|100%| O|  |TAMS 0x0000000081300000, 0x0000000081200000| Untracked 
|  19|0x0000000081300000, 0x0000000081400000, 0x0000000081400000|100%| O|  |TAMS 0x0000000081400000, 0x0000000081300000| Untracked 
|  20|0x0000000081400000, 0x0000000081500000, 0x0000000081500000|100%| O|  |TAMS 0x0000000081500000, 0x0000000081400000| Untracked 
|  21|0x0000000081500000, 0x0000000081600000, 0x0000000081600000|100%| O|  |TAMS 0x0000000081600000, 0x0000000081500000| Untracked 
|  22|0x0000000081600000, 0x0000000081700000, 0x0000000081700000|100%| O|  |TAMS 0x0000000081700000, 0x0000000081600000| Untracked 
|  23|0x0000000081700000, 0x0000000081800000, 0x0000000081800000|100%| O|  |TAMS 0x0000000081800000, 0x0000000081700000| Untracked 
|  24|0x0000000081800000, 0x0000000081900000, 0x0000000081900000|100%| O|  |TAMS 0x0000000081900000, 0x0000000081800000| Untracked 
|  25|0x0000000081900000, 0x0000000081a00000, 0x0000000081a00000|100%| O|  |TAMS 0x0000000081a00000, 0x0000000081900000| Untracked 
|  26|0x0000000081a00000, 0x0000000081b00000, 0x0000000081b00000|100%| O|  |TAMS 0x0000000081b00000, 0x0000000081a00000| Untracked 
|  27|0x0000000081b00000, 0x0000000081c00000, 0x0000000081c00000|100%| O|  |TAMS 0x0000000081c00000, 0x0000000081b00000| Untracked 
|  28|0x0000000081c00000, 0x0000000081d00000, 0x0000000081d00000|100%|HS|  |TAMS 0x0000000081d00000, 0x0000000081c00000| Complete 
|  29|0x0000000081d00000, 0x0000000081e00000, 0x0000000081e00000|100%|HS|  |TAMS 0x0000000081e00000, 0x0000000081d00000| Complete 
|  30|0x0000000081e00000, 0x0000000081f00000, 0x0000000081f00000|100%|HC|  |TAMS 0x0000000081f00000, 0x0000000081e00000| Complete 
|  31|0x0000000081f00000, 0x0000000082000000, 0x0000000082000000|100%| O|  |TAMS 0x0000000082000000, 0x0000000081f00000| Untracked 
|  32|0x0000000082000000, 0x0000000082100000, 0x0000000082100000|100%| O|  |TAMS 0x0000000082100000, 0x0000000082000000| Untracked 
|  33|0x0000000082100000, 0x0000000082200000, 0x0000000082200000|100%| O|  |TAMS 0x0000000082200000, 0x0000000082100000| Untracked 
|  34|0x0000000082200000, 0x0000000082300000, 0x0000000082300000|100%| O|  |TAMS 0x0000000082300000, 0x0000000082200000| Untracked 
|  35|0x0000000082300000, 0x0000000082400000, 0x0000000082400000|100%| O|  |TAMS 0x0000000082400000, 0x0000000082300000| Untracked 
|  36|0x0000000082400000, 0x0000000082500000, 0x0000000082500000|100%| O|  |TAMS 0x0000000082500000, 0x0000000082400000| Untracked 
|  37|0x0000000082500000, 0x0000000082600000, 0x0000000082600000|100%| O|  |TAMS 0x0000000082600000, 0x0000000082500000| Untracked 
|  38|0x0000000082600000, 0x0000000082700000, 0x0000000082700000|100%| O|  |TAMS 0x0000000082700000, 0x0000000082600000| Untracked 
|  39|0x0000000082700000, 0x0000000082800000, 0x0000000082800000|100%| O|  |TAMS 0x0000000082800000, 0x0000000082700000| Untracked 
|  40|0x0000000082800000, 0x0000000082900000, 0x0000000082900000|100%| O|  |TAMS 0x0000000082900000, 0x0000000082800000| Untracked 
|  41|0x0000000082900000, 0x0000000082a00000, 0x0000000082a00000|100%| O|  |TAMS 0x0000000082a00000, 0x0000000082900000| Untracked 
|  42|0x0000000082a00000, 0x0000000082b00000, 0x0000000082b00000|100%| O|  |TAMS 0x0000000082b00000, 0x0000000082a00000| Untracked 
|  43|0x0000000082b00000, 0x0000000082c00000, 0x0000000082c00000|100%| O|  |TAMS 0x0000000082c00000, 0x0000000082b00000| Untracked 
|  44|0x0000000082c00000, 0x0000000082d00000, 0x0000000082d00000|100%| O|  |TAMS 0x0000000082d00000, 0x0000000082c00000| Untracked 
|  45|0x0000000082d00000, 0x0000000082df9400, 0x0000000082e00000| 97%| O|  |TAMS 0x0000000082df9400, 0x0000000082d00000| Untracked 
|  46|0x0000000082e00000, 0x0000000082e00000, 0x0000000082f00000|  0%| F|  |TAMS 0x0000000082e00000, 0x0000000082e00000| Untracked 
|  47|0x0000000082f00000, 0x0000000082f00000, 0x0000000083000000|  0%| F|  |TAMS 0x0000000082f00000, 0x0000000082f00000| Untracked 
|  48|0x0000000083000000, 0x0000000083000000, 0x0000000083100000|  0%| F|  |TAMS 0x0000000083000000, 0x0000000083000000| Untracked 
|  49|0x0000000083100000, 0x0000000083100000, 0x0000000083200000|  0%| F|  |TAMS 0x0000000083100000, 0x0000000083100000| Untracked 
|  50|0x0000000083200000, 0x0000000083200000, 0x0000000083300000|  0%| F|  |TAMS 0x0000000083200000, 0x0000000083200000| Untracked 
|  51|0x0000000083300000, 0x0000000083300000, 0x0000000083400000|  0%| F|  |TAMS 0x0000000083300000, 0x0000000083300000| Untracked 
|  52|0x0000000083400000, 0x0000000083400000, 0x0000000083500000|  0%| F|  |TAMS 0x0000000083400000, 0x0000000083400000| Untracked 
|  53|0x0000000083500000, 0x0000000083500000, 0x0000000083600000|  0%| F|  |TAMS 0x0000000083500000, 0x0000000083500000| Untracked 
|  54|0x0000000083600000, 0x0000000083600000, 0x0000000083700000|  0%| F|  |TAMS 0x0000000083600000, 0x0000000083600000| Untracked 
|  55|0x0000000083700000, 0x0000000083700000, 0x0000000083800000|  0%| F|  |TAMS 0x0000000083700000, 0x0000000083700000| Untracked 
|  56|0x0000000083800000, 0x0000000083800000, 0x0000000083900000|  0%| F|  |TAMS 0x0000000083800000, 0x0000000083800000| Untracked 
|  57|0x0000000083900000, 0x0000000083900000, 0x0000000083a00000|  0%| F|  |TAMS 0x0000000083900000, 0x0000000083900000| Untracked 
|  58|0x0000000083a00000, 0x0000000083a00000, 0x0000000083b00000|  0%| F|  |TAMS 0x0000000083a00000, 0x0000000083a00000| Untracked 
|  59|0x0000000083b00000, 0x0000000083b00000, 0x0000000083c00000|  0%| F|  |TAMS 0x0000000083b00000, 0x0000000083b00000| Untracked 
|  60|0x0000000083c00000, 0x0000000083c00000, 0x0000000083d00000|  0%| F|  |TAMS 0x0000000083c00000, 0x0000000083c00000| Untracked 
|  61|0x0000000083d00000, 0x0000000083d00000, 0x0000000083e00000|  0%| F|  |TAMS 0x0000000083d00000, 0x0000000083d00000| Untracked 
|  62|0x0000000083e00000, 0x0000000083e00000, 0x0000000083f00000|  0%| F|  |TAMS 0x0000000083e00000, 0x0000000083e00000| Untracked 
|  63|0x0000000083f00000, 0x0000000083f00000, 0x0000000084000000|  0%| F|  |TAMS 0x0000000083f00000, 0x0000000083f00000| Untracked 
|  64|0x0000000084000000, 0x0000000084000000, 0x0000000084100000|  0%| F|  |TAMS 0x0000000084000000, 0x0000000084000000| Untracked 
|  65|0x0000000084100000, 0x0000000084100000, 0x0000000084200000|  0%| F|  |TAMS 0x0000000084100000, 0x0000000084100000| Untracked 
|  66|0x0000000084200000, 0x0000000084200000, 0x0000000084300000|  0%| F|  |TAMS 0x0000000084200000, 0x0000000084200000| Untracked 
|  67|0x0000000084300000, 0x0000000084300000, 0x0000000084400000|  0%| F|  |TAMS 0x0000000084300000, 0x0000000084300000| Untracked 
|  68|0x0000000084400000, 0x0000000084400000, 0x0000000084500000|  0%| F|  |TAMS 0x0000000084400000, 0x0000000084400000| Untracked 
|  69|0x0000000084500000, 0x0000000084500000, 0x0000000084600000|  0%| F|  |TAMS 0x0000000084500000, 0x0000000084500000| Untracked 
|  70|0x0000000084600000, 0x0000000084600000, 0x0000000084700000|  0%| F|  |TAMS 0x0000000084600000, 0x0000000084600000| Untracked 
|  71|0x0000000084700000, 0x0000000084700000, 0x0000000084800000|  0%| F|  |TAMS 0x0000000084700000, 0x0000000084700000| Untracked 
|  72|0x0000000084800000, 0x0000000084800000, 0x0000000084900000|  0%| F|  |TAMS 0x0000000084800000, 0x0000000084800000| Untracked 
|  73|0x0000000084900000, 0x0000000084900000, 0x0000000084a00000|  0%| F|  |TAMS 0x0000000084900000, 0x0000000084900000| Untracked 
|  74|0x0000000084a00000, 0x0000000084a00000, 0x0000000084b00000|  0%| F|  |TAMS 0x0000000084a00000, 0x0000000084a00000| Untracked 
|  75|0x0000000084b00000, 0x0000000084b00000, 0x0000000084c00000|  0%| F|  |TAMS 0x0000000084b00000, 0x0000000084b00000| Untracked 
|  76|0x0000000084c00000, 0x0000000084c00000, 0x0000000084d00000|  0%| F|  |TAMS 0x0000000084c00000, 0x0000000084c00000| Untracked 
|  77|0x0000000084d00000, 0x0000000084d00000, 0x0000000084e00000|  0%| F|  |TAMS 0x0000000084d00000, 0x0000000084d00000| Untracked 
|  78|0x0000000084e00000, 0x0000000084e00000, 0x0000000084f00000|  0%| F|  |TAMS 0x0000000084e00000, 0x0000000084e00000| Untracked 
|  79|0x0000000084f00000, 0x0000000084f00000, 0x0000000085000000|  0%| F|  |TAMS 0x0000000084f00000, 0x0000000084f00000| Untracked 
|  80|0x0000000085000000, 0x0000000085000000, 0x0000000085100000|  0%| F|  |TAMS 0x0000000085000000, 0x0000000085000000| Untracked 
|  81|0x0000000085100000, 0x0000000085100000, 0x0000000085200000|  0%| F|  |TAMS 0x0000000085100000, 0x0000000085100000| Untracked 
|  82|0x0000000085200000, 0x0000000085200000, 0x0000000085300000|  0%| F|  |TAMS 0x0000000085200000, 0x0000000085200000| Untracked 
|  83|0x0000000085300000, 0x0000000085300000, 0x0000000085400000|  0%| F|  |TAMS 0x0000000085300000, 0x0000000085300000| Untracked 
|  84|0x0000000085400000, 0x0000000085400000, 0x0000000085500000|  0%| F|  |TAMS 0x0000000085400000, 0x0000000085400000| Untracked 
|  85|0x0000000085500000, 0x0000000085500000, 0x0000000085600000|  0%| F|  |TAMS 0x0000000085500000, 0x0000000085500000| Untracked 
|  86|0x0000000085600000, 0x0000000085600000, 0x0000000085700000|  0%| F|  |TAMS 0x0000000085600000, 0x0000000085600000| Untracked 
|  87|0x0000000085700000, 0x0000000085700000, 0x0000000085800000|  0%| F|  |TAMS 0x0000000085700000, 0x0000000085700000| Untracked 
|  88|0x0000000085800000, 0x0000000085800000, 0x0000000085900000|  0%| F|  |TAMS 0x0000000085800000, 0x0000000085800000| Untracked 
|  89|0x0000000085900000, 0x0000000085900000, 0x0000000085a00000|  0%| F|  |TAMS 0x0000000085900000, 0x0000000085900000| Untracked 
|  90|0x0000000085a00000, 0x0000000085a00000, 0x0000000085b00000|  0%| F|  |TAMS 0x0000000085a00000, 0x0000000085a00000| Untracked 
|  91|0x0000000085b00000, 0x0000000085b00000, 0x0000000085c00000|  0%| F|  |TAMS 0x0000000085b00000, 0x0000000085b00000| Untracked 
|  92|0x0000000085c00000, 0x0000000085c00000, 0x0000000085d00000|  0%| F|  |TAMS 0x0000000085c00000, 0x0000000085c00000| Untracked 
|  93|0x0000000085d00000, 0x0000000085d00000, 0x0000000085e00000|  0%| F|  |TAMS 0x0000000085d00000, 0x0000000085d00000| Untracked 
|  94|0x0000000085e00000, 0x0000000085e00000, 0x0000000085f00000|  0%| F|  |TAMS 0x0000000085e00000, 0x0000000085e00000| Untracked 
|  95|0x0000000085f00000, 0x0000000085f00000, 0x0000000086000000|  0%| F|  |TAMS 0x0000000085f00000, 0x0000000085f00000| Untracked 
|  96|0x0000000086000000, 0x0000000086000000, 0x0000000086100000|  0%| F|  |TAMS 0x0000000086000000, 0x0000000086000000| Untracked 
|  97|0x0000000086100000, 0x0000000086100000, 0x0000000086200000|  0%| F|  |TAMS 0x0000000086100000, 0x0000000086100000| Untracked 
|  98|0x0000000086200000, 0x0000000086200000, 0x0000000086300000|  0%| F|  |TAMS 0x0000000086200000, 0x0000000086200000| Untracked 
|  99|0x0000000086300000, 0x0000000086300000, 0x0000000086400000|  0%| F|  |TAMS 0x0000000086300000, 0x0000000086300000| Untracked 
| 100|0x0000000086400000, 0x0000000086400000, 0x0000000086500000|  0%| F|  |TAMS 0x0000000086400000, 0x0000000086400000| Untracked 
| 101|0x0000000086500000, 0x0000000086500000, 0x0000000086600000|  0%| F|  |TAMS 0x0000000086500000, 0x0000000086500000| Untracked 
| 102|0x0000000086600000, 0x0000000086600000, 0x0000000086700000|  0%| F|  |TAMS 0x0000000086600000, 0x0000000086600000| Untracked 
| 103|0x0000000086700000, 0x0000000086700000, 0x0000000086800000|  0%| F|  |TAMS 0x0000000086700000, 0x0000000086700000| Untracked 
| 104|0x0000000086800000, 0x0000000086800000, 0x0000000086900000|  0%| F|  |TAMS 0x0000000086800000, 0x0000000086800000| Untracked 
| 105|0x0000000086900000, 0x0000000086900000, 0x0000000086a00000|  0%| F|  |TAMS 0x0000000086900000, 0x0000000086900000| Untracked 
| 106|0x0000000086a00000, 0x0000000086a00000, 0x0000000086b00000|  0%| F|  |TAMS 0x0000000086a00000, 0x0000000086a00000| Untracked 
| 107|0x0000000086b00000, 0x0000000086b00000, 0x0000000086c00000|  0%| F|  |TAMS 0x0000000086b00000, 0x0000000086b00000| Untracked 
| 108|0x0000000086c00000, 0x0000000086c00000, 0x0000000086d00000|  0%| F|  |TAMS 0x0000000086c00000, 0x0000000086c00000| Untracked 
| 109|0x0000000086d00000, 0x0000000086d00000, 0x0000000086e00000|  0%| F|  |TAMS 0x0000000086d00000, 0x0000000086d00000| Untracked 
| 110|0x0000000086e00000, 0x0000000086e00000, 0x0000000086f00000|  0%| F|  |TAMS 0x0000000086e00000, 0x0000000086e00000| Untracked 
| 111|0x0000000086f00000, 0x0000000086f00000, 0x0000000087000000|  0%| F|  |TAMS 0x0000000086f00000, 0x0000000086f00000| Untracked 
| 112|0x0000000087000000, 0x0000000087000000, 0x0000000087100000|  0%| F|  |TAMS 0x0000000087000000, 0x0000000087000000| Untracked 
| 113|0x0000000087100000, 0x0000000087100000, 0x0000000087200000|  0%| F|  |TAMS 0x0000000087100000, 0x0000000087100000| Untracked 
| 114|0x0000000087200000, 0x0000000087200000, 0x0000000087300000|  0%| F|  |TAMS 0x0000000087200000, 0x0000000087200000| Untracked 
| 115|0x0000000087300000, 0x0000000087300000, 0x0000000087400000|  0%| F|  |TAMS 0x0000000087300000, 0x0000000087300000| Untracked 
| 116|0x0000000087400000, 0x0000000087400000, 0x0000000087500000|  0%| F|  |TAMS 0x0000000087400000, 0x0000000087400000| Untracked 
| 117|0x0000000087500000, 0x0000000087500000, 0x0000000087600000|  0%| F|  |TAMS 0x0000000087500000, 0x0000000087500000| Untracked 
| 118|0x0000000087600000, 0x0000000087600000, 0x0000000087700000|  0%| F|  |TAMS 0x0000000087600000, 0x0000000087600000| Untracked 
| 119|0x0000000087700000, 0x0000000087700000, 0x0000000087800000|  0%| F|  |TAMS 0x0000000087700000, 0x0000000087700000| Untracked 
| 120|0x0000000087800000, 0x0000000087800000, 0x0000000087900000|  0%| F|  |TAMS 0x0000000087800000, 0x0000000087800000| Untracked 
| 121|0x0000000087900000, 0x0000000087900000, 0x0000000087a00000|  0%| F|  |TAMS 0x0000000087900000, 0x0000000087900000| Untracked 
| 122|0x0000000087a00000, 0x0000000087a00000, 0x0000000087b00000|  0%| F|  |TAMS 0x0000000087a00000, 0x0000000087a00000| Untracked 
| 123|0x0000000087b00000, 0x0000000087bd14c0, 0x0000000087c00000| 81%| S|CS|TAMS 0x0000000087b00000, 0x0000000087b00000| Complete 
| 124|0x0000000087c00000, 0x0000000087c00000, 0x0000000087d00000|  0%| F|  |TAMS 0x0000000087c00000, 0x0000000087c00000| Untracked 
| 125|0x0000000087d00000, 0x0000000087d00000, 0x0000000087e00000|  0%| F|  |TAMS 0x0000000087d00000, 0x0000000087d00000| Untracked 
| 126|0x0000000087e00000, 0x0000000087e00000, 0x0000000087f00000|  0%| F|  |TAMS 0x0000000087e00000, 0x0000000087e00000| Untracked 
| 127|0x0000000087f00000, 0x0000000087f00000, 0x0000000088000000|  0%| F|  |TAMS 0x0000000087f00000, 0x0000000087f00000| Untracked 
| 128|0x0000000088000000, 0x0000000088000000, 0x0000000088100000|  0%| F|  |TAMS 0x0000000088000000, 0x0000000088000000| Untracked 
| 129|0x0000000088100000, 0x0000000088100000, 0x0000000088200000|  0%| F|  |TAMS 0x0000000088100000, 0x0000000088100000| Untracked 
| 130|0x0000000088200000, 0x0000000088200000, 0x0000000088300000|  0%| F|  |TAMS 0x0000000088200000, 0x0000000088200000| Untracked 
| 131|0x0000000088300000, 0x0000000088300000, 0x0000000088400000|  0%| F|  |TAMS 0x0000000088300000, 0x0000000088300000| Untracked 
| 132|0x0000000088400000, 0x0000000088400000, 0x0000000088500000|  0%| F|  |TAMS 0x0000000088400000, 0x0000000088400000| Untracked 
| 133|0x0000000088500000, 0x0000000088500000, 0x0000000088600000|  0%| F|  |TAMS 0x0000000088500000, 0x0000000088500000| Untracked 
| 134|0x0000000088600000, 0x0000000088600000, 0x0000000088700000|  0%| F|  |TAMS 0x0000000088600000, 0x0000000088600000| Untracked 
| 135|0x0000000088700000, 0x0000000088700000, 0x0000000088800000|  0%| F|  |TAMS 0x0000000088700000, 0x0000000088700000| Untracked 
| 136|0x0000000088800000, 0x0000000088800000, 0x0000000088900000|  0%| F|  |TAMS 0x0000000088800000, 0x0000000088800000| Untracked 
| 137|0x0000000088900000, 0x0000000088900000, 0x0000000088a00000|  0%| F|  |TAMS 0x0000000088900000, 0x0000000088900000| Untracked 
| 138|0x0000000088a00000, 0x0000000088a00000, 0x0000000088b00000|  0%| F|  |TAMS 0x0000000088a00000, 0x0000000088a00000| Untracked 
| 139|0x0000000088b00000, 0x0000000088b00000, 0x0000000088c00000|  0%| F|  |TAMS 0x0000000088b00000, 0x0000000088b00000| Untracked 
| 140|0x0000000088c00000, 0x0000000088c00000, 0x0000000088d00000|  0%| F|  |TAMS 0x0000000088c00000, 0x0000000088c00000| Untracked 
| 141|0x0000000088d00000, 0x0000000088d00000, 0x0000000088e00000|  0%| F|  |TAMS 0x0000000088d00000, 0x0000000088d00000| Untracked 
| 142|0x0000000088e00000, 0x0000000088e00000, 0x0000000088f00000|  0%| F|  |TAMS 0x0000000088e00000, 0x0000000088e00000| Untracked 
| 143|0x0000000088f00000, 0x0000000088f00000, 0x0000000089000000|  0%| F|  |TAMS 0x0000000088f00000, 0x0000000088f00000| Untracked 
| 144|0x0000000089000000, 0x0000000089000000, 0x0000000089100000|  0%| F|  |TAMS 0x0000000089000000, 0x0000000089000000| Untracked 
| 145|0x0000000089100000, 0x0000000089100000, 0x0000000089200000|  0%| F|  |TAMS 0x0000000089100000, 0x0000000089100000| Untracked 
| 146|0x0000000089200000, 0x0000000089200000, 0x0000000089300000|  0%| F|  |TAMS 0x0000000089200000, 0x0000000089200000| Untracked 
| 147|0x0000000089300000, 0x0000000089300000, 0x0000000089400000|  0%| F|  |TAMS 0x0000000089300000, 0x0000000089300000| Untracked 
| 148|0x0000000089400000, 0x0000000089400000, 0x0000000089500000|  0%| F|  |TAMS 0x0000000089400000, 0x0000000089400000| Untracked 
| 149|0x0000000089500000, 0x0000000089500000, 0x0000000089600000|  0%| F|  |TAMS 0x0000000089500000, 0x0000000089500000| Untracked 
| 150|0x0000000089600000, 0x0000000089600000, 0x0000000089700000|  0%| F|  |TAMS 0x0000000089600000, 0x0000000089600000| Untracked 
| 151|0x0000000089700000, 0x0000000089700000, 0x0000000089800000|  0%| F|  |TAMS 0x0000000089700000, 0x0000000089700000| Untracked 
| 152|0x0000000089800000, 0x0000000089800000, 0x0000000089900000|  0%| F|  |TAMS 0x0000000089800000, 0x0000000089800000| Untracked 
| 153|0x0000000089900000, 0x0000000089900000, 0x0000000089a00000|  0%| F|  |TAMS 0x0000000089900000, 0x0000000089900000| Untracked 
| 154|0x0000000089a00000, 0x0000000089a00000, 0x0000000089b00000|  0%| F|  |TAMS 0x0000000089a00000, 0x0000000089a00000| Untracked 
| 155|0x0000000089b00000, 0x0000000089b00000, 0x0000000089c00000|  0%| F|  |TAMS 0x0000000089b00000, 0x0000000089b00000| Untracked 
| 156|0x0000000089c00000, 0x0000000089c00000, 0x0000000089d00000|  0%| F|  |TAMS 0x0000000089c00000, 0x0000000089c00000| Untracked 
| 157|0x0000000089d00000, 0x0000000089d00000, 0x0000000089e00000|  0%| F|  |TAMS 0x0000000089d00000, 0x0000000089d00000| Untracked 
| 158|0x0000000089e00000, 0x0000000089e80e38, 0x0000000089f00000| 50%| E|  |TAMS 0x0000000089e00000, 0x0000000089e00000| Complete 
| 159|0x0000000089f00000, 0x000000008a000000, 0x000000008a000000|100%| E|CS|TAMS 0x0000000089f00000, 0x0000000089f00000| Complete 
| 160|0x000000008a000000, 0x000000008a100000, 0x000000008a100000|100%| E|CS|TAMS 0x000000008a000000, 0x000000008a000000| Complete 
| 161|0x000000008a100000, 0x000000008a200000, 0x000000008a200000|100%| E|CS|TAMS 0x000000008a100000, 0x000000008a100000| Complete 
| 162|0x000000008a200000, 0x000000008a300000, 0x000000008a300000|100%| E|CS|TAMS 0x000000008a200000, 0x000000008a200000| Complete 
| 163|0x000000008a300000, 0x000000008a400000, 0x000000008a400000|100%| E|CS|TAMS 0x000000008a300000, 0x000000008a300000| Complete 
| 164|0x000000008a400000, 0x000000008a500000, 0x000000008a500000|100%| E|CS|TAMS 0x000000008a400000, 0x000000008a400000| Complete 
| 165|0x000000008a500000, 0x000000008a600000, 0x000000008a600000|100%| E|CS|TAMS 0x000000008a500000, 0x000000008a500000| Complete 
| 166|0x000000008a600000, 0x000000008a700000, 0x000000008a700000|100%| E|CS|TAMS 0x000000008a600000, 0x000000008a600000| Complete 
| 167|0x000000008a700000, 0x000000008a800000, 0x000000008a800000|100%| E|CS|TAMS 0x000000008a700000, 0x000000008a700000| Complete 

Card table byte_map: [0x000002d0136b0000,0x000002d013ab0000] _byte_map_base: 0x000002d0132b0000

Marking Bits (Prev, Next): (CMBitMap*) 0x000002d07c7214a0, (CMBitMap*) 0x000002d07c721468
 Prev Bits: [0x000002d015eb0000, 0x000002d017eb0000)
 Next Bits: [0x000002d013eb0000, 0x000002d015eb0000)

Polling page: 0x000002d000000000

Metaspace:

Usage:
  Non-class:     52.17 MB capacity,    51.29 MB ( 98%) used,   744.67 KB (  1%) free+waste,   157.13 KB ( <1%) overhead. 
      Class:      8.04 MB capacity,     7.50 MB ( 93%) used,   476.86 KB (  6%) free+waste,    74.63 KB ( <1%) overhead. 
       Both:     60.21 MB capacity,    58.79 MB ( 98%) used,     1.19 MB (  2%) free+waste,   231.75 KB ( <1%) overhead. 

Virtual space:
  Non-class space:       54.00 MB reserved,      52.42 MB ( 97%) committed 
      Class space:        1.00 GB reserved,       8.13 MB ( <1%) committed 
             Both:        1.05 GB reserved,      60.54 MB (  6%) committed 

Chunk freelists:
   Non-Class:  57.00 KB
       Class:  27.00 KB
        Both:  84.00 KB

MaxMetaspaceSize: 17179869184.00 GB
CompressedClassSpaceSize: 1.00 GB
Initial GC threshold: 20.80 MB
Current GC threshold: 98.61 MB
CDS: off

CodeHeap 'non-profiled nmethods': size=120064Kb used=2647Kb max_used=2647Kb free=117417Kb
 bounds [0x000002d00b510000, 0x000002d00b7b0000, 0x000002d012a50000]
CodeHeap 'profiled nmethods': size=120000Kb used=12030Kb max_used=12030Kb free=107969Kb
 bounds [0x000002d003fe0000, 0x000002d004ba0000, 0x000002d00b510000]
CodeHeap 'non-nmethods': size=5696Kb used=2334Kb max_used=2363Kb free=3361Kb
 bounds [0x000002d003a50000, 0x000002d003cc0000, 0x000002d003fe0000]
 total_blobs=6675 nmethods=5838 adapters=749
 compilation: enabled
              stopped_count=0, restarted_count=0
 full_count=0

Compilation events (20 events):
Event: 6.702 Thread 0x000002d01a78a000 5844       3       java.util.jar.Manifest::parseName (84 bytes)
Event: 6.702 Thread 0x000002d01a78a000 nmethod 5844 0x000002d004b90a90 code [0x000002d004b90ca0, 0x000002d004b91428]
Event: 6.706 Thread 0x000002d01a78a000 5846  s    3       java.io.ByteArrayOutputStream::toByteArray (12 bytes)
Event: 6.706 Thread 0x000002d01a78a000 nmethod 5846 0x000002d004b91610 code [0x000002d004b917e0, 0x000002d004b91ca8]
Event: 6.706 Thread 0x000002d01a78a000 5847       3       sun.security.util.ManifestDigester::findSection (180 bytes)
Event: 6.707 Thread 0x000002d01a78a000 nmethod 5847 0x000002d004b91e10 code [0x000002d004b91fe0, 0x000002d004b92478]
Event: 6.707 Thread 0x000002d01a78a000 5848       3       java.lang.String::<init> (10 bytes)
Event: 6.707 Thread 0x000002d01a78a000 nmethod 5848 0x000002d004b92610 code [0x000002d004b927c0, 0x000002d004b92908]
Event: 6.707 Thread 0x000002d01a78a000 5849       3       sun.security.util.ManifestDigester$Entry::<init> (16 bytes)
Event: 6.707 Thread 0x000002d01a78a000 nmethod 5849 0x000002d004b92a10 code [0x000002d004b92c00, 0x000002d004b92ff8]
Event: 6.707 Thread 0x000002d01a78a000 5850       3       sun.security.util.ManifestDigester$Section::<init> (26 bytes)
Event: 6.707 Thread 0x000002d01a78a000 nmethod 5850 0x000002d004b93190 code [0x000002d004b93340, 0x000002d004b934f8]
Event: 6.707 Thread 0x000002d01a78a000 5851       3       sun.security.util.ManifestDigester$Entry::addSection (13 bytes)
Event: 6.707 Thread 0x000002d01a78a000 nmethod 5851 0x000002d004b93590 code [0x000002d004b93740, 0x000002d004b93908]
Event: 6.707 Thread 0x000002d01a78a000 5852       3       sun.security.util.ManifestDigester::isNameAttr (102 bytes)
Event: 6.708 Thread 0x000002d01a78a000 nmethod 5852 0x000002d004b93a10 code [0x000002d004b93be0, 0x000002d004b94038]
Event: 6.708 Thread 0x000002d01a78a000 5853       3       sun.security.util.ManifestDigester$$Lambda$654/0x00000001007ef840::apply (8 bytes)
Event: 6.708 Thread 0x000002d01a78a000 nmethod 5853 0x000002d004b94190 code [0x000002d004b943a0, 0x000002d004b94998]
Event: 6.708 Thread 0x000002d01a78a000 5854       3       sun.security.util.ManifestDigester::lambda$new$0 (8 bytes)
Event: 6.708 Thread 0x000002d01a78a000 nmethod 5854 0x000002d004b94b90 code [0x000002d004b94d80, 0x000002d004b95218]

GC Heap History (20 events):
Event: 1.603 GC heap before
{Heap before GC invocations=2 (full 0):
 garbage-first heap   total 118784K, used 58035K [0x0000000080000000, 0x0000000100000000)
  region size 1024K, 48 young (49152K), 1 survivors (1024K)
 Metaspace       used 16717K, capacity 17178K, committed 17536K, reserved 1064960K
  class space    used 1937K, capacity 2068K, committed 2176K, reserved 1048576K
}
Event: 1.607 GC heap after
{Heap after GC invocations=3 (full 0):
 garbage-first heap   total 118784K, used 15939K [0x0000000080000000, 0x0000000100000000)
  region size 1024K, 6 young (6144K), 6 survivors (6144K)
 Metaspace       used 16717K, capacity 17178K, committed 17536K, reserved 1064960K
  class space    used 1937K, capacity 2068K, committed 2176K, reserved 1048576K
}
Event: 1.995 GC heap before
{Heap before GC invocations=3 (full 0):
 garbage-first heap   total 118784K, used 51779K [0x0000000080000000, 0x0000000100000000)
  region size 1024K, 42 young (43008K), 6 survivors (6144K)
 Metaspace       used 20643K, capacity 21085K, committed 21248K, reserved 1067008K
  class space    used 2545K, capacity 2712K, committed 2816K, reserved 1048576K
}
Event: 2.000 GC heap after
{Heap after GC invocations=4 (full 0):
 garbage-first heap   total 118784K, used 17760K [0x0000000080000000, 0x0000000100000000)
  region size 1024K, 2 young (2048K), 2 survivors (2048K)
 Metaspace       used 20643K, capacity 21085K, committed 21248K, reserved 1067008K
  class space    used 2545K, capacity 2712K, committed 2816K, reserved 1048576K
}
Event: 2.474 GC heap before
{Heap before GC invocations=5 (full 0):
 garbage-first heap   total 118784K, used 66912K [0x0000000080000000, 0x0000000100000000)
  region size 1024K, 50 young (51200K), 2 survivors (2048K)
 Metaspace       used 25741K, capacity 26369K, committed 26624K, reserved 1073152K
  class space    used 3334K, capacity 3521K, committed 3584K, reserved 1048576K
}
Event: 2.477 GC heap after
{Heap after GC invocations=6 (full 0):
 garbage-first heap   total 118784K, used 19382K [0x0000000080000000, 0x0000000100000000)
  region size 1024K, 4 young (4096K), 4 survivors (4096K)
 Metaspace       used 25741K, capacity 26369K, committed 26624K, reserved 1073152K
  class space    used 3334K, capacity 3521K, committed 3584K, reserved 1048576K
}
Event: 2.961 GC heap before
{Heap before GC invocations=6 (full 0):
 garbage-first heap   total 118784K, used 71606K [0x0000000080000000, 0x0000000100000000)
  region size 1024K, 55 young (56320K), 4 survivors (4096K)
 Metaspace       used 31084K, capacity 31828K, committed 32128K, reserved 1077248K
  class space    used 4164K, capacity 4411K, committed 4480K, reserved 1048576K
}
Event: 2.965 GC heap after
{Heap after GC invocations=7 (full 0):
 garbage-first heap   total 118784K, used 20944K [0x0000000080000000, 0x0000000100000000)
  region size 1024K, 5 young (5120K), 5 survivors (5120K)
 Metaspace       used 31084K, capacity 31828K, committed 32128K, reserved 1077248K
  class space    used 4164K, capacity 4411K, committed 4480K, reserved 1048576K
}
Event: 3.173 GC heap before
{Heap before GC invocations=7 (full 0):
 garbage-first heap   total 118784K, used 31184K [0x0000000080000000, 0x0000000100000000)
  region size 1024K, 16 young (16384K), 5 survivors (5120K)
 Metaspace       used 34908K, capacity 35662K, committed 35840K, reserved 1081344K
  class space    used 4534K, capacity 4839K, committed 4864K, reserved 1048576K
}
Event: 3.180 GC heap after
{Heap after GC invocations=8 (full 0):
 garbage-first heap   total 143360K, used 22928K [0x0000000080000000, 0x0000000100000000)
  region size 1024K, 6 young (6144K), 6 survivors (6144K)
 Metaspace       used 34908K, capacity 35662K, committed 35840K, reserved 1081344K
  class space    used 4534K, capacity 4839K, committed 4864K, reserved 1048576K
}
Event: 3.685 GC heap before
{Heap before GC invocations=9 (full 0):
 garbage-first heap   total 143360K, used 87440K [0x0000000080000000, 0x0000000100000000)
  region size 1024K, 67 young (68608K), 6 survivors (6144K)
 Metaspace       used 39821K, capacity 40718K, committed 40832K, reserved 1085440K
  class space    used 5107K, capacity 5433K, committed 5504K, reserved 1048576K
}
Event: 3.693 GC heap after
{Heap after GC invocations=10 (full 0):
 garbage-first heap   total 143360K, used 28153K [0x0000000080000000, 0x0000000100000000)
  region size 1024K, 9 young (9216K), 9 survivors (9216K)
 Metaspace       used 39821K, capacity 40718K, committed 40832K, reserved 1085440K
  class space    used 5107K, capacity 5433K, committed 5504K, reserved 1048576K
}
Event: 4.252 GC heap before
{Heap before GC invocations=10 (full 0):
 garbage-first heap   total 143360K, used 93689K [0x0000000080000000, 0x0000000100000000)
  region size 1024K, 72 young (73728K), 9 survivors (9216K)
 Metaspace       used 45210K, capacity 46327K, committed 46464K, reserved 1089536K
  class space    used 5828K, capacity 6207K, committed 6272K, reserved 1048576K
}
Event: 4.260 GC heap after
{Heap after GC invocations=11 (full 0):
 garbage-first heap   total 143360K, used 31036K [0x0000000080000000, 0x0000000100000000)
  region size 1024K, 4 young (4096K), 4 survivors (4096K)
 Metaspace       used 45210K, capacity 46327K, committed 46464K, reserved 1089536K
  class space    used 5828K, capacity 6207K, committed 6272K, reserved 1048576K
}
Event: 5.501 GC heap before
{Heap before GC invocations=11 (full 0):
 garbage-first heap   total 143360K, used 100668K [0x0000000080000000, 0x0000000100000000)
  region size 1024K, 71 young (72704K), 4 survivors (4096K)
 Metaspace       used 48532K, capacity 49856K, committed 49920K, reserved 1093632K
  class space    used 6212K, capacity 6634K, committed 6656K, reserved 1048576K
}
Event: 5.506 GC heap after
{Heap after GC invocations=12 (full 0):
 garbage-first heap   total 143360K, used 38522K [0x0000000080000000, 0x0000000100000000)
  region size 1024K, 9 young (9216K), 9 survivors (9216K)
 Metaspace       used 48532K, capacity 49856K, committed 49920K, reserved 1093632K
  class space    used 6212K, capacity 6634K, committed 6656K, reserved 1048576K
}
Event: 6.352 GC heap before
{Heap before GC invocations=12 (full 0):
 garbage-first heap   total 143360K, used 104058K [0x0000000080000000, 0x0000000100000000)
  region size 1024K, 72 young (73728K), 9 survivors (9216K)
 Metaspace       used 55976K, capacity 57448K, committed 57600K, reserved 1099776K
  class space    used 7139K, capacity 7639K, committed 7680K, reserved 1048576K
}
Event: 6.361 GC heap after
{Heap after GC invocations=13 (full 0):
 garbage-first heap   total 143360K, used 47394K [0x0000000080000000, 0x0000000100000000)
  region size 1024K, 7 young (7168K), 7 survivors (7168K)
 Metaspace       used 55976K, capacity 57448K, committed 57600K, reserved 1099776K
  class space    used 7139K, capacity 7639K, committed 7680K, reserved 1048576K
}
Event: 6.577 GC heap before
{Heap before GC invocations=13 (full 0):
 garbage-first heap   total 143360K, used 62754K [0x0000000080000000, 0x0000000100000000)
  region size 1024K, 23 young (23552K), 7 survivors (7168K)
 Metaspace       used 58312K, capacity 59821K, committed 59948K, reserved 1101824K
  class space    used 7441K, capacity 8000K, committed 8064K, reserved 1048576K
}
Event: 6.584 GC heap after
{Heap after GC invocations=14 (full 0):
 garbage-first heap   total 172032K, used 47914K [0x0000000080000000, 0x0000000100000000)
  region size 1024K, 1 young (1024K), 1 survivors (1024K)
 Metaspace       used 58312K, capacity 59821K, committed 59948K, reserved 1101824K
  class space    used 7441K, capacity 8000K, committed 8064K, reserved 1048576K
}

Deoptimization events (20 events):
Event: 6.206 Thread 0x000002d01d2b7800 DEOPT PACKING pc=0x000002d004263897 sp=0x000000fd5f3f6480
Event: 6.206 Thread 0x000002d01d2b7800 DEOPT UNPACKING pc=0x000002d003a9a95e sp=0x000000fd5f3f5a08 mode 0
Event: 6.206 Thread 0x000002d01d2b7800 DEOPT PACKING pc=0x000002d004263897 sp=0x000000fd5f3f6480
Event: 6.206 Thread 0x000002d01d2b7800 DEOPT UNPACKING pc=0x000002d003a9a95e sp=0x000000fd5f3f5a08 mode 0
Event: 6.361 Thread 0x000002d01b1fa800 Uncommon trap: trap_request=0xffffffde fr.pc=0x000002d00b628f6c relative=0x000000000000052c
Event: 6.361 Thread 0x000002d01b1fa800 Uncommon trap: reason=class_check action=maybe_recompile pc=0x000002d00b628f6c method=jdk.internal.ref.PhantomCleanable.clean()V @ 12 c2
Event: 6.361 Thread 0x000002d01b1fa800 DEOPT PACKING pc=0x000002d00b628f6c sp=0x000000fd5e6fec50
Event: 6.361 Thread 0x000002d01b1fa800 DEOPT UNPACKING pc=0x000002d003a9a1af sp=0x000000fd5e6fec30 mode 2
Event: 6.598 Thread 0x000002d01d2b7800 Uncommon trap: trap_request=0xffffff7e fr.pc=0x000002d00b76a0a8 relative=0x0000000000005028
Event: 6.598 Thread 0x000002d01d2b7800 Uncommon trap: reason=predicate action=maybe_recompile pc=0x000002d00b76a0a8 method=java.util.Arrays.binarySearch0([Ljava/lang/Object;IILjava/lang/Object;Ljava/util/Comparator;)I @ 25 c2
Event: 6.598 Thread 0x000002d01d2b7800 DEOPT PACKING pc=0x000002d00b76a0a8 sp=0x000000fd5f3f34b0
Event: 6.598 Thread 0x000002d01d2b7800 DEOPT UNPACKING pc=0x000002d003a9a1af sp=0x000000fd5f3f3538 mode 2
Event: 6.701 Thread 0x000002d01d2b7800 Uncommon trap: trap_request=0xffffff4d fr.pc=0x000002d00b6a6ed0 relative=0x00000000000064b0
Event: 6.701 Thread 0x000002d01d2b7800 Uncommon trap: reason=unstable_if action=reinterpret pc=0x000002d00b6a6ed0 method=java.util.jar.JarFile.maybeInstantiateVerifier()V @ 91 c2
Event: 6.701 Thread 0x000002d01d2b7800 DEOPT PACKING pc=0x000002d00b6a6ed0 sp=0x000000fd5f3f4910
Event: 6.701 Thread 0x000002d01d2b7800 DEOPT UNPACKING pc=0x000002d003a9a1af sp=0x000000fd5f3f46b0 mode 2
Event: 6.708 Thread 0x000002d01d2b7800 Uncommon trap: trap_request=0xffffff4d fr.pc=0x000002d00b646478 relative=0x0000000000000138
Event: 6.708 Thread 0x000002d01d2b7800 Uncommon trap: reason=unstable_if action=reinterpret pc=0x000002d00b646478 method=java.lang.ThreadLocal.get()Ljava/lang/Object; @ 11 c2
Event: 6.708 Thread 0x000002d01d2b7800 DEOPT PACKING pc=0x000002d00b646478 sp=0x000000fd5f3f43a0
Event: 6.708 Thread 0x000002d01d2b7800 DEOPT UNPACKING pc=0x000002d003a9a1af sp=0x000000fd5f3f4350 mode 2

Classes redefined (0 events):
No events

Internal exceptions (20 events):
Event: 5.744 Thread 0x000002d01d293000 Exception <a 'java/lang/NoSuchMethodError'{0x0000000087eacd38}: <clinit>> (0x0000000087eacd38) thrown at [./src/hotspot/share/prims/jni.cpp, line 1365]
Event: 5.744 Thread 0x000002d01d293000 Exception <a 'java/lang/NoSuchMethodError'{0x0000000087eade48}: <clinit>> (0x0000000087eade48) thrown at [./src/hotspot/share/prims/jni.cpp, line 1365]
Event: 5.744 Thread 0x000002d01d293000 Exception <a 'java/lang/NoSuchMethodError'{0x0000000087eaf3c0}: <clinit>> (0x0000000087eaf3c0) thrown at [./src/hotspot/share/prims/jni.cpp, line 1365]
Event: 5.744 Thread 0x000002d01d293000 Exception <a 'java/lang/NoSuchMethodError'{0x0000000087eb03e0}: <clinit>> (0x0000000087eb03e0) thrown at [./src/hotspot/share/prims/jni.cpp, line 1365]
Event: 5.745 Thread 0x000002d01d293000 Exception <a 'java/lang/NoSuchMethodError'{0x0000000087ec2e48}: <clinit>> (0x0000000087ec2e48) thrown at [./src/hotspot/share/prims/jni.cpp, line 1365]
Event: 5.746 Thread 0x000002d01d293000 Exception <a 'java/lang/NoSuchMethodError'{0x0000000087ecd668}: <clinit>> (0x0000000087ecd668) thrown at [./src/hotspot/share/prims/jni.cpp, line 1365]
Event: 5.747 Thread 0x000002d01d293000 Exception <a 'java/lang/NoSuchMethodError'{0x0000000087ee16b8}: <clinit>> (0x0000000087ee16b8) thrown at [./src/hotspot/share/prims/jni.cpp, line 1365]
Event: 5.758 Thread 0x000002d01d2b7800 Exception <a 'java/lang/ClassNotFoundException'{0x0000000087da3350}: build_boehs00b8kgs8ztuc66cxoqh3BeanInfo> (0x0000000087da3350) thrown at [./src/hotspot/share/classfile/systemDictionary.cpp, line 231]
Event: 5.758 Thread 0x000002d01d2b7800 Exception <a 'java/lang/ClassNotFoundException'{0x0000000087dae308}: build_boehs00b8kgs8ztuc66cxoqh3Customizer> (0x0000000087dae308) thrown at [./src/hotspot/share/classfile/systemDictionary.cpp, line 231]
Event: 5.776 Thread 0x000002d01d2b7800 Exception <a 'java/lang/ClassNotFoundException'{0x0000000087b394e0}: org/gradle/api/internal/plugins/DefaultObjectConfigurationActionBeanInfo> (0x0000000087b394e0) thrown at [./src/hotspot/share/classfile/systemDictionary.cpp, line 231]
Event: 5.777 Thread 0x000002d01d2b7800 Exception <a 'java/lang/ClassNotFoundException'{0x0000000087b6e9a0}: org/gradle/api/internal/plugins/DefaultObjectConfigurationActionCustomizer> (0x0000000087b6e9a0) thrown at [./src/hotspot/share/classfile/systemDictionary.cpp, line 231]
Event: 5.899 Thread 0x000002d01d2b7800 Exception <a 'java/lang/NoSuchMethodError'{0x00000000871bae00}: 'java.lang.Object java.lang.invoke.DirectMethodHandle$Holder.invokeStatic(java.lang.Object, java.lang.Object, java.lang.Object, java.lang.Object, int)'> (0x00000000871bae00) thrown at [./src/hotspot/share/interpreter/linkResolver.cpp, line 773]
Event: 5.899 Thread 0x000002d01d2b7800 Exception <a 'java/lang/NoSuchMethodError'{0x00000000871bf7f8}: 'java.lang.Object java.lang.invoke.DirectMethodHandle$Holder.invokeSpecial(java.lang.Object, java.lang.Object, java.lang.Object, java.lang.Object, java.lang.Object, int)'> (0x00000000871bf7f8) thrown at [./src/hotspot/share/interpreter/linkResolver.cpp, line 773]
Event: 5.899 Thread 0x000002d01d2b7800 Exception <a 'java/lang/NoSuchMethodError'{0x00000000871c3e38}: 'java.lang.Object java.lang.invoke.Invokers$Holder.linkToTargetMethod(java.lang.Object, java.lang.Object, java.lang.Object, int, java.lang.Object)'> (0x00000000871c3e38) thrown at [./src/hotspot/share/interpreter/linkResolver.cpp, line 773]
Event: 6.105 Thread 0x000002d01d2b7800 Exception <a 'java/lang/NoSuchMethodError'{0x0000000086148f18}: 'java.lang.Object java.lang.invoke.DirectMethodHandle$Holder.invokeSpecial(java.lang.Object, java.lang.Object, int, int, java.lang.Object, java.lang.Object, java.lang.Object)'> (0x0000000086148f18) thrown at [./src/hotspot/share/interpreter/linkResolver.cpp, line 773]
Event: 6.106 Thread 0x000002d01d2b7800 Exception <a 'java/lang/NoSuchMethodError'{0x000000008614d498}: 'java.lang.Object java.lang.invoke.DelegatingMethodHandle$Holder.reinvoke_L(java.lang.Object, int, int, java.lang.Object, java.lang.Object, java.lang.Object)'> (0x000000008614d498) thrown at [./src/hotspot/share/interpreter/linkResolver.cpp, line 773]
Event: 6.260 Thread 0x000002d01d2b7800 Exception <a 'java/lang/NoSuchMethodError'{0x00000000855b2200}: 'int java.lang.invoke.DirectMethodHandle$Holder.invokeInterface(java.lang.Object, java.lang.Object, java.lang.Object, java.lang.Object)'> (0x00000000855b2200) thrown at [./src/hotspot/share/interpreter/linkResolver.cpp, line 773]
Event: 6.472 Thread 0x000002d01d2b7800 Exception <a 'java/lang/NoSuchMethodError'{0x0000000088478b18}: 'void java.lang.invoke.DirectMethodHandle$Holder.invokeInterface(java.lang.Object, java.lang.Object, java.lang.Object, java.lang.Object)'> (0x0000000088478b18) thrown at [./src/hotspot/share/interpreter/linkResolver.cpp, line 773]
Event: 6.587 Thread 0x000002d01d2b7800 Exception <a 'java/lang/IncompatibleClassChangeError'{0x000000008a706b58}: Found class java.lang.Object, but interface was expected> (0x000000008a706b58) thrown at [./src/hotspot/share/interpreter/linkResolver.cpp, line 839]
Event: 6.708 Thread 0x000002d01d2b7800 Implicit null exception at 0x000002d00b64638b to 0x000002d00b646464

Events (20 events):
Event: 6.699 loading class com/android/build/gradle/internal/packaging/GradleKeystoreHelper done
Event: 6.699 loading class org/gradle/api/InvalidUserDataException
Event: 6.699 loading class org/gradle/api/InvalidUserDataException done
Event: 6.699 loading class com/android/ide/common/signing/KeytoolException
Event: 6.699 loading class com/android/ide/common/signing/KeytoolException done
Event: 6.700 loading class com/android/ide/common/signing/KeystoreHelper
Event: 6.700 loading class com/android/ide/common/signing/KeystoreHelper done
Event: 6.701 loading class org/bouncycastle/operator/OperatorCreationException
Event: 6.701 loading class org/bouncycastle/operator/OperatorCreationException done
Event: 6.703 loading class sun/security/util/SignatureFileVerifier
Event: 6.704 loading class sun/security/util/SignatureFileVerifier done
Event: 6.704 loading class sun/security/util/ManifestDigester
Event: 6.705 loading class sun/security/util/ManifestDigester done
Event: 6.705 loading class sun/security/util/ManifestDigester$Position
Event: 6.705 loading class sun/security/util/ManifestDigester$Position done
Event: 6.705 loading class sun/security/util/ManifestDigester$Entry
Event: 6.706 loading class sun/security/util/ManifestDigester$Entry done
Event: 6.706 loading class sun/security/util/ManifestDigester$Section
Event: 6.706 loading class sun/security/util/ManifestDigester$Section done
Event: 6.708 loading class sun/security/pkcs/PKCS7


Dynamic libraries:
0x00007ff76db00000 - 0x00007ff76db0a000 	C:\Program Files\Android\Android Studio\jre\bin\java.exe
0x00007ff8946b0000 - 0x00007ff8948a8000 	C:\Windows\SYSTEM32\ntdll.dll
0x00007ff893d30000 - 0x00007ff893def000 	C:\Windows\System32\KERNEL32.DLL
0x00007ff892420000 - 0x00007ff8926f2000 	C:\Windows\System32\KERNELBASE.dll
0x00007ff891f10000 - 0x00007ff892010000 	C:\Windows\System32\ucrtbase.dll
0x00007ff88d3a0000 - 0x00007ff88d3b7000 	C:\Program Files\Android\Android Studio\jre\bin\VCRUNTIME140.dll
0x00007ff88b110000 - 0x00007ff88b129000 	C:\Program Files\Android\Android Studio\jre\bin\jli.dll
0x00007ff893720000 - 0x00007ff8938c1000 	C:\Windows\System32\USER32.dll
0x00007ff87e280000 - 0x00007ff87e51a000 	C:\Windows\WinSxS\amd64_microsoft.windows.common-controls_6595b64144ccf1df_6.0.19041.1110_none_60b5254171f9507e\COMCTL32.dll
0x00007ff892350000 - 0x00007ff892372000 	C:\Windows\System32\win32u.dll
0x00007ff8929d0000 - 0x00007ff892a6e000 	C:\Windows\System32\msvcrt.dll
0x00007ff892880000 - 0x00007ff8928ab000 	C:\Windows\System32\GDI32.dll
0x00007ff8921c0000 - 0x00007ff8922cf000 	C:\Windows\System32\gdi32full.dll
0x00007ff892380000 - 0x00007ff89241d000 	C:\Windows\System32\msvcp_win.dll
0x00007ff8932c0000 - 0x00007ff8932f0000 	C:\Windows\System32\IMM32.DLL
0x00007ff870ab0000 - 0x00007ff870b4d000 	C:\Program Files\Android\Android Studio\jre\bin\msvcp140.dll
0x00007ff85ff90000 - 0x00007ff860a75000 	C:\Program Files\Android\Android Studio\jre\bin\server\jvm.dll
0x00007ff8927d0000 - 0x00007ff89287e000 	C:\Windows\System32\ADVAPI32.dll
0x00007ff8938d0000 - 0x00007ff89396c000 	C:\Windows\System32\sechost.dll
0x00007ff893df0000 - 0x00007ff893f14000 	C:\Windows\System32\RPCRT4.dll
0x00007ff887ed0000 - 0x00007ff887ef7000 	C:\Windows\SYSTEM32\WINMM.dll
0x00007ff8880d0000 - 0x00007ff8880da000 	C:\Windows\SYSTEM32\VERSION.dll
0x00007ff8936b0000 - 0x00007ff8936b8000 	C:\Windows\System32\PSAPI.DLL
0x00007ff88f0c0000 - 0x00007ff88f0c9000 	C:\Windows\SYSTEM32\WSOCK32.dll
0x00007ff892ad0000 - 0x00007ff892b3b000 	C:\Windows\System32\WS2_32.dll
0x00007ff890600000 - 0x00007ff890612000 	C:\Windows\SYSTEM32\kernel.appcore.dll
0x00007ff88bed0000 - 0x00007ff88bee1000 	C:\Program Files\Android\Android Studio\jre\bin\verify.dll
0x00007ff88fa20000 - 0x00007ff88fc04000 	C:\Windows\SYSTEM32\DBGHELP.DLL
0x00007ff880ff0000 - 0x00007ff881025000 	C:\Windows\SYSTEM32\dbgcore.DLL
0x00007ff892010000 - 0x00007ff892092000 	C:\Windows\System32\bcryptPrimitives.dll
0x00007ff88b510000 - 0x00007ff88b539000 	C:\Program Files\Android\Android Studio\jre\bin\java.dll
0x00007ff88d270000 - 0x00007ff88d27b000 	C:\Program Files\Android\Android Studio\jre\bin\jimage.dll
0x00007ff88b7d0000 - 0x00007ff88b7e8000 	C:\Program Files\Android\Android Studio\jre\bin\zip.dll
0x00007ff893f20000 - 0x00007ff894665000 	C:\Windows\System32\SHELL32.dll
0x00007ff88fc10000 - 0x00007ff8903a2000 	C:\Windows\SYSTEM32\windows.storage.dll
0x00007ff893970000 - 0x00007ff893cc5000 	C:\Windows\System32\combase.dll
0x00007ff891730000 - 0x00007ff891760000 	C:\Windows\SYSTEM32\Wldp.dll
0x00007ff893450000 - 0x00007ff8934fd000 	C:\Windows\System32\SHCORE.dll
0x00007ff893260000 - 0x00007ff8932b5000 	C:\Windows\System32\shlwapi.dll
0x00007ff891cf0000 - 0x00007ff891d0f000 	C:\Windows\SYSTEM32\profapi.dll
0x00007ff88b4f0000 - 0x00007ff88b50a000 	C:\Program Files\Android\Android Studio\jre\bin\net.dll
0x00007ff885c40000 - 0x00007ff885d4a000 	C:\Windows\SYSTEM32\WINHTTP.dll
0x00007ff891490000 - 0x00007ff8914fa000 	C:\Windows\system32\mswsock.dll
0x00007ff88b480000 - 0x00007ff88b494000 	C:\Program Files\Android\Android Studio\jre\bin\nio.dll
0x00007ff88b330000 - 0x00007ff88b357000 	C:\Users\ParkHyeSung\.gradle\native\e1d6ef7f7dcc3fd88c89a11ec53ec762bb8ba0a96d01ffa2cd45eb1d1d8dd5c5\windows-amd64\native-platform.dll
0x00007ff86e820000 - 0x00007ff86e964000 	C:\Users\ParkHyeSung\.gradle\native\5664cfc778a61ccfe75a443a1ab52a65af34e5dc3c78e0209fed803814484fcb\windows-amd64\native-platform-file-events.dll
0x00007ff88b4e0000 - 0x00007ff88b4ea000 	C:\Program Files\Android\Android Studio\jre\bin\management.dll
0x00007ff88b420000 - 0x00007ff88b42d000 	C:\Program Files\Android\Android Studio\jre\bin\management_ext.dll
0x00007ff891690000 - 0x00007ff8916a8000 	C:\Windows\SYSTEM32\CRYPTSP.dll
0x00007ff890db0000 - 0x00007ff890de4000 	C:\Windows\system32\rsaenh.dll
0x00007ff8922d0000 - 0x00007ff8922f7000 	C:\Windows\System32\bcrypt.dll
0x00007ff891c70000 - 0x00007ff891c9e000 	C:\Windows\SYSTEM32\USERENV.dll
0x00007ff891680000 - 0x00007ff89168c000 	C:\Windows\SYSTEM32\CRYPTBASE.dll
0x00007ff891180000 - 0x00007ff8911bb000 	C:\Windows\SYSTEM32\IPHLPAPI.DLL
0x00007ff893240000 - 0x00007ff893248000 	C:\Windows\System32\NSI.dll
0x00007ff885ef0000 - 0x00007ff885f07000 	C:\Windows\SYSTEM32\dhcpcsvc6.DLL
0x00007ff888000000 - 0x00007ff88801d000 	C:\Windows\SYSTEM32\dhcpcsvc.DLL
0x00007ff8911c0000 - 0x00007ff89128b000 	C:\Windows\SYSTEM32\DNSAPI.dll

dbghelp: loaded successfully - version: 4.0.5 - missing functions: none
symbol engine: initialized successfully - sym options: 0x614 - pdb path: .;C:\Program Files\Android\Android Studio\jre\bin;C:\Windows\SYSTEM32;C:\Windows\WinSxS\amd64_microsoft.windows.common-controls_6595b64144ccf1df_6.0.19041.1110_none_60b5254171f9507e;C:\Program Files\Android\Android Studio\jre\bin\server;C:\Users\ParkHyeSung\.gradle\native\e1d6ef7f7dcc3fd88c89a11ec53ec762bb8ba0a96d01ffa2cd45eb1d1d8dd5c5\windows-amd64;C:\Users\ParkHyeSung\.gradle\native\5664cfc778a61ccfe75a443a1ab52a65af34e5dc3c78e0209fed803814484fcb\windows-amd64

VM Arguments:
jvm_args: --add-opens=java.base/java.util=ALL-UNNAMED --add-opens=java.base/java.lang=ALL-UNNAMED --add-opens=java.base/java.lang.invoke=ALL-UNNAMED --add-opens=java.base/java.util=ALL-UNNAMED --add-opens=java.prefs/java.util.prefs=ALL-UNNAMED --add-opens=java.prefs/java.util.prefs=ALL-UNNAMED --add-opens=java.base/java.nio.charset=ALL-UNNAMED --add-opens=java.base/java.net=ALL-UNNAMED --add-opens=java.base/java.util.concurrent.atomic=ALL-UNNAMED -Xmx2048m -Dfile.encoding=UTF-8 -Duser.country=KR -Duser.language=ko -Duser.variant 
java_command: org.gradle.launcher.daemon.bootstrap.GradleDaemon 7.3.3
java_class_path (initial): C:\Users\ParkHyeSung\.gradle\wrapper\dists\gradle-7.3.3-bin\6a41zxkdtcxs8rphpq6y0069z\gradle-7.3.3\lib\gradle-launcher-7.3.3.jar
Launcher Type: SUN_STANDARD

[Global flags]
     intx CICompilerCount                          = 3                                         {product} {ergonomic}
     uint ConcGCThreads                            = 2                                         {product} {ergonomic}
     uint G1ConcRefinementThreads                  = 6                                         {product} {ergonomic}
   size_t G1HeapRegionSize                         = 1048576                                   {product} {ergonomic}
    uintx GCDrainStackTargetSize                   = 64                                        {product} {ergonomic}
   size_t InitialHeapSize                          = 121634816                                 {product} {ergonomic}
   size_t MarkStackSize                            = 4194304                                   {product} {ergonomic}
   size_t MaxHeapSize                              = 2147483648                                {product} {command line}
   size_t MaxNewSize                               = 1287651328                                {product} {ergonomic}
   size_t MinHeapDeltaBytes                        = 1048576                                   {product} {ergonomic}
    uintx NonNMethodCodeHeapSize                   = 5830732                                {pd product} {ergonomic}
    uintx NonProfiledCodeHeapSize                  = 122913754                              {pd product} {ergonomic}
    uintx ProfiledCodeHeapSize                     = 122913754                              {pd product} {ergonomic}
    uintx ReservedCodeCacheSize                    = 251658240                              {pd product} {ergonomic}
     bool SegmentedCodeCache                       = true                                      {product} {ergonomic}
     bool UseCompressedClassPointers               = true                                 {lp64_product} {ergonomic}
     bool UseCompressedOops                        = true                                 {lp64_product} {ergonomic}
     bool UseG1GC                                  = true                                      {product} {ergonomic}
     bool UseLargePagesIndividualAllocation        = false                                  {pd product} {ergonomic}

Logging:
Log output configuration:
 #0: stdout all=warning uptime,level,tags
 #1: stderr all=off uptime,level,tags

Environment Variables:
PATH=C:\Program Files\Common Files\Oracle\Java\javapath;C:\Windows\system32;C:\Windows;C:\Windows\System32\Wbem;C:\Windows\System32\WindowsPowerShell\v1.0\;C:\Windows\System32\OpenSSH\;C:\Program Files\Bandizip\;C:\MinGW\bin;C:\Program Files\mingw-w64\x86_64-7.2.0-win32-seh-rt_v5-rev1\mingw64\bin;C:\Users\ParkHyeSung\AppData\Local\Programs\Python\Python310\Scripts\;C:\Users\ParkHyeSung\AppData\Local\Programs\Python\Python310\;C:\Users\ParkHyeSung\AppData\Local\Microsoft\WindowsApps;;C:\Program Files\JetBrains\IntelliJ IDEA 2022.2.1\bin;
USERNAME=ParkHyeSung
OS=Windows_NT
PROCESSOR_IDENTIFIER=AMD64 Family 23 Model 96 Stepping 1, AuthenticAMD



---------------  S Y S T E M  ---------------

OS: Windows 10 , 64 bit Build 19041 (10.0.19041.2546)
OS uptime: 5 days 13:08 hours

CPU:total 6 (initial active 6) (6 cores per cpu, 1 threads per core) family 23 model 96 stepping 1 microcode 0x0, cmov, cx8, fxsr, mmx, sse, sse2, sse3, ssse3, sse4.1, sse4.2, popcnt, avx, avx2, aes, clmul, mmxext, 3dnowpref, lzcnt, sse4a, tsc, tscinvbit, tscinv, bmi1, bmi2, adx, sha, fma

Memory: 4k page, system-wide physical 7343M (231M free)
TotalPageFile size 29871M (AvailPageFile size 4M)
current process WorkingSet (physical memory assigned to process): 319M, peak: 319M
current process commit charge ("private bytes"): 391M, peak: 392M

vm_info: OpenJDK 64-Bit Server VM (11.0.12+7-b1504.28-7817840) for windows-amd64 JRE (11.0.12+7-b1504.28-7817840), built on Oct 13 2021 22:12:33 by "builder" with MS VC++ 14.0 (VS2015)

END.
