#
# There is insufficient memory for the Java Runtime Environment to continue.
# Native memory allocation (malloc) failed to allocate 1204496 bytes for Chunk::new
# Possible reasons:
#   The system is out of physical RAM or swap space
#   The process is running with CompressedOops enabled, and the Java Heap may be blocking the growth of the native heap
# Possible solutions:
#   Reduce memory load on the system
#   Increase physical memory or swap space
#   Check if swap backing store is full
#   Decrease Java heap size (-Xmx/-Xms)
#   Decrease number of Java threads
#   Decrease Java thread stack sizes (-Xss)
#   Set larger code cache with -XX:ReservedCodeCacheSize=
#   JVM is running with Unscaled Compressed Oops mode in which the Java heap is
#     placed in the first 4GB address space. The Java Heap base address is the
#     maximum limit for the native heap growth. Please use -XX:HeapBaseMinAddress
#     to set the Java Heap base and to place the Java Heap above 4GB virtual address.
# This output file may be truncated or incomplete.
#
#  Out of Memory Error (./src/hotspot/share/memory/arena.cpp:197), pid=15540, tid=18276
#
# JRE version: OpenJDK Runtime Environment (11.0.12+7) (build 11.0.12+7-b1504.28-7817840)
# Java VM: OpenJDK 64-Bit Server VM (11.0.12+7-b1504.28-7817840, mixed mode, tiered, compressed oops, g1 gc, windows-amd64)
# No core dump will be written. Minidumps are not enabled by default on client versions of Windows
#

---------------  S U M M A R Y ------------

Command Line: --add-opens=java.base/java.util=ALL-UNNAMED --add-opens=java.base/java.lang=ALL-UNNAMED --add-opens=java.base/java.lang.invoke=ALL-UNNAMED --add-opens=java.base/java.util=ALL-UNNAMED --add-opens=java.prefs/java.util.prefs=ALL-UNNAMED --add-opens=java.prefs/java.util.prefs=ALL-UNNAMED --add-opens=java.base/java.nio.charset=ALL-UNNAMED --add-opens=java.base/java.net=ALL-UNNAMED --add-opens=java.base/java.util.concurrent.atomic=ALL-UNNAMED -Xmx2048m -Dfile.encoding=UTF-8 -Duser.country=KR -Duser.language=ko -Duser.variant org.gradle.launcher.daemon.bootstrap.GradleDaemon 7.3.3

Host: AMD Ryzen 5 4500U with Radeon Graphics         , 6 cores, 7G,  Windows 10 , 64 bit Build 19041 (10.0.19041.2546)
Time: Mon Mar 27 13:38:52 2023 대한민국 표준시 elapsed time: 2.703381 seconds (0d 0h 0m 2s)

---------------  T H R E A D  ---------------

Current thread (0x000002a6fec2a800):  JavaThread "C2 CompilerThread0" daemon [_thread_in_native, id=18276, stack(0x000000abdba00000,0x000000abdbb00000)]


Current CompileTask:
C2:   2703 1871   !   4       java.lang.ClassLoader::loadClass (122 bytes)

Stack: [0x000000abdba00000,0x000000abdbb00000]
Native frames: (J=compiled Java code, j=interpreted, Vv=VM code, C=native code)
V  [jvm.dll+0x5fbcea]
V  [jvm.dll+0x731905]
V  [jvm.dll+0x732f1d]
V  [jvm.dll+0x7335d3]
V  [jvm.dll+0x247bf8]
V  [jvm.dll+0xc018c]
V  [jvm.dll+0xc06cc]
V  [jvm.dll+0x35b31d]
V  [jvm.dll+0x19cebc]
V  [jvm.dll+0x20070e]
V  [jvm.dll+0x1ff794]
V  [jvm.dll+0x18868c]
V  [jvm.dll+0x20e0d7]
V  [jvm.dll+0x20c901]
V  [jvm.dll+0x6f9b7f]
V  [jvm.dll+0x6f26a5]
V  [jvm.dll+0x5fabf6]
C  [ucrtbase.dll+0x21bb2]
C  [KERNEL32.DLL+0x17614]
C  [ntdll.dll+0x526a1]


---------------  P R O C E S S  ---------------

Threads class SMR info:
_java_thread_list=0x000002a69094fa50, length=23, elements={
0x000002a6f3bce000, 0x000002a6febf4000, 0x000002a6fec00000, 0x000002a6fec24800,
0x000002a6fec26800, 0x000002a6fec29800, 0x000002a6fec2a800, 0x000002a6fec2c800,
0x000002a6fec2f800, 0x000002a6ff66c800, 0x000002a68f899000, 0x000002a68f85c000,
0x000002a6903e2800, 0x000002a68ff2a800, 0x000002a69081e800, 0x000002a690821800,
0x000002a690349800, 0x000002a6904ee000, 0x000002a6901a3800, 0x000002a69088a800,
0x000002a690891000, 0x000002a69088c800, 0x000002a69088b000
}

Java Threads: ( => current thread )
  0x000002a6f3bce000 JavaThread "main" [_thread_blocked, id=7020, stack(0x000000abdae00000,0x000000abdaf00000)]
  0x000002a6febf4000 JavaThread "Reference Handler" daemon [_thread_blocked, id=12124, stack(0x000000abdb500000,0x000000abdb600000)]
  0x000002a6fec00000 JavaThread "Finalizer" daemon [_thread_blocked, id=19124, stack(0x000000abdb600000,0x000000abdb700000)]
  0x000002a6fec24800 JavaThread "Signal Dispatcher" daemon [_thread_blocked, id=16036, stack(0x000000abdb700000,0x000000abdb800000)]
  0x000002a6fec26800 JavaThread "Attach Listener" daemon [_thread_blocked, id=5356, stack(0x000000abdb800000,0x000000abdb900000)]
  0x000002a6fec29800 JavaThread "Service Thread" daemon [_thread_blocked, id=16984, stack(0x000000abdb900000,0x000000abdba00000)]
=>0x000002a6fec2a800 JavaThread "C2 CompilerThread0" daemon [_thread_in_native, id=18276, stack(0x000000abdba00000,0x000000abdbb00000)]
  0x000002a6fec2c800 JavaThread "C1 CompilerThread0" daemon [_thread_blocked, id=15388, stack(0x000000abdbb00000,0x000000abdbc00000)]
  0x000002a6fec2f800 JavaThread "Sweeper thread" daemon [_thread_blocked, id=13864, stack(0x000000abdbc00000,0x000000abdbd00000)]
  0x000002a6ff66c800 JavaThread "Common-Cleaner" daemon [_thread_blocked, id=12816, stack(0x000000abdbd00000,0x000000abdbe00000)]
  0x000002a68f899000 JavaThread "Daemon health stats" [_thread_blocked, id=9872, stack(0x000000abdc000000,0x000000abdc100000)]
  0x000002a68f85c000 JavaThread "Incoming local TCP Connector on port 14068" [_thread_in_native, id=13376, stack(0x000000abdc300000,0x000000abdc400000)]
  0x000002a6903e2800 JavaThread "Daemon periodic checks" [_thread_blocked, id=14072, stack(0x000000abdc400000,0x000000abdc500000)]
  0x000002a68ff2a800 JavaThread "Daemon" [_thread_blocked, id=14784, stack(0x000000abdc500000,0x000000abdc600000)]
  0x000002a69081e800 JavaThread "Handler for socket connection from /127.0.0.1:14068 to /127.0.0.1:14069" [_thread_in_native, id=12792, stack(0x000000abdc600000,0x000000abdc700000)]
  0x000002a690821800 JavaThread "Cancel handler" [_thread_blocked, id=11516, stack(0x000000abdc700000,0x000000abdc800000)]
  0x000002a690349800 JavaThread "Daemon worker" [_thread_in_vm, id=7596, stack(0x000000abdc800000,0x000000abdc900000)]
  0x000002a6904ee000 JavaThread "Asynchronous log dispatcher for DefaultDaemonConnection: socket connection from /127.0.0.1:14068 to /127.0.0.1:14069" [_thread_blocked, id=17780, stack(0x000000abdc900000,0x000000abdca00000)]
  0x000002a6901a3800 JavaThread "Stdin handler" [_thread_blocked, id=16412, stack(0x000000abdca00000,0x000000abdcb00000)]
  0x000002a69088a800 JavaThread "Daemon client event forwarder" [_thread_blocked, id=7592, stack(0x000000abdcb00000,0x000000abdcc00000)]
  0x000002a690891000 JavaThread "Cache worker for journal cache (C:\Users\ParkHyeSung\.gradle\caches\journal-1)" [_thread_blocked, id=17632, stack(0x000000abdcc00000,0x000000abdcd00000)]
  0x000002a69088c800 JavaThread "File lock request listener" [_thread_in_native, id=11580, stack(0x000000abdcd00000,0x000000abdce00000)]
  0x000002a69088b000 JavaThread "Cache worker for file hash cache (C:\Users\ParkHyeSung\.gradle\caches\7.3.3\fileHashes)" [_thread_blocked, id=16228, stack(0x000000abdce00000,0x000000abdcf00000)]

Other Threads:
  0x000002a6febef800 VMThread "VM Thread" [stack: 0x000000abdb400000,0x000000abdb500000] [id=19116]
  0x000002a6ff69d000 WatcherThread [stack: 0x000000abdbe00000,0x000000abdbf00000] [id=8484]
  0x000002a6f3be3000 GCTaskThread "GC Thread#0" [stack: 0x000000abdaf00000,0x000000abdb000000] [id=4716]
  0x000002a68f244000 GCTaskThread "GC Thread#1" [stack: 0x000000abdbf00000,0x000000abdc000000] [id=17520]
  0x000002a6900c3800 GCTaskThread "GC Thread#2" [stack: 0x000000abdc100000,0x000000abdc200000] [id=16532]
  0x000002a68f868800 GCTaskThread "GC Thread#3" [stack: 0x000000abdc200000,0x000000abdc300000] [id=12716]
  0x000002a690aae800 GCTaskThread "GC Thread#4" [stack: 0x000000abdcf00000,0x000000abdd000000] [id=18380]
  0x000002a690b5a000 GCTaskThread "GC Thread#5" [stack: 0x000000abdd000000,0x000000abdd100000] [id=18744]
  0x000002a6f3c17800 ConcurrentGCThread "G1 Main Marker" [stack: 0x000000abdb000000,0x000000abdb100000] [id=5428]
  0x000002a6f3c19800 ConcurrentGCThread "G1 Conc#0" [stack: 0x000000abdb100000,0x000000abdb200000] [id=13740]
  0x000002a6907cd000 ConcurrentGCThread "G1 Conc#1" [stack: 0x000000abdd100000,0x000000abdd200000] [id=8744]
  0x000002a6f3c9d800 ConcurrentGCThread "G1 Refine#0" [stack: 0x000000abdb200000,0x000000abdb300000] [id=16552]
  0x000002a6f3c9e800 ConcurrentGCThread "G1 Young RemSet Sampling" [stack: 0x000000abdb300000,0x000000abdb400000] [id=1452]

Threads with active compile tasks:
C2 CompilerThread0   2730 1871   !   4       java.lang.ClassLoader::loadClass (122 bytes)

VM state:not at safepoint (normal execution)

VM Mutex/Monitor currently owned by a thread: None

Heap address: 0x0000000080000000, size: 2048 MB, Compressed Oops mode: 32-bit
Narrow klass base: 0x0000000000000000, Narrow klass shift: 3
Compressed class space size: 1073741824 Address: 0x0000000100000000

Heap:
 garbage-first heap   total 118784K, used 25733K [0x0000000080000000, 0x0000000100000000)
  region size 1024K, 12 young (12288K), 3 survivors (3072K)
 Metaspace       used 21779K, capacity 22339K, committed 22400K, reserved 1069056K
  class space    used 2723K, capacity 2901K, committed 2944K, reserved 1048576K
Heap Regions: E=young(eden), S=young(survivor), O=old, HS=humongous(starts), HC=humongous(continues), CS=collection set, F=free, A=archive, TAMS=top-at-mark-start (previous, next)
|   0|0x0000000080000000, 0x0000000080100000, 0x0000000080100000|100%| O|  |TAMS 0x0000000080100000, 0x0000000080000000| Untracked 
|   1|0x0000000080100000, 0x0000000080200000, 0x0000000080200000|100%| O|  |TAMS 0x0000000080200000, 0x0000000080100000| Untracked 
|   2|0x0000000080200000, 0x0000000080300000, 0x0000000080300000|100%| O|  |TAMS 0x0000000080300000, 0x0000000080200000| Untracked 
|   3|0x0000000080300000, 0x0000000080400000, 0x0000000080400000|100%|HS|  |TAMS 0x0000000080400000, 0x0000000080300000| Complete 
|   4|0x0000000080400000, 0x0000000080500000, 0x0000000080500000|100%|HC|  |TAMS 0x0000000080500000, 0x0000000080400000| Complete 
|   5|0x0000000080500000, 0x0000000080600000, 0x0000000080600000|100%|HC|  |TAMS 0x0000000080600000, 0x0000000080500000| Complete 
|   6|0x0000000080600000, 0x0000000080700000, 0x0000000080700000|100%| O|  |TAMS 0x0000000080700000, 0x0000000080600000| Untracked 
|   7|0x0000000080700000, 0x0000000080800000, 0x0000000080800000|100%| O|  |TAMS 0x0000000080800000, 0x0000000080700000| Untracked 
|   8|0x0000000080800000, 0x0000000080900000, 0x0000000080900000|100%| O|  |TAMS 0x0000000080900000, 0x0000000080800000| Untracked 
|   9|0x0000000080900000, 0x0000000080a00000, 0x0000000080a00000|100%| O|  |TAMS 0x0000000080a00000, 0x0000000080900000| Untracked 
|  10|0x0000000080a00000, 0x0000000080b00000, 0x0000000080b00000|100%| O|  |TAMS 0x0000000080b00000, 0x0000000080a00000| Untracked 
|  11|0x0000000080b00000, 0x0000000080c00000, 0x0000000080c00000|100%| O|  |TAMS 0x0000000080c00000, 0x0000000080b00000| Untracked 
|  12|0x0000000080c00000, 0x0000000080d00000, 0x0000000080d00000|100%| O|  |TAMS 0x0000000080d00000, 0x0000000080c00000| Untracked 
|  13|0x0000000080d00000, 0x0000000080e00000, 0x0000000080e00000|100%| O|  |TAMS 0x0000000080e00000, 0x0000000080d00000| Untracked 
|  14|0x0000000080e00000, 0x0000000080ee7200, 0x0000000080f00000| 90%| O|  |TAMS 0x0000000080ee7200, 0x0000000080e00000| Untracked 
|  15|0x0000000080f00000, 0x0000000080f00000, 0x0000000081000000|  0%| F|  |TAMS 0x0000000080f00000, 0x0000000080f00000| Untracked 
|  16|0x0000000081000000, 0x0000000081000000, 0x0000000081100000|  0%| F|  |TAMS 0x0000000081000000, 0x0000000081000000| Untracked 
|  17|0x0000000081100000, 0x0000000081100000, 0x0000000081200000|  0%| F|  |TAMS 0x0000000081100000, 0x0000000081100000| Untracked 
|  18|0x0000000081200000, 0x0000000081200000, 0x0000000081300000|  0%| F|  |TAMS 0x0000000081200000, 0x0000000081200000| Untracked 
|  19|0x0000000081300000, 0x0000000081300000, 0x0000000081400000|  0%| F|  |TAMS 0x0000000081300000, 0x0000000081300000| Untracked 
|  20|0x0000000081400000, 0x0000000081400000, 0x0000000081500000|  0%| F|  |TAMS 0x0000000081400000, 0x0000000081400000| Untracked 
|  21|0x0000000081500000, 0x0000000081500000, 0x0000000081600000|  0%| F|  |TAMS 0x0000000081500000, 0x0000000081500000| Untracked 
|  22|0x0000000081600000, 0x0000000081600000, 0x0000000081700000|  0%| F|  |TAMS 0x0000000081600000, 0x0000000081600000| Untracked 
|  23|0x0000000081700000, 0x0000000081700000, 0x0000000081800000|  0%| F|  |TAMS 0x0000000081700000, 0x0000000081700000| Untracked 
|  24|0x0000000081800000, 0x0000000081800000, 0x0000000081900000|  0%| F|  |TAMS 0x0000000081800000, 0x0000000081800000| Untracked 
|  25|0x0000000081900000, 0x0000000081900000, 0x0000000081a00000|  0%| F|  |TAMS 0x0000000081900000, 0x0000000081900000| Untracked 
|  26|0x0000000081a00000, 0x0000000081a00000, 0x0000000081b00000|  0%| F|  |TAMS 0x0000000081a00000, 0x0000000081a00000| Untracked 
|  27|0x0000000081b00000, 0x0000000081b00000, 0x0000000081c00000|  0%| F|  |TAMS 0x0000000081b00000, 0x0000000081b00000| Untracked 
|  28|0x0000000081c00000, 0x0000000081c00000, 0x0000000081d00000|  0%| F|  |TAMS 0x0000000081c00000, 0x0000000081c00000| Untracked 
|  29|0x0000000081d00000, 0x0000000081d00000, 0x0000000081e00000|  0%| F|  |TAMS 0x0000000081d00000, 0x0000000081d00000| Untracked 
|  30|0x0000000081e00000, 0x0000000081e00000, 0x0000000081f00000|  0%| F|  |TAMS 0x0000000081e00000, 0x0000000081e00000| Untracked 
|  31|0x0000000081f00000, 0x0000000081f00000, 0x0000000082000000|  0%| F|  |TAMS 0x0000000081f00000, 0x0000000081f00000| Untracked 
|  32|0x0000000082000000, 0x0000000082000000, 0x0000000082100000|  0%| F|  |TAMS 0x0000000082000000, 0x0000000082000000| Untracked 
|  33|0x0000000082100000, 0x0000000082100000, 0x0000000082200000|  0%| F|  |TAMS 0x0000000082100000, 0x0000000082100000| Untracked 
|  34|0x0000000082200000, 0x0000000082200000, 0x0000000082300000|  0%| F|  |TAMS 0x0000000082200000, 0x0000000082200000| Untracked 
|  35|0x0000000082300000, 0x0000000082300000, 0x0000000082400000|  0%| F|  |TAMS 0x0000000082300000, 0x0000000082300000| Untracked 
|  36|0x0000000082400000, 0x0000000082400000, 0x0000000082500000|  0%| F|  |TAMS 0x0000000082400000, 0x0000000082400000| Untracked 
|  37|0x0000000082500000, 0x0000000082500000, 0x0000000082600000|  0%| F|  |TAMS 0x0000000082500000, 0x0000000082500000| Untracked 
|  38|0x0000000082600000, 0x0000000082600000, 0x0000000082700000|  0%| F|  |TAMS 0x0000000082600000, 0x0000000082600000| Untracked 
|  39|0x0000000082700000, 0x0000000082700000, 0x0000000082800000|  0%| F|  |TAMS 0x0000000082700000, 0x0000000082700000| Untracked 
|  40|0x0000000082800000, 0x0000000082800000, 0x0000000082900000|  0%| F|  |TAMS 0x0000000082800000, 0x0000000082800000| Untracked 
|  41|0x0000000082900000, 0x0000000082900000, 0x0000000082a00000|  0%| F|  |TAMS 0x0000000082900000, 0x0000000082900000| Untracked 
|  42|0x0000000082a00000, 0x0000000082a00000, 0x0000000082b00000|  0%| F|  |TAMS 0x0000000082a00000, 0x0000000082a00000| Untracked 
|  43|0x0000000082b00000, 0x0000000082b00000, 0x0000000082c00000|  0%| F|  |TAMS 0x0000000082b00000, 0x0000000082b00000| Untracked 
|  44|0x0000000082c00000, 0x0000000082c00000, 0x0000000082d00000|  0%| F|  |TAMS 0x0000000082c00000, 0x0000000082c00000| Untracked 
|  45|0x0000000082d00000, 0x0000000082d00000, 0x0000000082e00000|  0%| F|  |TAMS 0x0000000082d00000, 0x0000000082d00000| Untracked 
|  46|0x0000000082e00000, 0x0000000082e00000, 0x0000000082f00000|  0%| F|  |TAMS 0x0000000082e00000, 0x0000000082e00000| Untracked 
|  47|0x0000000082f00000, 0x0000000082f00000, 0x0000000083000000|  0%| F|  |TAMS 0x0000000082f00000, 0x0000000082f00000| Untracked 
|  48|0x0000000083000000, 0x0000000083000000, 0x0000000083100000|  0%| F|  |TAMS 0x0000000083000000, 0x0000000083000000| Untracked 
|  49|0x0000000083100000, 0x0000000083100000, 0x0000000083200000|  0%| F|  |TAMS 0x0000000083100000, 0x0000000083100000| Untracked 
|  50|0x0000000083200000, 0x0000000083200000, 0x0000000083300000|  0%| F|  |TAMS 0x0000000083200000, 0x0000000083200000| Untracked 
|  51|0x0000000083300000, 0x0000000083300000, 0x0000000083400000|  0%| F|  |TAMS 0x0000000083300000, 0x0000000083300000| Untracked 
|  52|0x0000000083400000, 0x0000000083400000, 0x0000000083500000|  0%| F|  |TAMS 0x0000000083400000, 0x0000000083400000| Untracked 
|  53|0x0000000083500000, 0x0000000083500000, 0x0000000083600000|  0%| F|  |TAMS 0x0000000083500000, 0x0000000083500000| Untracked 
|  54|0x0000000083600000, 0x0000000083600000, 0x0000000083700000|  0%| F|  |TAMS 0x0000000083600000, 0x0000000083600000| Untracked 
|  55|0x0000000083700000, 0x0000000083700000, 0x0000000083800000|  0%| F|  |TAMS 0x0000000083700000, 0x0000000083700000| Untracked 
|  56|0x0000000083800000, 0x0000000083800000, 0x0000000083900000|  0%| F|  |TAMS 0x0000000083800000, 0x0000000083800000| Untracked 
|  57|0x0000000083900000, 0x0000000083900000, 0x0000000083a00000|  0%| F|  |TAMS 0x0000000083900000, 0x0000000083900000| Untracked 
|  58|0x0000000083a00000, 0x0000000083a00000, 0x0000000083b00000|  0%| F|  |TAMS 0x0000000083a00000, 0x0000000083a00000| Untracked 
|  59|0x0000000083b00000, 0x0000000083b00000, 0x0000000083c00000|  0%| F|  |TAMS 0x0000000083b00000, 0x0000000083b00000| Untracked 
|  60|0x0000000083c00000, 0x0000000083c00000, 0x0000000083d00000|  0%| F|  |TAMS 0x0000000083c00000, 0x0000000083c00000| Untracked 
|  61|0x0000000083d00000, 0x0000000083d00000, 0x0000000083e00000|  0%| F|  |TAMS 0x0000000083d00000, 0x0000000083d00000| Untracked 
|  62|0x0000000083e00000, 0x0000000083e3a2f0, 0x0000000083f00000| 22%| S|CS|TAMS 0x0000000083e00000, 0x0000000083e00000| Complete 
|  63|0x0000000083f00000, 0x0000000084000000, 0x0000000084000000|100%| S|CS|TAMS 0x0000000083f00000, 0x0000000083f00000| Complete 
|  64|0x0000000084000000, 0x0000000084100000, 0x0000000084100000|100%| S|CS|TAMS 0x0000000084000000, 0x0000000084000000| Complete 
|  65|0x0000000084100000, 0x0000000084100000, 0x0000000084200000|  0%| F|  |TAMS 0x0000000084100000, 0x0000000084100000| Untracked 
|  66|0x0000000084200000, 0x0000000084200000, 0x0000000084300000|  0%| F|  |TAMS 0x0000000084200000, 0x0000000084200000| Untracked 
|  67|0x0000000084300000, 0x0000000084300000, 0x0000000084400000|  0%| F|  |TAMS 0x0000000084300000, 0x0000000084300000| Untracked 
|  68|0x0000000084400000, 0x0000000084400000, 0x0000000084500000|  0%| F|  |TAMS 0x0000000084400000, 0x0000000084400000| Untracked 
|  69|0x0000000084500000, 0x0000000084500000, 0x0000000084600000|  0%| F|  |TAMS 0x0000000084500000, 0x0000000084500000| Untracked 
|  70|0x0000000084600000, 0x0000000084600000, 0x0000000084700000|  0%| F|  |TAMS 0x0000000084600000, 0x0000000084600000| Untracked 
|  71|0x0000000084700000, 0x0000000084700000, 0x0000000084800000|  0%| F|  |TAMS 0x0000000084700000, 0x0000000084700000| Untracked 
|  72|0x0000000084800000, 0x0000000084800000, 0x0000000084900000|  0%| F|  |TAMS 0x0000000084800000, 0x0000000084800000| Untracked 
|  73|0x0000000084900000, 0x0000000084900000, 0x0000000084a00000|  0%| F|  |TAMS 0x0000000084900000, 0x0000000084900000| Untracked 
|  74|0x0000000084a00000, 0x0000000084a00000, 0x0000000084b00000|  0%| F|  |TAMS 0x0000000084a00000, 0x0000000084a00000| Untracked 
|  75|0x0000000084b00000, 0x0000000084b00000, 0x0000000084c00000|  0%| F|  |TAMS 0x0000000084b00000, 0x0000000084b00000| Untracked 
|  76|0x0000000084c00000, 0x0000000084c00000, 0x0000000084d00000|  0%| F|  |TAMS 0x0000000084c00000, 0x0000000084c00000| Untracked 
|  77|0x0000000084d00000, 0x0000000084d00000, 0x0000000084e00000|  0%| F|  |TAMS 0x0000000084d00000, 0x0000000084d00000| Untracked 
|  78|0x0000000084e00000, 0x0000000084e00000, 0x0000000084f00000|  0%| F|  |TAMS 0x0000000084e00000, 0x0000000084e00000| Untracked 
|  79|0x0000000084f00000, 0x0000000084f00000, 0x0000000085000000|  0%| F|  |TAMS 0x0000000084f00000, 0x0000000084f00000| Untracked 
|  80|0x0000000085000000, 0x0000000085000000, 0x0000000085100000|  0%| F|  |TAMS 0x0000000085000000, 0x0000000085000000| Untracked 
|  81|0x0000000085100000, 0x0000000085100000, 0x0000000085200000|  0%| F|  |TAMS 0x0000000085100000, 0x0000000085100000| Untracked 
|  82|0x0000000085200000, 0x0000000085200000, 0x0000000085300000|  0%| F|  |TAMS 0x0000000085200000, 0x0000000085200000| Untracked 
|  83|0x0000000085300000, 0x0000000085300000, 0x0000000085400000|  0%| F|  |TAMS 0x0000000085300000, 0x0000000085300000| Untracked 
|  84|0x0000000085400000, 0x0000000085400000, 0x0000000085500000|  0%| F|  |TAMS 0x0000000085400000, 0x0000000085400000| Untracked 
|  85|0x0000000085500000, 0x0000000085500000, 0x0000000085600000|  0%| F|  |TAMS 0x0000000085500000, 0x0000000085500000| Untracked 
|  86|0x0000000085600000, 0x0000000085600000, 0x0000000085700000|  0%| F|  |TAMS 0x0000000085600000, 0x0000000085600000| Untracked 
|  87|0x0000000085700000, 0x0000000085700000, 0x0000000085800000|  0%| F|  |TAMS 0x0000000085700000, 0x0000000085700000| Untracked 
|  88|0x0000000085800000, 0x0000000085800000, 0x0000000085900000|  0%| F|  |TAMS 0x0000000085800000, 0x0000000085800000| Untracked 
|  89|0x0000000085900000, 0x0000000085900000, 0x0000000085a00000|  0%| F|  |TAMS 0x0000000085900000, 0x0000000085900000| Untracked 
|  90|0x0000000085a00000, 0x0000000085a00000, 0x0000000085b00000|  0%| F|  |TAMS 0x0000000085a00000, 0x0000000085a00000| Untracked 
|  91|0x0000000085b00000, 0x0000000085b00000, 0x0000000085c00000|  0%| F|  |TAMS 0x0000000085b00000, 0x0000000085b00000| Untracked 
|  92|0x0000000085c00000, 0x0000000085c00000, 0x0000000085d00000|  0%| F|  |TAMS 0x0000000085c00000, 0x0000000085c00000| Untracked 
|  93|0x0000000085d00000, 0x0000000085d00000, 0x0000000085e00000|  0%| F|  |TAMS 0x0000000085d00000, 0x0000000085d00000| Untracked 
|  94|0x0000000085e00000, 0x0000000085e00000, 0x0000000085f00000|  0%| F|  |TAMS 0x0000000085e00000, 0x0000000085e00000| Untracked 
|  95|0x0000000085f00000, 0x0000000085f00000, 0x0000000086000000|  0%| F|  |TAMS 0x0000000085f00000, 0x0000000085f00000| Untracked 
|  96|0x0000000086000000, 0x0000000086000000, 0x0000000086100000|  0%| F|  |TAMS 0x0000000086000000, 0x0000000086000000| Untracked 
|  97|0x0000000086100000, 0x0000000086100000, 0x0000000086200000|  0%| F|  |TAMS 0x0000000086100000, 0x0000000086100000| Untracked 
|  98|0x0000000086200000, 0x0000000086200000, 0x0000000086300000|  0%| F|  |TAMS 0x0000000086200000, 0x0000000086200000| Untracked 
|  99|0x0000000086300000, 0x0000000086300000, 0x0000000086400000|  0%| F|  |TAMS 0x0000000086300000, 0x0000000086300000| Untracked 
| 100|0x0000000086400000, 0x0000000086400000, 0x0000000086500000|  0%| F|  |TAMS 0x0000000086400000, 0x0000000086400000| Untracked 
| 101|0x0000000086500000, 0x0000000086500000, 0x0000000086600000|  0%| F|  |TAMS 0x0000000086500000, 0x0000000086500000| Untracked 
| 102|0x0000000086600000, 0x0000000086600000, 0x0000000086700000|  0%| F|  |TAMS 0x0000000086600000, 0x0000000086600000| Untracked 
| 103|0x0000000086700000, 0x0000000086700000, 0x0000000086800000|  0%| F|  |TAMS 0x0000000086700000, 0x0000000086700000| Untracked 
| 104|0x0000000086800000, 0x0000000086800000, 0x0000000086900000|  0%| F|  |TAMS 0x0000000086800000, 0x0000000086800000| Untracked 
| 105|0x0000000086900000, 0x0000000086900000, 0x0000000086a00000|  0%| F|  |TAMS 0x0000000086900000, 0x0000000086900000| Untracked 
| 106|0x0000000086a00000, 0x0000000086a80800, 0x0000000086b00000| 50%| E|  |TAMS 0x0000000086a00000, 0x0000000086a00000| Complete 
| 107|0x0000000086b00000, 0x0000000086c00000, 0x0000000086c00000|100%| E|CS|TAMS 0x0000000086b00000, 0x0000000086b00000| Complete 
| 108|0x0000000086c00000, 0x0000000086d00000, 0x0000000086d00000|100%| E|CS|TAMS 0x0000000086c00000, 0x0000000086c00000| Complete 
| 109|0x0000000086d00000, 0x0000000086e00000, 0x0000000086e00000|100%| E|CS|TAMS 0x0000000086d00000, 0x0000000086d00000| Complete 
| 110|0x0000000086e00000, 0x0000000086f00000, 0x0000000086f00000|100%| E|CS|TAMS 0x0000000086e00000, 0x0000000086e00000| Complete 
| 111|0x0000000086f00000, 0x0000000087000000, 0x0000000087000000|100%| E|CS|TAMS 0x0000000086f00000, 0x0000000086f00000| Complete 
| 112|0x0000000087000000, 0x0000000087100000, 0x0000000087100000|100%| E|CS|TAMS 0x0000000087000000, 0x0000000087000000| Complete 
| 113|0x0000000087100000, 0x0000000087200000, 0x0000000087200000|100%| E|CS|TAMS 0x0000000087100000, 0x0000000087100000| Complete 
| 114|0x0000000087200000, 0x0000000087300000, 0x0000000087300000|100%| E|CS|TAMS 0x0000000087200000, 0x0000000087200000| Complete 
| 115|0x0000000087300000, 0x0000000087400000, 0x0000000087400000|100%| E|CS|TAMS 0x0000000087300000, 0x0000000087300000| Complete 

Card table byte_map: [0x000002a6f7bf0000,0x000002a6f7ff0000] _byte_map_base: 0x000002a6f77f0000

Marking Bits (Prev, Next): (CMBitMap*) 0x000002a6f3c0e750, (CMBitMap*) 0x000002a6f3c0e718
 Prev Bits: [0x000002a6fa3f0000, 0x000002a6fc3f0000)
 Next Bits: [0x000002a6f83f0000, 0x000002a6fa3f0000)

Polling page: 0x000002a6f33b0000

Metaspace:

Usage:
  Non-class:     19.04 MB capacity,    18.66 MB ( 98%) used,   357.95 KB (  2%) free+waste,    37.44 KB ( <1%) overhead. 
      Class:      2.83 MB capacity,     2.67 MB ( 94%) used,   153.55 KB (  5%) free+waste,    18.44 KB ( <1%) overhead. 
       Both:     21.88 MB capacity,    21.32 MB ( 97%) used,   511.49 KB (  2%) free+waste,    55.88 KB ( <1%) overhead. 

Virtual space:
  Non-class space:       20.00 MB reserved,      19.25 MB ( 96%) committed 
      Class space:        1.00 GB reserved,       2.88 MB ( <1%) committed 
             Both:        1.02 GB reserved,      22.13 MB (  2%) committed 

Chunk freelists:
   Non-Class:  18.00 KB
       Class:  11.00 KB
        Both:  29.00 KB

MaxMetaspaceSize: 17179869184.00 GB
CompressedClassSpaceSize: 1.00 GB
Initial GC threshold: 20.80 MB
Current GC threshold: 35.00 MB
CDS: off

CodeHeap 'non-profiled nmethods': size=120064Kb used=887Kb max_used=887Kb free=119177Kb
 bounds [0x000002a687ac0000, 0x000002a687d30000, 0x000002a68f000000]
CodeHeap 'profiled nmethods': size=120000Kb used=4051Kb max_used=4051Kb free=115948Kb
 bounds [0x000002a680590000, 0x000002a680990000, 0x000002a687ac0000]
CodeHeap 'non-nmethods': size=5696Kb used=1211Kb max_used=1229Kb free=4484Kb
 bounds [0x000002a680000000, 0x000002a680270000, 0x000002a680590000]
 total_blobs=2390 nmethods=1908 adapters=394
 compilation: enabled
              stopped_count=0, restarted_count=0
 full_count=0

Compilation events (20 events):
Event: 2.691 Thread 0x000002a6fec2c800 1890       3       java.security.MessageDigest$Delegate::engineUpdate (11 bytes)
Event: 2.691 Thread 0x000002a6fec2c800 nmethod 1890 0x000002a680971410 code [0x000002a6809715c0, 0x000002a680971788]
Event: 2.691 Thread 0x000002a6fec2c800 1891       3       java.lang.invoke.DirectMethodHandle::preparedLambdaForm (31 bytes)
Event: 2.691 Thread 0x000002a6fec2c800 nmethod 1891 0x000002a680971890 code [0x000002a680971a80, 0x000002a680971ca8]
Event: 2.691 Thread 0x000002a6fec2c800 1893       3       java.security.MessageDigest::update (14 bytes)
Event: 2.691 Thread 0x000002a6fec2c800 nmethod 1893 0x000002a680971e10 code [0x000002a680971fc0, 0x000002a6809721a8]
Event: 2.691 Thread 0x000002a6fec2c800 1896       3       sun.security.provider.MD5::HH (29 bytes)
Event: 2.691 Thread 0x000002a6fec2c800 nmethod 1896 0x000002a680972290 code [0x000002a680972440, 0x000002a680972558]
Event: 2.691 Thread 0x000002a6fec2c800 1897       3       sun.security.provider.MD5::II (31 bytes)
Event: 2.692 Thread 0x000002a6fec2c800 nmethod 1897 0x000002a680972610 code [0x000002a6809727c0, 0x000002a6809728d8]
Event: 2.692 Thread 0x000002a6fec2c800 1894       3       sun.security.provider.MD5::FF (33 bytes)
Event: 2.692 Thread 0x000002a6fec2c800 nmethod 1894 0x000002a680972990 code [0x000002a680972b40, 0x000002a680972c58]
Event: 2.692 Thread 0x000002a6fec2c800 1895       3       sun.security.provider.MD5::GG (33 bytes)
Event: 2.692 Thread 0x000002a6fec2c800 nmethod 1895 0x000002a680972d10 code [0x000002a680972ec0, 0x000002a680972fd8]
Event: 2.695 Thread 0x000002a6fec2c800 1898       3       java.lang.StringBuilder::append (8 bytes)
Event: 2.695 Thread 0x000002a6fec2c800 nmethod 1898 0x000002a680973090 code [0x000002a680973240, 0x000002a680973388]
Event: 2.695 Thread 0x000002a6fec2c800 1899       3       java.lang.AbstractStringBuilder::append (54 bytes)
Event: 2.695 Thread 0x000002a6fec2c800 nmethod 1899 0x000002a680973410 code [0x000002a680973640, 0x000002a680973f08]
Event: 2.695 Thread 0x000002a6fec2c800 1900       3       java.util.Collections::emptySet (4 bytes)
Event: 2.695 Thread 0x000002a6fec2c800 nmethod 1900 0x000002a680974090 code [0x000002a680974240, 0x000002a680974338]

GC Heap History (8 events):
Event: 0.977 GC heap before
{Heap before GC invocations=0 (full 0):
 garbage-first heap   total 118784K, used 27648K [0x0000000080000000, 0x0000000100000000)
  region size 1024K, 22 young (22528K), 0 survivors (0K)
 Metaspace       used 9921K, capacity 10176K, committed 10368K, reserved 1058816K
  class space    used 1014K, capacity 1073K, committed 1152K, reserved 1048576K
}
Event: 0.984 GC heap after
{Heap after GC invocations=1 (full 0):
 garbage-first heap   total 118784K, used 9334K [0x0000000080000000, 0x0000000100000000)
  region size 1024K, 3 young (3072K), 3 survivors (3072K)
 Metaspace       used 9921K, capacity 10176K, committed 10368K, reserved 1058816K
  class space    used 1014K, capacity 1073K, committed 1152K, reserved 1048576K
}
Event: 1.216 GC heap before
{Heap before GC invocations=1 (full 0):
 garbage-first heap   total 118784K, used 25718K [0x0000000080000000, 0x0000000100000000)
  region size 1024K, 19 young (19456K), 3 survivors (3072K)
 Metaspace       used 11177K, capacity 11456K, committed 11520K, reserved 1058816K
  class space    used 1174K, capacity 1244K, committed 1280K, reserved 1048576K
}
Event: 1.219 GC heap after
{Heap after GC invocations=2 (full 0):
 garbage-first heap   total 118784K, used 9971K [0x0000000080000000, 0x0000000100000000)
  region size 1024K, 1 young (1024K), 1 survivors (1024K)
 Metaspace       used 11177K, capacity 11456K, committed 11520K, reserved 1058816K
  class space    used 1174K, capacity 1244K, committed 1280K, reserved 1048576K
}
Event: 1.779 GC heap before
{Heap before GC invocations=2 (full 0):
 garbage-first heap   total 118784K, used 52979K [0x0000000080000000, 0x0000000100000000)
  region size 1024K, 43 young (44032K), 1 survivors (1024K)
 Metaspace       used 14001K, capacity 14345K, committed 14464K, reserved 1062912K
  class space    used 1564K, capacity 1654K, committed 1664K, reserved 1048576K
}
Event: 1.782 GC heap after
{Heap after GC invocations=3 (full 0):
 garbage-first heap   total 118784K, used 15080K [0x0000000080000000, 0x0000000100000000)
  region size 1024K, 6 young (6144K), 6 survivors (6144K)
 Metaspace       used 14001K, capacity 14345K, committed 14464K, reserved 1062912K
  class space    used 1564K, capacity 1654K, committed 1664K, reserved 1048576K
}
Event: 2.611 GC heap before
{Heap before GC invocations=3 (full 0):
 garbage-first heap   total 118784K, used 59112K [0x0000000080000000, 0x0000000100000000)
  region size 1024K, 51 young (52224K), 6 survivors (6144K)
 Metaspace       used 20658K, capacity 21085K, committed 21248K, reserved 1067008K
  class space    used 2543K, capacity 2712K, committed 2816K, reserved 1048576K
}
Event: 2.617 GC heap after
{Heap after GC invocations=4 (full 0):
 garbage-first heap   total 118784K, used 17541K [0x0000000080000000, 0x0000000100000000)
  region size 1024K, 3 young (3072K), 3 survivors (3072K)
 Metaspace       used 20658K, capacity 21085K, committed 21248K, reserved 1067008K
  class space    used 2543K, capacity 2712K, committed 2816K, reserved 1048576K
}

Deoptimization events (20 events):
Event: 2.594 Thread 0x000002a690349800 Uncommon trap: trap_request=0xffffff4d fr.pc=0x000002a687adc1a0 relative=0x00000000000009a0
Event: 2.594 Thread 0x000002a690349800 Uncommon trap: reason=unstable_if action=reinterpret pc=0x000002a687adc1a0 method=java.io.WinNTFileSystem.resolve(Ljava/lang/String;Ljava/lang/String;)Ljava/lang/String; @ 19 c2
Event: 2.594 Thread 0x000002a690349800 DEOPT PACKING pc=0x000002a687adc1a0 sp=0x000000abdc8fb450
Event: 2.594 Thread 0x000002a690349800 DEOPT UNPACKING pc=0x000002a68004a1af sp=0x000000abdc8fb3f8 mode 2
Event: 2.594 Thread 0x000002a690349800 Uncommon trap: trap_request=0xffffffc6 fr.pc=0x000002a687b34b24 relative=0x0000000000000084
Event: 2.594 Thread 0x000002a690349800 Uncommon trap: reason=bimorphic_or_optimized_type_check action=maybe_recompile pc=0x000002a687b34b24 method=java.util.AbstractList$Itr.hasNext()Z @ 8 c2
Event: 2.594 Thread 0x000002a690349800 DEOPT PACKING pc=0x000002a687b34b24 sp=0x000000abdc8faa30
Event: 2.594 Thread 0x000002a690349800 DEOPT UNPACKING pc=0x000002a68004a1af sp=0x000000abdc8fa9c8 mode 2
Event: 2.594 Thread 0x000002a690349800 Uncommon trap: trap_request=0xffffffc6 fr.pc=0x000002a687b34ed4 relative=0x0000000000000114
Event: 2.594 Thread 0x000002a690349800 Uncommon trap: reason=bimorphic_or_optimized_type_check action=maybe_recompile pc=0x000002a687b34ed4 method=java.util.AbstractList$Itr.next()Ljava/lang/Object; @ 14 c2
Event: 2.594 Thread 0x000002a690349800 DEOPT PACKING pc=0x000002a687b34ed4 sp=0x000000abdc8faa20
Event: 2.594 Thread 0x000002a690349800 DEOPT UNPACKING pc=0x000002a68004a1af sp=0x000000abdc8fa9b8 mode 2
Event: 2.595 Thread 0x000002a690349800 Uncommon trap: trap_request=0xffffff4d fr.pc=0x000002a687b31cf0 relative=0x0000000000000630
Event: 2.595 Thread 0x000002a690349800 Uncommon trap: reason=unstable_if action=reinterpret pc=0x000002a687b31cf0 method=java.io.File.getName()Ljava/lang/String; @ 16 c2
Event: 2.595 Thread 0x000002a690349800 DEOPT PACKING pc=0x000002a687b31cf0 sp=0x000000abdc8fb3f0
Event: 2.595 Thread 0x000002a690349800 DEOPT UNPACKING pc=0x000002a68004a1af sp=0x000000abdc8fb3c0 mode 2
Event: 2.595 Thread 0x000002a690349800 Uncommon trap: trap_request=0xffffff4d fr.pc=0x000002a687b7d608 relative=0x00000000000004c8
Event: 2.595 Thread 0x000002a690349800 Uncommon trap: reason=unstable_if action=reinterpret pc=0x000002a687b7d608 method=java.lang.String.substring(I)Ljava/lang/String; @ 34 c2
Event: 2.595 Thread 0x000002a690349800 DEOPT PACKING pc=0x000002a687b7d608 sp=0x000000abdc8fb370
Event: 2.595 Thread 0x000002a690349800 DEOPT UNPACKING pc=0x000002a68004a1af sp=0x000000abdc8fb348 mode 2

Classes redefined (0 events):
No events

Internal exceptions (20 events):
Event: 0.416 Thread 0x000002a6f3bce000 Exception <a 'java/lang/NoSuchMethodError'{0x00000000870bfe88}: 'int java.lang.invoke.DirectMethodHandle$Holder.invokeSpecialIFC(java.lang.Object, java.lang.Object, int)'> (0x00000000870bfe88) thrown at [./src/hotspot/share/interpreter/linkResolver.cpp, line 773]
Event: 0.775 Thread 0x000002a6f3bce000 Exception <a 'java/lang/NoClassDefFoundError'{0x00000000865dff10}: org/slf4j/impl/StaticMarkerBinder> (0x00000000865dff10) thrown at [./src/hotspot/share/classfile/systemDictionary.cpp, line 220]
Event: 0.842 Thread 0x000002a6f3bce000 Exception <a 'java/lang/NoSuchMethodError'{0x000000008617c0c0}: 'java.lang.Object java.lang.invoke.DirectMethodHandle$Holder.invokeVirtual(java.lang.Object, java.lang.Object, java.lang.Object, java.lang.Object, java.lang.Object, java.lang.Object, java.lang.Object)'> (0x000000008617c0c0) thrown at [./src/hotspot/share/interpreter/linkResolver.cpp, line 773]
Event: 0.844 Thread 0x000002a6f3bce000 Exception <a 'java/lang/NoSuchMethodError'{0x00000000861905d0}: 'java.lang.Object java.lang.invoke.Invokers$Holder.invoker(java.lang.Object, java.lang.Object, java.lang.Object)'> (0x00000000861905d0) thrown at [./src/hotspot/share/interpreter/linkResolver.cpp, line 773]
Event: 0.847 Thread 0x000002a6f3bce000 Exception <a 'java/lang/NoSuchMethodError'{0x00000000861a1648}: 'void java.lang.invoke.DelegatingMethodHandle$Holder.delegate(java.lang.Object, java.lang.Object, int, java.lang.Object)'> (0x00000000861a1648) thrown at [./src/hotspot/share/interpreter/linkResolver.cpp, line 773]
Event: 1.477 Thread 0x000002a6f3bce000 Exception <a 'java/security/PrivilegedActionException'{0x0000000085de6660}> (0x0000000085de6660) thrown at [./src/hotspot/share/prims/jvm.cpp, line 1306]
Event: 1.477 Thread 0x000002a6f3bce000 Exception <a 'java/security/PrivilegedActionException'{0x0000000085de6bd8}> (0x0000000085de6bd8) thrown at [./src/hotspot/share/prims/jvm.cpp, line 1306]
Event: 1.712 Thread 0x000002a6f3bce000 Exception <a 'java/lang/NoSuchMethodError'{0x0000000084b10068}: 'java.lang.Object java.lang.invoke.DirectMethodHandle$Holder.invokeStaticInit(java.lang.Object, java.lang.Object, java.lang.Object)'> (0x0000000084b10068) thrown at [./src/hotspot/share/interpreter/linkResolver.cpp, line 773]
Event: 1.837 Thread 0x000002a6f3bce000 Exception <a 'java/lang/NoSuchMethodError'{0x0000000087065940}: 'java.lang.Object java.lang.invoke.DirectMethodHandle$Holder.invokeStaticInit(java.lang.Object, int, int, int, int)'> (0x0000000087065940) thrown at [./src/hotspot/share/interpreter/linkResolver.cpp, line 773]
Event: 1.966 Thread 0x000002a6f3bce000 Exception <a 'java/lang/NoSuchMethodError'{0x00000000870a1460}: 'java.lang.Object java.lang.invoke.DirectMethodHandle$Holder.invokeStaticInit(java.lang.Object, java.lang.Object, int, int, int, int)'> (0x00000000870a1460) thrown at [./src/hotspot/share/interpreter/linkResolver.cpp, line 773]
Event: 2.147 Thread 0x000002a6f3bce000 Exception <a 'java/io/IOException'{0x0000000086ee1ef0}> (0x0000000086ee1ef0) thrown at [./src/hotspot/share/prims/jni.cpp, line 615]
Event: 2.251 Thread 0x000002a690349800 Exception <a 'java/lang/NoSuchMethodError'{0x00000000867da1b8}: 'long java.lang.invoke.DirectMethodHandle$Holder.invokeInterface(java.lang.Object, java.lang.Object)'> (0x00000000867da1b8) thrown at [./src/hotspot/share/interpreter/linkResolver.cpp, line 773]
Event: 2.251 Thread 0x000002a690349800 Exception <a 'java/lang/NoSuchMethodError'{0x00000000867e7258}: 'void java.lang.invoke.DelegatingMethodHandle$Holder.reinvoke_L(java.lang.Object, java.lang.Object, java.lang.Object, java.lang.Object, java.lang.Object, java.lang.Object, java.lang.Object)'> (0x00000000867e7258) thrown at [./src/hotspot/share/interpreter/linkResolver.cpp, line 773]
Event: 2.529 Thread 0x000002a690349800 Exception <a 'java/lang/NoSuchMethodError'{0x0000000084c49378}: 'void java.lang.invoke.DirectMethodHandle$Holder.invokeStaticInit(java.lang.Object)'> (0x0000000084c49378) thrown at [./src/hotspot/share/interpreter/linkResolver.cpp, line 773]
Event: 2.542 Thread 0x000002a690349800 Exception <a 'java/lang/NoSuchMethodError'{0x0000000084cf5ed8}: 'java.lang.Object java.lang.invoke.DirectMethodHandle$Holder.invokeStatic(java.lang.Object, java.lang.Object, java.lang.Object, int)'> (0x0000000084cf5ed8) thrown at [./src/hotspot/share/interpreter/linkResolver.cpp, line 773]
Event: 2.542 Thread 0x000002a690349800 Exception <a 'java/lang/NoSuchMethodError'{0x0000000084b045f0}: 'java.lang.Object java.lang.invoke.DirectMethodHandle$Holder.invokeSpecial(java.lang.Object, java.lang.Object, java.lang.Object, java.lang.Object, int)'> (0x0000000084b045f0) thrown at [./src/hotspot/share/interpreter/linkResolver.cpp, line 773]
Event: 2.542 Thread 0x000002a690349800 Exception <a 'java/lang/NoSuchMethodError'{0x0000000084b08528}: 'java.lang.Object java.lang.invoke.Invokers$Holder.linkToTargetMethod(java.lang.Object, java.lang.Object, int, java.lang.Object)'> (0x0000000084b08528) thrown at [./src/hotspot/share/interpreter/linkResolver.cpp, line 773]
Event: 2.657 Thread 0x000002a690349800 Exception <a 'java/lang/NoSuchMethodError'{0x00000000871528f0}: 'int java.lang.invoke.DirectMethodHandle$Holder.invokeSpecialIFC(java.lang.Object, java.lang.Object, java.lang.Object, java.lang.Object)'> (0x00000000871528f0) thrown at [./src/hotspot/share/interpreter/linkResolver.cpp, line 773]
Event: 2.658 Thread 0x000002a690349800 Exception <a 'java/lang/NoSuchMethodError'{0x00000000871608a8}: 'java.lang.Object java.lang.invoke.DirectMethodHandle$Holder.invokeInterface(java.lang.Object, java.lang.Object, java.lang.Object)'> (0x00000000871608a8) thrown at [./src/hotspot/share/interpreter/linkResolver.cpp, line 773]
Event: 2.658 Thread 0x000002a690349800 Exception <a 'java/lang/IncompatibleClassChangeError'{0x0000000087163d80}: Found class java.lang.Object, but interface was expected> (0x0000000087163d80) thrown at [./src/hotspot/share/interpreter/linkResolver.cpp, line 839]

Events (20 events):
Event: 2.696 loading class org/gradle/api/internal/file/ManagedFactories$RegularFilePropertyManagedFactory
Event: 2.696 loading class org/gradle/api/internal/file/ManagedFactories$RegularFilePropertyManagedFactory done
Event: 2.697 loading class org/gradle/api/internal/file/ManagedFactories$DirectoryManagedFactory
Event: 2.697 loading class org/gradle/api/internal/file/ManagedFactories$DirectoryManagedFactory done
Event: 2.697 loading class org/gradle/api/internal/file/ManagedFactories$DirectoryPropertyManagedFactory
Event: 2.697 loading class org/gradle/api/internal/file/ManagedFactories$DirectoryPropertyManagedFactory done
Event: 2.697 loading class org/gradle/api/internal/provider/ManagedFactories$SetPropertyManagedFactory
Event: 2.697 loading class org/gradle/api/internal/provider/ManagedFactories$SetPropertyManagedFactory done
Event: 2.697 loading class org/gradle/api/internal/provider/DefaultSetProperty
Event: 2.697 loading class org/gradle/api/internal/provider/DefaultSetProperty done
Event: 2.698 loading class org/gradle/api/internal/provider/AbstractCollectionProperty
Event: 2.698 loading class org/gradle/api/internal/provider/AbstractCollectionProperty done
Event: 2.699 loading class org/gradle/api/internal/provider/CollectionPropertyInternal
Event: 2.699 loading class org/gradle/api/internal/provider/CollectionPropertyInternal done
Event: 2.699 loading class org/gradle/api/internal/provider/PropertyInternal
Event: 2.699 loading class org/gradle/api/internal/provider/PropertyInternal done
Event: 2.699 loading class org/gradle/api/internal/provider/ProviderInternal
Event: 2.699 loading class org/gradle/api/internal/provider/ProviderInternal done
Event: 2.699 loading class org/gradle/api/internal/provider/ValueSupplier
Event: 2.699 loading class org/gradle/api/internal/provider/ValueSupplier done


Dynamic libraries:
0x00007ff7f8200000 - 0x00007ff7f820a000 	C:\Program Files\Android\Android Studio\jre\bin\java.exe
0x00007ff8946b0000 - 0x00007ff8948a8000 	C:\Windows\SYSTEM32\ntdll.dll
0x00007ff893d30000 - 0x00007ff893def000 	C:\Windows\System32\KERNEL32.DLL
0x00007ff892420000 - 0x00007ff8926f2000 	C:\Windows\System32\KERNELBASE.dll
0x00007ff891f10000 - 0x00007ff892010000 	C:\Windows\System32\ucrtbase.dll
0x00007ff88d3a0000 - 0x00007ff88d3b9000 	C:\Program Files\Android\Android Studio\jre\bin\jli.dll
0x00007ff893720000 - 0x00007ff8938c1000 	C:\Windows\System32\USER32.dll
0x00007ff892350000 - 0x00007ff892372000 	C:\Windows\System32\win32u.dll
0x00007ff892880000 - 0x00007ff8928ab000 	C:\Windows\System32\GDI32.dll
0x00007ff88bed0000 - 0x00007ff88bee7000 	C:\Program Files\Android\Android Studio\jre\bin\VCRUNTIME140.dll
0x00007ff8921c0000 - 0x00007ff8922cf000 	C:\Windows\System32\gdi32full.dll
0x00007ff892380000 - 0x00007ff89241d000 	C:\Windows\System32\msvcp_win.dll
0x00007ff87e280000 - 0x00007ff87e51a000 	C:\Windows\WinSxS\amd64_microsoft.windows.common-controls_6595b64144ccf1df_6.0.19041.1110_none_60b5254171f9507e\COMCTL32.dll
0x00007ff8929d0000 - 0x00007ff892a6e000 	C:\Windows\System32\msvcrt.dll
0x00007ff8932c0000 - 0x00007ff8932f0000 	C:\Windows\System32\IMM32.DLL
0x00007ff883dc0000 - 0x00007ff883e5d000 	C:\Program Files\Android\Android Studio\jre\bin\msvcp140.dll
0x00007ff85ff90000 - 0x00007ff860a75000 	C:\Program Files\Android\Android Studio\jre\bin\server\jvm.dll
0x00007ff8927d0000 - 0x00007ff89287e000 	C:\Windows\System32\ADVAPI32.dll
0x00007ff8938d0000 - 0x00007ff89396c000 	C:\Windows\System32\sechost.dll
0x00007ff893df0000 - 0x00007ff893f14000 	C:\Windows\System32\RPCRT4.dll
0x00007ff8936b0000 - 0x00007ff8936b8000 	C:\Windows\System32\PSAPI.DLL
0x00007ff8880d0000 - 0x00007ff8880da000 	C:\Windows\SYSTEM32\VERSION.dll
0x00007ff887ed0000 - 0x00007ff887ef7000 	C:\Windows\SYSTEM32\WINMM.dll
0x00007ff88f0c0000 - 0x00007ff88f0c9000 	C:\Windows\SYSTEM32\WSOCK32.dll
0x00007ff892ad0000 - 0x00007ff892b3b000 	C:\Windows\System32\ws2_32.DLL
0x00007ff890600000 - 0x00007ff890612000 	C:\Windows\SYSTEM32\kernel.appcore.dll
0x00007ff88b520000 - 0x00007ff88b531000 	C:\Program Files\Android\Android Studio\jre\bin\verify.dll
0x00007ff88fa20000 - 0x00007ff88fc04000 	C:\Windows\SYSTEM32\DBGHELP.DLL
0x00007ff880ff0000 - 0x00007ff881025000 	C:\Windows\SYSTEM32\dbgcore.DLL
0x00007ff892010000 - 0x00007ff892092000 	C:\Windows\System32\bcryptPrimitives.dll
0x00007ff88b4f0000 - 0x00007ff88b519000 	C:\Program Files\Android\Android Studio\jre\bin\java.dll
0x00007ff88d270000 - 0x00007ff88d27b000 	C:\Program Files\Android\Android Studio\jre\bin\jimage.dll
0x00007ff88b400000 - 0x00007ff88b418000 	C:\Program Files\Android\Android Studio\jre\bin\zip.dll
0x00007ff893f20000 - 0x00007ff894665000 	C:\Windows\System32\SHELL32.dll
0x00007ff88fc10000 - 0x00007ff8903a2000 	C:\Windows\SYSTEM32\windows.storage.dll
0x00007ff893970000 - 0x00007ff893cc5000 	C:\Windows\System32\combase.dll
0x00007ff891730000 - 0x00007ff891760000 	C:\Windows\SYSTEM32\Wldp.dll
0x00007ff893450000 - 0x00007ff8934fd000 	C:\Windows\System32\SHCORE.dll
0x00007ff893260000 - 0x00007ff8932b5000 	C:\Windows\System32\shlwapi.dll
0x00007ff891cf0000 - 0x00007ff891d0f000 	C:\Windows\SYSTEM32\profapi.dll
0x00007ff88b330000 - 0x00007ff88b34a000 	C:\Program Files\Android\Android Studio\jre\bin\net.dll
0x00007ff885c40000 - 0x00007ff885d4a000 	C:\Windows\SYSTEM32\WINHTTP.dll
0x00007ff891490000 - 0x00007ff8914fa000 	C:\Windows\system32\mswsock.dll
0x00007ff88b260000 - 0x00007ff88b274000 	C:\Program Files\Android\Android Studio\jre\bin\nio.dll
0x00007ff873630000 - 0x00007ff873657000 	C:\Users\ParkHyeSung\.gradle\native\e1d6ef7f7dcc3fd88c89a11ec53ec762bb8ba0a96d01ffa2cd45eb1d1d8dd5c5\windows-amd64\native-platform.dll
0x00007ff86e820000 - 0x00007ff86e964000 	C:\Users\ParkHyeSung\.gradle\native\5664cfc778a61ccfe75a443a1ab52a65af34e5dc3c78e0209fed803814484fcb\windows-amd64\native-platform-file-events.dll
0x00007ff88b4e0000 - 0x00007ff88b4ea000 	C:\Program Files\Android\Android Studio\jre\bin\management.dll
0x00007ff88b3f0000 - 0x00007ff88b3fd000 	C:\Program Files\Android\Android Studio\jre\bin\management_ext.dll
0x00007ff891690000 - 0x00007ff8916a8000 	C:\Windows\SYSTEM32\CRYPTSP.dll
0x00007ff890db0000 - 0x00007ff890de4000 	C:\Windows\system32\rsaenh.dll
0x00007ff8922d0000 - 0x00007ff8922f7000 	C:\Windows\System32\bcrypt.dll
0x00007ff891c70000 - 0x00007ff891c9e000 	C:\Windows\SYSTEM32\USERENV.dll
0x00007ff891680000 - 0x00007ff89168c000 	C:\Windows\SYSTEM32\CRYPTBASE.dll
0x00007ff891180000 - 0x00007ff8911bb000 	C:\Windows\SYSTEM32\IPHLPAPI.DLL
0x00007ff893240000 - 0x00007ff893248000 	C:\Windows\System32\NSI.dll
0x00007ff885ef0000 - 0x00007ff885f07000 	C:\Windows\SYSTEM32\dhcpcsvc6.DLL
0x00007ff888000000 - 0x00007ff88801d000 	C:\Windows\SYSTEM32\dhcpcsvc.DLL
0x00007ff8911c0000 - 0x00007ff89128b000 	C:\Windows\SYSTEM32\DNSAPI.dll

dbghelp: loaded successfully - version: 4.0.5 - missing functions: none
symbol engine: initialized successfully - sym options: 0x614 - pdb path: .;C:\Program Files\Android\Android Studio\jre\bin;C:\Windows\SYSTEM32;C:\Windows\WinSxS\amd64_microsoft.windows.common-controls_6595b64144ccf1df_6.0.19041.1110_none_60b5254171f9507e;C:\Program Files\Android\Android Studio\jre\bin\server;C:\Users\ParkHyeSung\.gradle\native\e1d6ef7f7dcc3fd88c89a11ec53ec762bb8ba0a96d01ffa2cd45eb1d1d8dd5c5\windows-amd64;C:\Users\ParkHyeSung\.gradle\native\5664cfc778a61ccfe75a443a1ab52a65af34e5dc3c78e0209fed803814484fcb\windows-amd64

VM Arguments:
jvm_args: --add-opens=java.base/java.util=ALL-UNNAMED --add-opens=java.base/java.lang=ALL-UNNAMED --add-opens=java.base/java.lang.invoke=ALL-UNNAMED --add-opens=java.base/java.util=ALL-UNNAMED --add-opens=java.prefs/java.util.prefs=ALL-UNNAMED --add-opens=java.prefs/java.util.prefs=ALL-UNNAMED --add-opens=java.base/java.nio.charset=ALL-UNNAMED --add-opens=java.base/java.net=ALL-UNNAMED --add-opens=java.base/java.util.concurrent.atomic=ALL-UNNAMED -Xmx2048m -Dfile.encoding=UTF-8 -Duser.country=KR -Duser.language=ko -Duser.variant 
java_command: org.gradle.launcher.daemon.bootstrap.GradleDaemon 7.3.3
java_class_path (initial): C:\Users\ParkHyeSung\.gradle\wrapper\dists\gradle-7.3.3-bin\6a41zxkdtcxs8rphpq6y0069z\gradle-7.3.3\lib\gradle-launcher-7.3.3.jar
Launcher Type: SUN_STANDARD

[Global flags]
     intx CICompilerCount                          = 3                                         {product} {ergonomic}
     uint ConcGCThreads                            = 2                                         {product} {ergonomic}
     uint G1ConcRefinementThreads                  = 6                                         {product} {ergonomic}
   size_t G1HeapRegionSize                         = 1048576                                   {product} {ergonomic}
    uintx GCDrainStackTargetSize                   = 64                                        {product} {ergonomic}
   size_t InitialHeapSize                          = 121634816                                 {product} {ergonomic}
   size_t MarkStackSize                            = 4194304                                   {product} {ergonomic}
   size_t MaxHeapSize                              = 2147483648                                {product} {command line}
   size_t MaxNewSize                               = 1287651328                                {product} {ergonomic}
   size_t MinHeapDeltaBytes                        = 1048576                                   {product} {ergonomic}
    uintx NonNMethodCodeHeapSize                   = 5830732                                {pd product} {ergonomic}
    uintx NonProfiledCodeHeapSize                  = 122913754                              {pd product} {ergonomic}
    uintx ProfiledCodeHeapSize                     = 122913754                              {pd product} {ergonomic}
    uintx ReservedCodeCacheSize                    = 251658240                              {pd product} {ergonomic}
     bool SegmentedCodeCache                       = true                                      {product} {ergonomic}
     bool UseCompressedClassPointers               = true                                 {lp64_product} {ergonomic}
     bool UseCompressedOops                        = true                                 {lp64_product} {ergonomic}
     bool UseG1GC                                  = true                                      {product} {ergonomic}
     bool UseLargePagesIndividualAllocation        = false                                  {pd product} {ergonomic}

Logging:
Log output configuration:
 #0: stdout all=warning uptime,level,tags
 #1: stderr all=off uptime,level,tags

Environment Variables:
PATH=C:\Program Files\Common Files\Oracle\Java\javapath;C:\Windows\system32;C:\Windows;C:\Windows\System32\Wbem;C:\Windows\System32\WindowsPowerShell\v1.0\;C:\Windows\System32\OpenSSH\;C:\Program Files\Bandizip\;C:\MinGW\bin;C:\Program Files\mingw-w64\x86_64-7.2.0-win32-seh-rt_v5-rev1\mingw64\bin;C:\Users\ParkHyeSung\AppData\Local\Programs\Python\Python310\Scripts\;C:\Users\ParkHyeSung\AppData\Local\Programs\Python\Python310\;C:\Users\ParkHyeSung\AppData\Local\Microsoft\WindowsApps;;C:\Program Files\JetBrains\IntelliJ IDEA 2022.2.1\bin;
USERNAME=ParkHyeSung
OS=Windows_NT
PROCESSOR_IDENTIFIER=AMD64 Family 23 Model 96 Stepping 1, AuthenticAMD



---------------  S Y S T E M  ---------------

OS: Windows 10 , 64 bit Build 19041 (10.0.19041.2546)
OS uptime: 5 days 1:27 hours

CPU:total 6 (initial active 6) (6 cores per cpu, 1 threads per core) family 23 model 96 stepping 1 microcode 0x0, cmov, cx8, fxsr, mmx, sse, sse2, sse3, ssse3, sse4.1, sse4.2, popcnt, avx, avx2, aes, clmul, mmxext, 3dnowpref, lzcnt, sse4a, tsc, tscinvbit, tscinv, bmi1, bmi2, adx, sha, fma

Memory: 4k page, system-wide physical 7343M (275M free)
TotalPageFile size 29871M (AvailPageFile size 4M)
current process WorkingSet (physical memory assigned to process): 160M, peak: 160M
current process commit charge ("private bytes"): 244M, peak: 245M

vm_info: OpenJDK 64-Bit Server VM (11.0.12+7-b1504.28-7817840) for windows-amd64 JRE (11.0.12+7-b1504.28-7817840), built on Oct 13 2021 22:12:33 by "builder" with MS VC++ 14.0 (VS2015)

END.
