#
# There is insufficient memory for the Java Runtime Environment to continue.
# Native memory allocation (malloc) failed to allocate 1866256 bytes for Chunk::new
# Possible reasons:
#   The system is out of physical RAM or swap space
#   The process is running with CompressedOops enabled, and the Java Heap may be blocking the growth of the native heap
# Possible solutions:
#   Reduce memory load on the system
#   Increase physical memory or swap space
#   Check if swap backing store is full
#   Decrease Java heap size (-Xmx/-Xms)
#   Decrease number of Java threads
#   Decrease Java thread stack sizes (-Xss)
#   Set larger code cache with -XX:ReservedCodeCacheSize=
#   JVM is running with Unscaled Compressed Oops mode in which the Java heap is
#     placed in the first 4GB address space. The Java Heap base address is the
#     maximum limit for the native heap growth. Please use -XX:HeapBaseMinAddress
#     to set the Java Heap base and to place the Java Heap above 4GB virtual address.
# This output file may be truncated or incomplete.
#
#  Out of Memory Error (./src/hotspot/share/memory/arena.cpp:197), pid=8484, tid=9420
#
# JRE version: OpenJDK Runtime Environment (11.0.12+7) (build 11.0.12+7-b1504.28-7817840)
# Java VM: OpenJDK 64-Bit Server VM (11.0.12+7-b1504.28-7817840, mixed mode, tiered, compressed oops, g1 gc, windows-amd64)
# No core dump will be written. Minidumps are not enabled by default on client versions of Windows
#

---------------  S U M M A R Y ------------

Command Line: --add-opens=java.base/java.util=ALL-UNNAMED --add-opens=java.base/java.lang=ALL-UNNAMED --add-opens=java.base/java.lang.invoke=ALL-UNNAMED --add-opens=java.base/java.util=ALL-UNNAMED --add-opens=java.prefs/java.util.prefs=ALL-UNNAMED --add-opens=java.prefs/java.util.prefs=ALL-UNNAMED --add-opens=java.base/java.nio.charset=ALL-UNNAMED --add-opens=java.base/java.net=ALL-UNNAMED --add-opens=java.base/java.util.concurrent.atomic=ALL-UNNAMED -Xmx2048m -Dfile.encoding=UTF-8 -Duser.country=KR -Duser.language=ko -Duser.variant org.gradle.launcher.daemon.bootstrap.GradleDaemon 7.3.3

Host: AMD Ryzen 5 4500U with Radeon Graphics         , 6 cores, 7G,  Windows 10 , 64 bit Build 19041 (10.0.19041.2546)
Time: Mon Mar 27 13:49:30 2023 대한민국 표준시 elapsed time: 6.195858 seconds (0d 0h 0m 6s)

---------------  T H R E A D  ---------------

Current thread (0x000001cdd1813000):  JavaThread "C2 CompilerThread0" daemon [_thread_in_native, id=9420, stack(0x000000a61bc00000,0x000000a61bd00000)]


Current CompileTask:
C2:   6195 4694       4       java.lang.invoke.MethodType::makeImpl (108 bytes)

Stack: [0x000000a61bc00000,0x000000a61bd00000]
Native frames: (J=compiled Java code, j=interpreted, Vv=VM code, C=native code)
V  [jvm.dll+0x5fbcea]
V  [jvm.dll+0x731905]
V  [jvm.dll+0x732f1d]
V  [jvm.dll+0x7335d3]
V  [jvm.dll+0x247bf8]
V  [jvm.dll+0xc018c]
V  [jvm.dll+0xc06cc]
V  [jvm.dll+0x35b31d]
V  [jvm.dll+0x328803]
V  [jvm.dll+0x327cfa]
V  [jvm.dll+0x200602]
V  [jvm.dll+0x1ff794]
V  [jvm.dll+0x18868c]
V  [jvm.dll+0x20e0d7]
V  [jvm.dll+0x20c901]
V  [jvm.dll+0x6f9b7f]
V  [jvm.dll+0x6f26a5]
V  [jvm.dll+0x5fabf6]
C  [ucrtbase.dll+0x21bb2]
C  [KERNEL32.DLL+0x17614]
C  [ntdll.dll+0x526a1]


---------------  P R O C E S S  ---------------

Threads class SMR info:
_java_thread_list=0x000001cdd4a704b0, length=97, elements={
0x000001cdb673d800, 0x000001cdd0f9b000, 0x000001cdd0f9e800, 0x000001cdd180b800,
0x000001cdd180d000, 0x000001cdd1810000, 0x000001cdd1813000, 0x000001cdd1817000,
0x000001cdd1818800, 0x000001cdd197a800, 0x000001cdd3891000, 0x000001cdd1ab6800,
0x000001cdd3c99000, 0x000001cdd32e8000, 0x000001cdd2f61800, 0x000001cdd3e58800,
0x000001cdd384a800, 0x000001cdd30c4000, 0x000001cdd24dc800, 0x000001cdd3cfa000,
0x000001cdd3cff000, 0x000001cdd3cf9000, 0x000001cdd3cfe000, 0x000001cdd3cfb000,
0x000001cdd3cff800, 0x000001cdd3cfb800, 0x000001cdd3cfc800, 0x000001cdd3cfd800,
0x000001cdd3eae800, 0x000001cdd3eb5000, 0x000001cdd3eb0800, 0x000001cdd3eb1800,
0x000001cdd3eb0000, 0x000001cdd3eb6800, 0x000001cdd3eb7800, 0x000001cdd3eb8000,
0x000001cdd2b54000, 0x000001cdd3eb4000, 0x000001cdd3eb2800, 0x000001cdd3eb9000,
0x000001cdd3eb3000, 0x000001cdd3eb9800, 0x000001cdd3eba800, 0x000001cdd3ebb800,
0x000001cdd3ebd000, 0x000001cdd3ebc000, 0x000001cdd1d01000, 0x000001cdd1cfe800,
0x000001cdd1cfd800, 0x000001cdd1cfd000, 0x000001cdd1d00000, 0x000001cdd1cfb800,
0x000001cdd1cff800, 0x000001cdd1d02000, 0x000001cdd1cfc000, 0x000001cdd1d05000,
0x000001cdd1d03800, 0x000001cdd1d02800, 0x000001cdd1d0a000, 0x000001cdd1d04800,
0x000001cdd1d06000, 0x000001cdd1d06800, 0x000001cdd1d07800, 0x000001cdd1d08800,
0x000001cdd1d09000, 0x000001cdd2c2f000, 0x000001cdd2c2e000, 0x000001cdd2c30800,
0x000001cdd2c2b000, 0x000001cdd2c2b800, 0x000001cdd2c30000, 0x000001cdd2c2c800,
0x000001cdd2c31800, 0x000001cdd2c32000, 0x000001cdd2c33000, 0x000001cdd2c2d800,
0x000001cdd2c38800, 0x000001cdd2c36800, 0x000001cdd2c38000, 0x000001cdd2c39800,
0x000001cdd2c37000, 0x000001cdd2c34000, 0x000001cdd2c34800, 0x000001cdd2c35800,
0x000001cdd5770800, 0x000001cdd5774000, 0x000001cdd5771800, 0x000001cdd5774800,
0x000001cdd5772800, 0x000001cdd576f000, 0x000001cdd5773000, 0x000001cdd5775800,
0x000001cdd5770000, 0x000001cdd5779000, 0x000001cdd577a800, 0x000001cdd5779800,
0x000001cdd5776800
}

Java Threads: ( => current thread )
  0x000001cdb673d800 JavaThread "main" [_thread_blocked, id=18380, stack(0x000000a61b000000,0x000000a61b100000)]
  0x000001cdd0f9b000 JavaThread "Reference Handler" daemon [_thread_blocked, id=15540, stack(0x000000a61b700000,0x000000a61b800000)]
  0x000001cdd0f9e800 JavaThread "Finalizer" daemon [_thread_blocked, id=9376, stack(0x000000a61b800000,0x000000a61b900000)]
  0x000001cdd180b800 JavaThread "Signal Dispatcher" daemon [_thread_blocked, id=10988, stack(0x000000a61b900000,0x000000a61ba00000)]
  0x000001cdd180d000 JavaThread "Attach Listener" daemon [_thread_blocked, id=3872, stack(0x000000a61ba00000,0x000000a61bb00000)]
  0x000001cdd1810000 JavaThread "Service Thread" daemon [_thread_blocked, id=3804, stack(0x000000a61bb00000,0x000000a61bc00000)]
=>0x000001cdd1813000 JavaThread "C2 CompilerThread0" daemon [_thread_in_native, id=9420, stack(0x000000a61bc00000,0x000000a61bd00000)]
  0x000001cdd1817000 JavaThread "C1 CompilerThread0" daemon [_thread_blocked, id=2660, stack(0x000000a61bd00000,0x000000a61be00000)]
  0x000001cdd1818800 JavaThread "Sweeper thread" daemon [_thread_blocked, id=2624, stack(0x000000a61be00000,0x000000a61bf00000)]
  0x000001cdd197a800 JavaThread "Common-Cleaner" daemon [_thread_blocked, id=12468, stack(0x000000a61bf00000,0x000000a61c000000)]
  0x000001cdd3891000 JavaThread "Daemon health stats" [_thread_blocked, id=8876, stack(0x000000a61c300000,0x000000a61c400000)]
  0x000001cdd1ab6800 JavaThread "Incoming local TCP Connector on port 14218" [_thread_in_native, id=18548, stack(0x000000a61c100000,0x000000a61c200000)]
  0x000001cdd3c99000 JavaThread "Daemon periodic checks" [_thread_blocked, id=3184, stack(0x000000a61c400000,0x000000a61c500000)]
  0x000001cdd32e8000 JavaThread "Daemon" [_thread_blocked, id=19092, stack(0x000000a61c900000,0x000000a61ca00000)]
  0x000001cdd2f61800 JavaThread "Handler for socket connection from /127.0.0.1:14218 to /127.0.0.1:14219" [_thread_in_native, id=18756, stack(0x000000a61ca00000,0x000000a61cb00000)]
  0x000001cdd3e58800 JavaThread "Cancel handler" [_thread_blocked, id=7844, stack(0x000000a61cb00000,0x000000a61cc00000)]
  0x000001cdd384a800 JavaThread "Daemon worker" [_thread_blocked, id=12520, stack(0x000000a61cc00000,0x000000a61cd00000)]
  0x000001cdd30c4000 JavaThread "Asynchronous log dispatcher for DefaultDaemonConnection: socket connection from /127.0.0.1:14218 to /127.0.0.1:14219" [_thread_blocked, id=14608, stack(0x000000a61cd00000,0x000000a61ce00000)]
  0x000001cdd24dc800 JavaThread "Stdin handler" [_thread_blocked, id=10164, stack(0x000000a61ce00000,0x000000a61cf00000)]
  0x000001cdd3cfa000 JavaThread "Daemon client event forwarder" [_thread_blocked, id=14576, stack(0x000000a61d000000,0x000000a61d100000)]
  0x000001cdd3cff000 JavaThread "Cache worker for journal cache (C:\Users\ParkHyeSung\.gradle\caches\journal-1)" [_thread_blocked, id=11852, stack(0x000000a61d100000,0x000000a61d200000)]
  0x000001cdd3cf9000 JavaThread "File lock request listener" [_thread_in_native, id=6876, stack(0x000000a61d200000,0x000000a61d300000)]
  0x000001cdd3cfe000 JavaThread "Cache worker for file hash cache (C:\Users\ParkHyeSung\.gradle\caches\7.3.3\fileHashes)" [_thread_blocked, id=10768, stack(0x000000a61d300000,0x000000a61d400000)]
  0x000001cdd3cfb000 JavaThread "Cache worker for file hash cache (C:\Users\ParkHyeSung\AndroidStudioProjects\MyExerciseApp\.gradle\7.3.3\fileHashes)" [_thread_blocked, id=1128, stack(0x000000a61d500000,0x000000a61d600000)]
  0x000001cdd3cff800 JavaThread "File watcher server" daemon [_thread_in_native, id=10624, stack(0x000000a61d600000,0x000000a61d700000)]
  0x000001cdd3cfb800 JavaThread "File watcher consumer" daemon [_thread_blocked, id=3284, stack(0x000000a61d700000,0x000000a61d800000)]
  0x000001cdd3cfc800 JavaThread "Cache worker for checksums cache (C:\Users\ParkHyeSung\AndroidStudioProjects\MyExerciseApp\.gradle\7.3.3\checksums)" [_thread_blocked, id=12512, stack(0x000000a61d800000,0x000000a61d900000)]
  0x000001cdd3cfd800 JavaThread "Cache worker for cache directory md-supplier (C:\Users\ParkHyeSung\.gradle\caches\7.3.3\md-supplier)" [_thread_blocked, id=10276, stack(0x000000a61d900000,0x000000a61da00000)]
  0x000001cdd3eae800 JavaThread "Cache worker for cache directory md-rule (C:\Users\ParkHyeSung\.gradle\caches\7.3.3\md-rule)" [_thread_blocked, id=12760, stack(0x000000a61da00000,0x000000a61db00000)]
  0x000001cdd3eb5000 JavaThread "Cache worker for execution history cache (C:\Users\ParkHyeSung\.gradle\caches\7.3.3\executionHistory)" [_thread_blocked, id=14912, stack(0x000000a61db00000,0x000000a61dc00000)]
  0x000001cdd3eb0800 JavaThread "jar transforms" [_thread_blocked, id=18316, stack(0x000000a61dc00000,0x000000a61dd00000)]
  0x000001cdd3eb1800 JavaThread "Cache worker for file content cache (C:\Users\ParkHyeSung\.gradle\caches\7.3.3\fileContent)" [_thread_blocked, id=10540, stack(0x000000a61dd00000,0x000000a61de00000)]
  0x000001cdd3eb0000 JavaThread "jar transforms Thread 2" [_thread_blocked, id=8832, stack(0x000000a61de00000,0x000000a61df00000)]
  0x000001cdd3eb6800 JavaThread "Cache worker for dependencies-accessors (C:\Users\ParkHyeSung\AndroidStudioProjects\MyExerciseApp\.gradle\7.3.3\dependencies-accessors)" [_thread_blocked, id=9440, stack(0x000000a61df00000,0x000000a61e000000)]
  0x000001cdd3eb7800 JavaThread "jar transforms Thread 3" [_thread_blocked, id=13212, stack(0x000000a61e000000,0x000000a61e100000)]
  0x000001cdd3eb8000 JavaThread "Cache worker for Build Output Cleanup Cache (C:\Users\ParkHyeSung\AndroidStudioProjects\MyExerciseApp\.gradle\buildOutputCleanup)" [_thread_blocked, id=6312, stack(0x000000a61cf00000,0x000000a61d000000)]
  0x000001cdd2b54000 JavaThread "C2 CompilerThread1" daemon [_thread_blocked, id=7868, stack(0x000000a61e100000,0x000000a61e200000)]
  0x000001cdd3eb4000 JavaThread "Unconstrained build operations" [_thread_blocked, id=7108, stack(0x000000a61e200000,0x000000a61e300000)]
  0x000001cdd3eb2800 JavaThread "Unconstrained build operations Thread 2" [_thread_blocked, id=12272, stack(0x000000a61e300000,0x000000a61e400000)]
  0x000001cdd3eb9000 JavaThread "Unconstrained build operations Thread 3" [_thread_blocked, id=10308, stack(0x000000a61e400000,0x000000a61e500000)]
  0x000001cdd3eb3000 JavaThread "Unconstrained build operations Thread 4" [_thread_in_Java, id=9668, stack(0x000000a61e500000,0x000000a61e600000)]
  0x000001cdd3eb9800 JavaThread "Unconstrained build operations Thread 5" [_thread_blocked, id=17436, stack(0x000000a61e600000,0x000000a61e700000)]
  0x000001cdd3eba800 JavaThread "Unconstrained build operations Thread 6" [_thread_blocked, id=3024, stack(0x000000a61e700000,0x000000a61e800000)]
  0x000001cdd3ebb800 JavaThread "Unconstrained build operations Thread 7" [_thread_blocked, id=260, stack(0x000000a61e800000,0x000000a61e900000)]
  0x000001cdd3ebd000 JavaThread "Unconstrained build operations Thread 8" [_thread_blocked, id=13308, stack(0x000000a61e900000,0x000000a61ea00000)]
  0x000001cdd3ebc000 JavaThread "Unconstrained build operations Thread 9" [_thread_blocked, id=15828, stack(0x000000a61ea00000,0x000000a61eb00000)]
  0x000001cdd1d01000 JavaThread "Unconstrained build operations Thread 10" [_thread_in_native, id=11228, stack(0x000000a61eb00000,0x000000a61ec00000)]
  0x000001cdd1cfe800 JavaThread "Unconstrained build operations Thread 11" [_thread_blocked, id=15136, stack(0x000000a61ec00000,0x000000a61ed00000)]
  0x000001cdd1cfd800 JavaThread "Unconstrained build operations Thread 12" [_thread_blocked, id=17064, stack(0x000000a61ed00000,0x000000a61ee00000)]
  0x000001cdd1cfd000 JavaThread "Unconstrained build operations Thread 13" [_thread_blocked, id=10088, stack(0x000000a61ee00000,0x000000a61ef00000)]
  0x000001cdd1d00000 JavaThread "Unconstrained build operations Thread 14" [_thread_blocked, id=18964, stack(0x000000a61ef00000,0x000000a61f000000)]
  0x000001cdd1cfb800 JavaThread "Unconstrained build operations Thread 15" [_thread_blocked, id=7120, stack(0x000000a61f000000,0x000000a61f100000)]
  0x000001cdd1cff800 JavaThread "Unconstrained build operations Thread 16" [_thread_blocked, id=11528, stack(0x000000a61f100000,0x000000a61f200000)]
  0x000001cdd1d02000 JavaThread "Unconstrained build operations Thread 17" [_thread_blocked, id=4520, stack(0x000000a61f200000,0x000000a61f300000)]
  0x000001cdd1cfc000 JavaThread "Unconstrained build operations Thread 18" [_thread_blocked, id=18932, stack(0x000000a61f300000,0x000000a61f400000)]
  0x000001cdd1d05000 JavaThread "Unconstrained build operations Thread 19" [_thread_blocked, id=3424, stack(0x000000a61f400000,0x000000a61f500000)]
  0x000001cdd1d03800 JavaThread "Unconstrained build operations Thread 20" [_thread_blocked, id=19376, stack(0x000000a61f500000,0x000000a61f600000)]
  0x000001cdd1d02800 JavaThread "Unconstrained build operations Thread 21" [_thread_blocked, id=16980, stack(0x000000a61f600000,0x000000a61f700000)]
  0x000001cdd1d0a000 JavaThread "Unconstrained build operations Thread 22" [_thread_blocked, id=16664, stack(0x000000a61f700000,0x000000a61f800000)]
  0x000001cdd1d04800 JavaThread "Unconstrained build operations Thread 23" [_thread_blocked, id=11596, stack(0x000000a61f800000,0x000000a61f900000)]
  0x000001cdd1d06000 JavaThread "Unconstrained build operations Thread 24" [_thread_blocked, id=6512, stack(0x000000a61f900000,0x000000a61fa00000)]
  0x000001cdd1d06800 JavaThread "Unconstrained build operations Thread 25" [_thread_blocked, id=4808, stack(0x000000a61fa00000,0x000000a61fb00000)]
  0x000001cdd1d07800 JavaThread "Unconstrained build operations Thread 26" [_thread_blocked, id=15412, stack(0x000000a61fb00000,0x000000a61fc00000)]
  0x000001cdd1d08800 JavaThread "Unconstrained build operations Thread 27" [_thread_blocked, id=17804, stack(0x000000a61fc00000,0x000000a61fd00000)]
  0x000001cdd1d09000 JavaThread "Unconstrained build operations Thread 28" [_thread_blocked, id=8212, stack(0x000000a61fd00000,0x000000a61fe00000)]
  0x000001cdd2c2f000 JavaThread "Unconstrained build operations Thread 29" [_thread_blocked, id=18180, stack(0x000000a61fe00000,0x000000a61ff00000)]
  0x000001cdd2c2e000 JavaThread "Unconstrained build operations Thread 30" [_thread_blocked, id=12228, stack(0x000000a61ff00000,0x000000a620000000)]
  0x000001cdd2c30800 JavaThread "Unconstrained build operations Thread 31" [_thread_blocked, id=14740, stack(0x000000a620000000,0x000000a620100000)]
  0x000001cdd2c2b000 JavaThread "Unconstrained build operations Thread 32" [_thread_blocked, id=19412, stack(0x000000a620100000,0x000000a620200000)]
  0x000001cdd2c2b800 JavaThread "Unconstrained build operations Thread 33" [_thread_blocked, id=4536, stack(0x000000a620200000,0x000000a620300000)]
  0x000001cdd2c30000 JavaThread "Unconstrained build operations Thread 34" [_thread_blocked, id=1092, stack(0x000000a620300000,0x000000a620400000)]
  0x000001cdd2c2c800 JavaThread "Unconstrained build operations Thread 35" [_thread_blocked, id=13908, stack(0x000000a620400000,0x000000a620500000)]
  0x000001cdd2c31800 JavaThread "Unconstrained build operations Thread 36" [_thread_blocked, id=12280, stack(0x000000a620500000,0x000000a620600000)]
  0x000001cdd2c32000 JavaThread "Unconstrained build operations Thread 37" [_thread_blocked, id=9140, stack(0x000000a620600000,0x000000a620700000)]
  0x000001cdd2c33000 JavaThread "Unconstrained build operations Thread 38" [_thread_blocked, id=17760, stack(0x000000a620700000,0x000000a620800000)]
  0x000001cdd2c2d800 JavaThread "Unconstrained build operations Thread 39" [_thread_blocked, id=9512, stack(0x000000a620800000,0x000000a620900000)]
  0x000001cdd2c38800 JavaThread "Unconstrained build operations Thread 40" [_thread_blocked, id=10368, stack(0x000000a620900000,0x000000a620a00000)]
  0x000001cdd2c36800 JavaThread "Unconstrained build operations Thread 41" [_thread_blocked, id=9116, stack(0x000000a620a00000,0x000000a620b00000)]
  0x000001cdd2c38000 JavaThread "Unconstrained build operations Thread 42" [_thread_blocked, id=18256, stack(0x000000a620b00000,0x000000a620c00000)]
  0x000001cdd2c39800 JavaThread "Unconstrained build operations Thread 43" [_thread_blocked, id=12884, stack(0x000000a620c00000,0x000000a620d00000)]
  0x000001cdd2c37000 JavaThread "Unconstrained build operations Thread 44" [_thread_blocked, id=8752, stack(0x000000a620d00000,0x000000a620e00000)]
  0x000001cdd2c34000 JavaThread "Unconstrained build operations Thread 45" [_thread_blocked, id=13916, stack(0x000000a620e00000,0x000000a620f00000)]
  0x000001cdd2c34800 JavaThread "Unconstrained build operations Thread 46" [_thread_blocked, id=2456, stack(0x000000a620f00000,0x000000a621000000)]
  0x000001cdd2c35800 JavaThread "Unconstrained build operations Thread 47" [_thread_blocked, id=4548, stack(0x000000a621000000,0x000000a621100000)]
  0x000001cdd5770800 JavaThread "Unconstrained build operations Thread 48" [_thread_blocked, id=2888, stack(0x000000a621100000,0x000000a621200000)]
  0x000001cdd5774000 JavaThread "Unconstrained build operations Thread 49" [_thread_blocked, id=7792, stack(0x000000a621200000,0x000000a621300000)]
  0x000001cdd5771800 JavaThread "Unconstrained build operations Thread 50" [_thread_blocked, id=12396, stack(0x000000a621300000,0x000000a621400000)]
  0x000001cdd5774800 JavaThread "Unconstrained build operations Thread 51" [_thread_blocked, id=16824, stack(0x000000a621400000,0x000000a621500000)]
  0x000001cdd5772800 JavaThread "Unconstrained build operations Thread 52" [_thread_blocked, id=14932, stack(0x000000a621500000,0x000000a621600000)]
  0x000001cdd576f000 JavaThread "Unconstrained build operations Thread 53" [_thread_blocked, id=13448, stack(0x000000a621600000,0x000000a621700000)]
  0x000001cdd5773000 JavaThread "Unconstrained build operations Thread 54" [_thread_blocked, id=19272, stack(0x000000a621700000,0x000000a621800000)]
  0x000001cdd5775800 JavaThread "Unconstrained build operations Thread 55" [_thread_blocked, id=14412, stack(0x000000a621800000,0x000000a621900000)]
  0x000001cdd5770000 JavaThread "Unconstrained build operations Thread 56" [_thread_blocked, id=13444, stack(0x000000a621900000,0x000000a621a00000)]
  0x000001cdd5779000 JavaThread "Unconstrained build operations Thread 57" [_thread_blocked, id=13380, stack(0x000000a621a00000,0x000000a621b00000)]
  0x000001cdd577a800 JavaThread "Unconstrained build operations Thread 58" [_thread_blocked, id=16476, stack(0x000000a621b00000,0x000000a621c00000)]
  0x000001cdd5779800 JavaThread "Unconstrained build operations Thread 59" [_thread_blocked, id=4940, stack(0x000000a621c00000,0x000000a621d00000)]
  0x000001cdd5776800 JavaThread "Unconstrained build operations Thread 60" [_thread_blocked, id=10420, stack(0x000000a621d00000,0x000000a621e00000)]

Other Threads:
  0x000001cdd0f85800 VMThread "VM Thread" [stack: 0x000000a61b600000,0x000000a61b700000] [id=19392]
  0x000001cdd19a4000 WatcherThread [stack: 0x000000a61c000000,0x000000a61c100000] [id=3228]
  0x000001cdb6753000 GCTaskThread "GC Thread#0" [stack: 0x000000a61b100000,0x000000a61b200000] [id=18744]
  0x000001cdd29f5000 GCTaskThread "GC Thread#1" [stack: 0x000000a61c200000,0x000000a61c300000] [id=10812]
  0x000001cdd2f85800 GCTaskThread "GC Thread#2" [stack: 0x000000a61c500000,0x000000a61c600000] [id=10444]
  0x000001cdd2ff6800 GCTaskThread "GC Thread#3" [stack: 0x000000a61c600000,0x000000a61c700000] [id=16512]
  0x000001cdd3f3f800 GCTaskThread "GC Thread#4" [stack: 0x000000a61c700000,0x000000a61c800000] [id=9372]
  0x000001cdd401c000 GCTaskThread "GC Thread#5" [stack: 0x000000a61c800000,0x000000a61c900000] [id=12268]
  0x000001cdb6786000 ConcurrentGCThread "G1 Main Marker" [stack: 0x000000a61b200000,0x000000a61b300000] [id=8744]
  0x000001cdb678a800 ConcurrentGCThread "G1 Conc#0" [stack: 0x000000a61b300000,0x000000a61b400000] [id=5852]
  0x000001cdd3cbf000 ConcurrentGCThread "G1 Conc#1" [stack: 0x000000a61d400000,0x000000a61d500000] [id=18048]
  0x000001cdb681e000 ConcurrentGCThread "G1 Refine#0" [stack: 0x000000a61b400000,0x000000a61b500000] [id=19180]
  0x000001cdd0dd5800 ConcurrentGCThread "G1 Young RemSet Sampling" [stack: 0x000000a61b500000,0x000000a61b600000] [id=18276]

Threads with active compile tasks:
C2 CompilerThread0   6221 4694       4       java.lang.invoke.MethodType::makeImpl (108 bytes)
C1 CompilerThread0   6221 4803       1       org.gradle.cache.internal.filelock.DefaultLockStateSerializer$SequenceNumberLockState::access$100 (5 bytes)

VM state:not at safepoint (normal execution)

VM Mutex/Monitor currently owned by a thread: None

Heap address: 0x0000000080000000, size: 2048 MB, Compressed Oops mode: 32-bit
Narrow klass base: 0x0000000000000000, Narrow klass shift: 3
Compressed class space size: 1073741824 Address: 0x0000000100000000

Heap:
 garbage-first heap   total 143360K, used 34501K [0x0000000080000000, 0x0000000100000000)
  region size 1024K, 10 young (10240K), 6 survivors (6144K)
 Metaspace       used 48191K, capacity 49490K, committed 49792K, reserved 1091584K
  class space    used 6203K, capacity 6666K, committed 6784K, reserved 1048576K
Heap Regions: E=young(eden), S=young(survivor), O=old, HS=humongous(starts), HC=humongous(continues), CS=collection set, F=free, A=archive, TAMS=top-at-mark-start (previous, next)
|   0|0x0000000080000000, 0x0000000080100000, 0x0000000080100000|100%| O|  |TAMS 0x0000000080100000, 0x0000000080000000| Untracked 
|   1|0x0000000080100000, 0x0000000080200000, 0x0000000080200000|100%| O|  |TAMS 0x0000000080200000, 0x0000000080100000| Untracked 
|   2|0x0000000080200000, 0x0000000080300000, 0x0000000080300000|100%| O|  |TAMS 0x0000000080300000, 0x0000000080200000| Untracked 
|   3|0x0000000080300000, 0x0000000080400000, 0x0000000080400000|100%|HS|  |TAMS 0x0000000080400000, 0x0000000080300000| Complete 
|   4|0x0000000080400000, 0x0000000080500000, 0x0000000080500000|100%|HC|  |TAMS 0x0000000080500000, 0x0000000080400000| Complete 
|   5|0x0000000080500000, 0x0000000080600000, 0x0000000080600000|100%|HC|  |TAMS 0x0000000080600000, 0x0000000080500000| Complete 
|   6|0x0000000080600000, 0x0000000080700000, 0x0000000080700000|100%| O|  |TAMS 0x0000000080700000, 0x0000000080600000| Untracked 
|   7|0x0000000080700000, 0x0000000080800000, 0x0000000080800000|100%| O|  |TAMS 0x0000000080800000, 0x0000000080700000| Untracked 
|   8|0x0000000080800000, 0x0000000080900000, 0x0000000080900000|100%| O|  |TAMS 0x0000000080900000, 0x0000000080800000| Untracked 
|   9|0x0000000080900000, 0x0000000080a00000, 0x0000000080a00000|100%| O|  |TAMS 0x0000000080a00000, 0x0000000080900000| Untracked 
|  10|0x0000000080a00000, 0x0000000080b00000, 0x0000000080b00000|100%| O|  |TAMS 0x0000000080b00000, 0x0000000080a00000| Untracked 
|  11|0x0000000080b00000, 0x0000000080c00000, 0x0000000080c00000|100%| O|  |TAMS 0x0000000080c00000, 0x0000000080b00000| Untracked 
|  12|0x0000000080c00000, 0x0000000080d00000, 0x0000000080d00000|100%| O|  |TAMS 0x0000000080d00000, 0x0000000080c00000| Untracked 
|  13|0x0000000080d00000, 0x0000000080e00000, 0x0000000080e00000|100%| O|  |TAMS 0x0000000080e00000, 0x0000000080d00000| Untracked 
|  14|0x0000000080e00000, 0x0000000080f00000, 0x0000000080f00000|100%| O|  |TAMS 0x0000000080f00000, 0x0000000080e00000| Untracked 
|  15|0x0000000080f00000, 0x0000000081000000, 0x0000000081000000|100%| O|  |TAMS 0x0000000081000000, 0x0000000080f00000| Untracked 
|  16|0x0000000081000000, 0x0000000081100000, 0x0000000081100000|100%| O|  |TAMS 0x0000000081064000, 0x0000000081000000| Untracked 
|  17|0x0000000081100000, 0x0000000081200000, 0x0000000081200000|100%| O|  |TAMS 0x0000000081100000, 0x0000000081100000| Untracked 
|  18|0x0000000081200000, 0x0000000081300000, 0x0000000081300000|100%| O|  |TAMS 0x0000000081200000, 0x0000000081200000| Untracked 
|  19|0x0000000081300000, 0x0000000081400000, 0x0000000081400000|100%| O|  |TAMS 0x0000000081300000, 0x0000000081300000| Untracked 
|  20|0x0000000081400000, 0x0000000081500000, 0x0000000081500000|100%| O|  |TAMS 0x0000000081400000, 0x0000000081400000| Untracked 
|  21|0x0000000081500000, 0x0000000081600000, 0x0000000081600000|100%| O|  |TAMS 0x0000000081500000, 0x0000000081500000| Untracked 
|  22|0x0000000081600000, 0x0000000081700000, 0x0000000081700000|100%| O|  |TAMS 0x0000000081600000, 0x0000000081600000| Untracked 
|  23|0x0000000081700000, 0x0000000081800000, 0x0000000081800000|100%| O|  |TAMS 0x0000000081700000, 0x0000000081700000| Untracked 
|  24|0x0000000081800000, 0x0000000081900000, 0x0000000081900000|100%| O|  |TAMS 0x0000000081800000, 0x0000000081800000| Untracked 
|  25|0x0000000081900000, 0x00000000819cda00, 0x0000000081a00000| 80%| O|  |TAMS 0x0000000081900000, 0x0000000081900000| Untracked 
|  26|0x0000000081a00000, 0x0000000081a00000, 0x0000000081b00000|  0%| F|  |TAMS 0x0000000081a00000, 0x0000000081a00000| Untracked 
|  27|0x0000000081b00000, 0x0000000081b00000, 0x0000000081c00000|  0%| F|  |TAMS 0x0000000081b00000, 0x0000000081b00000| Untracked 
|  28|0x0000000081c00000, 0x0000000081c00000, 0x0000000081d00000|  0%| F|  |TAMS 0x0000000081c00000, 0x0000000081c00000| Untracked 
|  29|0x0000000081d00000, 0x0000000081d00000, 0x0000000081e00000|  0%| F|  |TAMS 0x0000000081d00000, 0x0000000081d00000| Untracked 
|  30|0x0000000081e00000, 0x0000000081e00000, 0x0000000081f00000|  0%| F|  |TAMS 0x0000000081e00000, 0x0000000081e00000| Untracked 
|  31|0x0000000081f00000, 0x0000000081f00000, 0x0000000082000000|  0%| F|  |TAMS 0x0000000081f00000, 0x0000000081f00000| Untracked 
|  32|0x0000000082000000, 0x0000000082000000, 0x0000000082100000|  0%| F|  |TAMS 0x0000000082000000, 0x0000000082000000| Untracked 
|  33|0x0000000082100000, 0x0000000082100000, 0x0000000082200000|  0%| F|  |TAMS 0x0000000082100000, 0x0000000082100000| Untracked 
|  34|0x0000000082200000, 0x0000000082200000, 0x0000000082300000|  0%| F|  |TAMS 0x0000000082200000, 0x0000000082200000| Untracked 
|  35|0x0000000082300000, 0x0000000082300000, 0x0000000082400000|  0%| F|  |TAMS 0x0000000082300000, 0x0000000082300000| Untracked 
|  36|0x0000000082400000, 0x0000000082400000, 0x0000000082500000|  0%| F|  |TAMS 0x0000000082400000, 0x0000000082400000| Untracked 
|  37|0x0000000082500000, 0x0000000082500000, 0x0000000082600000|  0%| F|  |TAMS 0x0000000082500000, 0x0000000082500000| Untracked 
|  38|0x0000000082600000, 0x0000000082600000, 0x0000000082700000|  0%| F|  |TAMS 0x0000000082600000, 0x0000000082600000| Untracked 
|  39|0x0000000082700000, 0x0000000082700000, 0x0000000082800000|  0%| F|  |TAMS 0x0000000082700000, 0x0000000082700000| Untracked 
|  40|0x0000000082800000, 0x0000000082800000, 0x0000000082900000|  0%| F|  |TAMS 0x0000000082800000, 0x0000000082800000| Untracked 
|  41|0x0000000082900000, 0x0000000082900000, 0x0000000082a00000|  0%| F|  |TAMS 0x0000000082900000, 0x0000000082900000| Untracked 
|  42|0x0000000082a00000, 0x0000000082a00000, 0x0000000082b00000|  0%| F|  |TAMS 0x0000000082a00000, 0x0000000082a00000| Untracked 
|  43|0x0000000082b00000, 0x0000000082b00000, 0x0000000082c00000|  0%| F|  |TAMS 0x0000000082b00000, 0x0000000082b00000| Untracked 
|  44|0x0000000082c00000, 0x0000000082c00000, 0x0000000082d00000|  0%| F|  |TAMS 0x0000000082c00000, 0x0000000082c00000| Untracked 
|  45|0x0000000082d00000, 0x0000000082d00000, 0x0000000082e00000|  0%| F|  |TAMS 0x0000000082d00000, 0x0000000082d00000| Untracked 
|  46|0x0000000082e00000, 0x0000000082e00000, 0x0000000082f00000|  0%| F|  |TAMS 0x0000000082e00000, 0x0000000082e00000| Untracked 
|  47|0x0000000082f00000, 0x0000000082f00000, 0x0000000083000000|  0%| F|  |TAMS 0x0000000082f00000, 0x0000000082f00000| Untracked 
|  48|0x0000000083000000, 0x0000000083000000, 0x0000000083100000|  0%| F|  |TAMS 0x0000000083000000, 0x0000000083000000| Untracked 
|  49|0x0000000083100000, 0x0000000083100000, 0x0000000083200000|  0%| F|  |TAMS 0x0000000083100000, 0x0000000083100000| Untracked 
|  50|0x0000000083200000, 0x0000000083200000, 0x0000000083300000|  0%| F|  |TAMS 0x0000000083200000, 0x0000000083200000| Untracked 
|  51|0x0000000083300000, 0x0000000083300000, 0x0000000083400000|  0%| F|  |TAMS 0x0000000083300000, 0x0000000083300000| Untracked 
|  52|0x0000000083400000, 0x0000000083400000, 0x0000000083500000|  0%| F|  |TAMS 0x0000000083400000, 0x0000000083400000| Untracked 
|  53|0x0000000083500000, 0x0000000083500000, 0x0000000083600000|  0%| F|  |TAMS 0x0000000083500000, 0x0000000083500000| Untracked 
|  54|0x0000000083600000, 0x0000000083600000, 0x0000000083700000|  0%| F|  |TAMS 0x0000000083600000, 0x0000000083600000| Untracked 
|  55|0x0000000083700000, 0x0000000083700000, 0x0000000083800000|  0%| F|  |TAMS 0x0000000083700000, 0x0000000083700000| Untracked 
|  56|0x0000000083800000, 0x0000000083800000, 0x0000000083900000|  0%| F|  |TAMS 0x0000000083800000, 0x0000000083800000| Untracked 
|  57|0x0000000083900000, 0x0000000083900000, 0x0000000083a00000|  0%| F|  |TAMS 0x0000000083900000, 0x0000000083900000| Untracked 
|  58|0x0000000083a00000, 0x0000000083a00000, 0x0000000083b00000|  0%| F|  |TAMS 0x0000000083a00000, 0x0000000083a00000| Untracked 
|  59|0x0000000083b00000, 0x0000000083b00000, 0x0000000083c00000|  0%| F|  |TAMS 0x0000000083b00000, 0x0000000083b00000| Untracked 
|  60|0x0000000083c00000, 0x0000000083c00000, 0x0000000083d00000|  0%| F|  |TAMS 0x0000000083c00000, 0x0000000083c00000| Untracked 
|  61|0x0000000083d00000, 0x0000000083d00000, 0x0000000083e00000|  0%| F|  |TAMS 0x0000000083d00000, 0x0000000083d00000| Untracked 
|  62|0x0000000083e00000, 0x0000000083e00000, 0x0000000083f00000|  0%| F|  |TAMS 0x0000000083e00000, 0x0000000083e00000| Untracked 
|  63|0x0000000083f00000, 0x0000000083f00000, 0x0000000084000000|  0%| F|  |TAMS 0x0000000083f00000, 0x0000000083f00000| Untracked 
|  64|0x0000000084000000, 0x00000000840e3c80, 0x0000000084100000| 88%| S|CS|TAMS 0x0000000084000000, 0x0000000084000000| Complete 
|  65|0x0000000084100000, 0x0000000084200000, 0x0000000084200000|100%| S|CS|TAMS 0x0000000084100000, 0x0000000084100000| Complete 
|  66|0x0000000084200000, 0x0000000084300000, 0x0000000084300000|100%| S|CS|TAMS 0x0000000084200000, 0x0000000084200000| Complete 
|  67|0x0000000084300000, 0x0000000084400000, 0x0000000084400000|100%| S|CS|TAMS 0x0000000084300000, 0x0000000084300000| Complete 
|  68|0x0000000084400000, 0x0000000084500000, 0x0000000084500000|100%| S|CS|TAMS 0x0000000084400000, 0x0000000084400000| Complete 
|  69|0x0000000084500000, 0x0000000084600000, 0x0000000084600000|100%| S|CS|TAMS 0x0000000084500000, 0x0000000084500000| Complete 
|  70|0x0000000084600000, 0x0000000084600000, 0x0000000084700000|  0%| F|  |TAMS 0x0000000084600000, 0x0000000084600000| Untracked 
|  71|0x0000000084700000, 0x0000000084700000, 0x0000000084800000|  0%| F|  |TAMS 0x0000000084700000, 0x0000000084700000| Untracked 
|  72|0x0000000084800000, 0x0000000084800000, 0x0000000084900000|  0%| F|  |TAMS 0x0000000084800000, 0x0000000084800000| Untracked 
|  73|0x0000000084900000, 0x0000000084900000, 0x0000000084a00000|  0%| F|  |TAMS 0x0000000084900000, 0x0000000084900000| Untracked 
|  74|0x0000000084a00000, 0x0000000084a00000, 0x0000000084b00000|  0%| F|  |TAMS 0x0000000084a00000, 0x0000000084a00000| Untracked 
|  75|0x0000000084b00000, 0x0000000084b00000, 0x0000000084c00000|  0%| F|  |TAMS 0x0000000084b00000, 0x0000000084b00000| Untracked 
|  76|0x0000000084c00000, 0x0000000084c00000, 0x0000000084d00000|  0%| F|  |TAMS 0x0000000084c00000, 0x0000000084c00000| Untracked 
|  77|0x0000000084d00000, 0x0000000084d00000, 0x0000000084e00000|  0%| F|  |TAMS 0x0000000084d00000, 0x0000000084d00000| Untracked 
|  78|0x0000000084e00000, 0x0000000084e00000, 0x0000000084f00000|  0%| F|  |TAMS 0x0000000084e00000, 0x0000000084e00000| Untracked 
|  79|0x0000000084f00000, 0x0000000084f00000, 0x0000000085000000|  0%| F|  |TAMS 0x0000000084f00000, 0x0000000084f00000| Untracked 
|  80|0x0000000085000000, 0x0000000085000000, 0x0000000085100000|  0%| F|  |TAMS 0x0000000085000000, 0x0000000085000000| Untracked 
|  81|0x0000000085100000, 0x0000000085100000, 0x0000000085200000|  0%| F|  |TAMS 0x0000000085100000, 0x0000000085100000| Untracked 
|  82|0x0000000085200000, 0x0000000085200000, 0x0000000085300000|  0%| F|  |TAMS 0x0000000085200000, 0x0000000085200000| Untracked 
|  83|0x0000000085300000, 0x0000000085300000, 0x0000000085400000|  0%| F|  |TAMS 0x0000000085300000, 0x0000000085300000| Untracked 
|  84|0x0000000085400000, 0x0000000085400000, 0x0000000085500000|  0%| F|  |TAMS 0x0000000085400000, 0x0000000085400000| Untracked 
|  85|0x0000000085500000, 0x0000000085500000, 0x0000000085600000|  0%| F|  |TAMS 0x0000000085500000, 0x0000000085500000| Untracked 
|  86|0x0000000085600000, 0x0000000085600000, 0x0000000085700000|  0%| F|  |TAMS 0x0000000085600000, 0x0000000085600000| Untracked 
|  87|0x0000000085700000, 0x0000000085700000, 0x0000000085800000|  0%| F|  |TAMS 0x0000000085700000, 0x0000000085700000| Untracked 
|  88|0x0000000085800000, 0x0000000085800000, 0x0000000085900000|  0%| F|  |TAMS 0x0000000085800000, 0x0000000085800000| Untracked 
|  89|0x0000000085900000, 0x0000000085900000, 0x0000000085a00000|  0%| F|  |TAMS 0x0000000085900000, 0x0000000085900000| Untracked 
|  90|0x0000000085a00000, 0x0000000085a00000, 0x0000000085b00000|  0%| F|  |TAMS 0x0000000085a00000, 0x0000000085a00000| Untracked 
|  91|0x0000000085b00000, 0x0000000085b00000, 0x0000000085c00000|  0%| F|  |TAMS 0x0000000085b00000, 0x0000000085b00000| Untracked 
|  92|0x0000000085c00000, 0x0000000085c00000, 0x0000000085d00000|  0%| F|  |TAMS 0x0000000085c00000, 0x0000000085c00000| Untracked 
|  93|0x0000000085d00000, 0x0000000085d00000, 0x0000000085e00000|  0%| F|  |TAMS 0x0000000085d00000, 0x0000000085d00000| Untracked 
|  94|0x0000000085e00000, 0x0000000085e00000, 0x0000000085f00000|  0%| F|  |TAMS 0x0000000085e00000, 0x0000000085e00000| Untracked 
|  95|0x0000000085f00000, 0x0000000085f00000, 0x0000000086000000|  0%| F|  |TAMS 0x0000000085f00000, 0x0000000085f00000| Untracked 
|  96|0x0000000086000000, 0x0000000086000000, 0x0000000086100000|  0%| F|  |TAMS 0x0000000086000000, 0x0000000086000000| Untracked 
|  97|0x0000000086100000, 0x0000000086100000, 0x0000000086200000|  0%| F|  |TAMS 0x0000000086100000, 0x0000000086100000| Untracked 
|  98|0x0000000086200000, 0x0000000086200000, 0x0000000086300000|  0%| F|  |TAMS 0x0000000086200000, 0x0000000086200000| Untracked 
|  99|0x0000000086300000, 0x0000000086300000, 0x0000000086400000|  0%| F|  |TAMS 0x0000000086300000, 0x0000000086300000| Untracked 
| 100|0x0000000086400000, 0x0000000086400000, 0x0000000086500000|  0%| F|  |TAMS 0x0000000086400000, 0x0000000086400000| Untracked 
| 101|0x0000000086500000, 0x0000000086500000, 0x0000000086600000|  0%| F|  |TAMS 0x0000000086500000, 0x0000000086500000| Untracked 
| 102|0x0000000086600000, 0x0000000086600000, 0x0000000086700000|  0%| F|  |TAMS 0x0000000086600000, 0x0000000086600000| Untracked 
| 103|0x0000000086700000, 0x0000000086700000, 0x0000000086800000|  0%| F|  |TAMS 0x0000000086700000, 0x0000000086700000| Untracked 
| 104|0x0000000086800000, 0x0000000086800000, 0x0000000086900000|  0%| F|  |TAMS 0x0000000086800000, 0x0000000086800000| Untracked 
| 105|0x0000000086900000, 0x0000000086900000, 0x0000000086a00000|  0%| F|  |TAMS 0x0000000086900000, 0x0000000086900000| Untracked 
| 106|0x0000000086a00000, 0x0000000086a00000, 0x0000000086b00000|  0%| F|  |TAMS 0x0000000086a00000, 0x0000000086a00000| Untracked 
| 107|0x0000000086b00000, 0x0000000086b00000, 0x0000000086c00000|  0%| F|  |TAMS 0x0000000086b00000, 0x0000000086b00000| Untracked 
| 108|0x0000000086c00000, 0x0000000086c00000, 0x0000000086d00000|  0%| F|  |TAMS 0x0000000086c00000, 0x0000000086c00000| Untracked 
| 109|0x0000000086d00000, 0x0000000086d00000, 0x0000000086e00000|  0%| F|  |TAMS 0x0000000086d00000, 0x0000000086d00000| Untracked 
| 110|0x0000000086e00000, 0x0000000086e00000, 0x0000000086f00000|  0%| F|  |TAMS 0x0000000086e00000, 0x0000000086e00000| Untracked 
| 111|0x0000000086f00000, 0x0000000086f00000, 0x0000000087000000|  0%| F|  |TAMS 0x0000000086f00000, 0x0000000086f00000| Untracked 
| 112|0x0000000087000000, 0x0000000087000000, 0x0000000087100000|  0%| F|  |TAMS 0x0000000087000000, 0x0000000087000000| Untracked 
| 113|0x0000000087100000, 0x0000000087100000, 0x0000000087200000|  0%| F|  |TAMS 0x0000000087100000, 0x0000000087100000| Untracked 
| 114|0x0000000087200000, 0x0000000087200000, 0x0000000087300000|  0%| F|  |TAMS 0x0000000087200000, 0x0000000087200000| Untracked 
| 115|0x0000000087300000, 0x0000000087300000, 0x0000000087400000|  0%| F|  |TAMS 0x0000000087300000, 0x0000000087300000| Untracked 
| 116|0x0000000087400000, 0x0000000087400000, 0x0000000087500000|  0%| F|  |TAMS 0x0000000087400000, 0x0000000087400000| Untracked 
| 117|0x0000000087500000, 0x0000000087500000, 0x0000000087600000|  0%| F|  |TAMS 0x0000000087500000, 0x0000000087500000| Untracked 
| 118|0x0000000087600000, 0x0000000087600000, 0x0000000087700000|  0%| F|  |TAMS 0x0000000087600000, 0x0000000087600000| Untracked 
| 119|0x0000000087700000, 0x0000000087700000, 0x0000000087800000|  0%| F|  |TAMS 0x0000000087700000, 0x0000000087700000| Untracked 
| 120|0x0000000087800000, 0x0000000087800000, 0x0000000087900000|  0%| F|  |TAMS 0x0000000087800000, 0x0000000087800000| Untracked 
| 121|0x0000000087900000, 0x0000000087900000, 0x0000000087a00000|  0%| F|  |TAMS 0x0000000087900000, 0x0000000087900000| Untracked 
| 122|0x0000000087a00000, 0x0000000087a00000, 0x0000000087b00000|  0%| F|  |TAMS 0x0000000087a00000, 0x0000000087a00000| Untracked 
| 123|0x0000000087b00000, 0x0000000087b00000, 0x0000000087c00000|  0%| F|  |TAMS 0x0000000087b00000, 0x0000000087b00000| Untracked 
| 124|0x0000000087c00000, 0x0000000087c00000, 0x0000000087d00000|  0%| F|  |TAMS 0x0000000087c00000, 0x0000000087c00000| Untracked 
| 125|0x0000000087d00000, 0x0000000087d00000, 0x0000000087e00000|  0%| F|  |TAMS 0x0000000087d00000, 0x0000000087d00000| Untracked 
| 126|0x0000000087e00000, 0x0000000087e00000, 0x0000000087f00000|  0%| F|  |TAMS 0x0000000087e00000, 0x0000000087e00000| Untracked 
| 127|0x0000000087f00000, 0x0000000087f00000, 0x0000000088000000|  0%| F|  |TAMS 0x0000000087f00000, 0x0000000087f00000| Untracked 
| 128|0x0000000088000000, 0x0000000088000000, 0x0000000088100000|  0%| F|  |TAMS 0x0000000088000000, 0x0000000088000000| Untracked 
| 129|0x0000000088100000, 0x0000000088100000, 0x0000000088200000|  0%| F|  |TAMS 0x0000000088100000, 0x0000000088100000| Untracked 
| 130|0x0000000088200000, 0x0000000088200000, 0x0000000088300000|  0%| F|  |TAMS 0x0000000088200000, 0x0000000088200000| Untracked 
| 131|0x0000000088300000, 0x0000000088300000, 0x0000000088400000|  0%| F|  |TAMS 0x0000000088300000, 0x0000000088300000| Untracked 
| 132|0x0000000088400000, 0x0000000088400000, 0x0000000088500000|  0%| F|  |TAMS 0x0000000088400000, 0x0000000088400000| Untracked 
| 133|0x0000000088500000, 0x0000000088500000, 0x0000000088600000|  0%| F|  |TAMS 0x0000000088500000, 0x0000000088500000| Untracked 
| 134|0x0000000088600000, 0x0000000088600000, 0x0000000088700000|  0%| F|  |TAMS 0x0000000088600000, 0x0000000088600000| Untracked 
| 135|0x0000000088700000, 0x0000000088700000, 0x0000000088800000|  0%| F|  |TAMS 0x0000000088700000, 0x0000000088700000| Untracked 
| 136|0x0000000088800000, 0x0000000088869428, 0x0000000088900000| 41%| E|  |TAMS 0x0000000088800000, 0x0000000088800000| Complete 
| 137|0x0000000088900000, 0x0000000088a00000, 0x0000000088a00000|100%| E|  |TAMS 0x0000000088900000, 0x0000000088900000| Complete 
| 138|0x0000000088a00000, 0x0000000088b00000, 0x0000000088b00000|100%| E|CS|TAMS 0x0000000088a00000, 0x0000000088a00000| Complete 
| 139|0x0000000088b00000, 0x0000000088c00000, 0x0000000088c00000|100%| E|CS|TAMS 0x0000000088b00000, 0x0000000088b00000| Complete 

Card table byte_map: [0x000001cdc9ec0000,0x000001cdca2c0000] _byte_map_base: 0x000001cdc9ac0000

Marking Bits (Prev, Next): (CMBitMap*) 0x000001cdb677d628, (CMBitMap*) 0x000001cdb677d660
 Prev Bits: [0x000001cdca6c0000, 0x000001cdcc6c0000)
 Next Bits: [0x000001cdcc6c0000, 0x000001cdce6c0000)

Polling page: 0x000001cdba250000

Metaspace:

Usage:
  Non-class:     41.82 MB capacity,    41.01 MB ( 98%) used,   707.11 KB (  2%) free+waste,   126.69 KB ( <1%) overhead. 
      Class:      6.51 MB capacity,     6.06 MB ( 93%) used,   401.93 KB (  6%) free+waste,    60.81 KB ( <1%) overhead. 
       Both:     48.33 MB capacity,    47.06 MB ( 97%) used,     1.08 MB (  2%) free+waste,   187.50 KB ( <1%) overhead. 

Virtual space:
  Non-class space:       42.00 MB reserved,      42.00 MB (100%) committed 
      Class space:        1.00 GB reserved,       6.63 MB ( <1%) committed 
             Both:        1.04 GB reserved,      48.63 MB (  5%) committed 

Chunk freelists:
   Non-Class:  56.00 KB
       Class:  0 bytes
        Both:  56.00 KB

MaxMetaspaceSize: 17179869184.00 GB
CompressedClassSpaceSize: 1.00 GB
Initial GC threshold: 20.80 MB
Current GC threshold: 58.54 MB
CDS: off

CodeHeap 'non-profiled nmethods': size=120064Kb used=2682Kb max_used=2682Kb free=117381Kb
 bounds [0x000001cdc1d30000, 0x000001cdc1fd0000, 0x000001cdc9270000]
CodeHeap 'profiled nmethods': size=120000Kb used=9742Kb max_used=9742Kb free=110257Kb
 bounds [0x000001cdba800000, 0x000001cdbb190000, 0x000001cdc1d30000]
CodeHeap 'non-nmethods': size=5696Kb used=2296Kb max_used=2335Kb free=3399Kb
 bounds [0x000001cdba270000, 0x000001cdba4e0000, 0x000001cdba800000]
 total_blobs=5591 nmethods=4801 adapters=702
 compilation: enabled
              stopped_count=0, restarted_count=0
 full_count=0

Compilation events (20 events):
Event: 6.187 Thread 0x000001cdd1817000 nmethod 4776 0x000001cdbb16e710 code [0x000001cdbb16e980, 0x000001cdbb16f738]
Event: 6.187 Thread 0x000001cdd1817000 4777       3       org.gradle.internal.logging.sink.OutputEventTransformer::onOutput (399 bytes)
Event: 6.187 Thread 0x000001cdd2b54000 nmethod 4772 0x000001cdc1fcc010 code [0x000001cdc1fcc1c0, 0x000001cdc1fcc668]
Event: 6.187 Thread 0x000001cdd2b54000 4775       4       org.gradle.internal.operations.OperationIdentifier::hashCode (14 bytes)
Event: 6.187 Thread 0x000001cdd2b54000 nmethod 4775 0x000001cdc1fcc810 code [0x000001cdc1fcc9a0, 0x000001cdc1fcca18]
Event: 6.188 Thread 0x000001cdd1817000 nmethod 4777 0x000001cdbb16fa10 code [0x000001cdbb16fe20, 0x000001cdbb172198]
Event: 6.188 Thread 0x000001cdd1817000 4778       1       org.gradle.api.internal.artifacts.ivyservice.modulecache.artifacts.DefaultCachedArtifact::getCachedFile (5 bytes)
Event: 6.188 Thread 0x000001cdd1817000 nmethod 4778 0x000001cdc1fccb10 code [0x000001cdc1fcccc0, 0x000001cdc1fccd78]
Event: 6.190 Thread 0x000001cdd1817000 4779       3       java.math.BigInteger::makePositive (259 bytes)
Event: 6.191 Thread 0x000001cdd1817000 nmethod 4779 0x000001cdbb172790 code [0x000001cdbb1729a0, 0x000001cdbb173238]
Event: 6.192 Thread 0x000001cdd1817000 4780       1       org.gradle.internal.operations.DefaultBuildOperationRunner$DefaultBuildOperationContext::getFailure (5 bytes)
Event: 6.192 Thread 0x000001cdd1817000 nmethod 4780 0x000001cdc1fcce10 code [0x000001cdc1fccfc0, 0x000001cdc1fcd078]
Event: 6.192 Thread 0x000001cdd1817000 4781       3       org.gradle.tooling.internal.provider.runner.BuildOperationTracker::discardState (1 bytes)
Event: 6.192 Thread 0x000001cdd1817000 nmethod 4781 0x000001cdbb173610 code [0x000001cdbb1737c0, 0x000001cdbb1738b8]
Event: 6.192 Thread 0x000001cdd1817000 4782       1       org.gradle.internal.component.model.DefaultIvyArtifactName::getClassifier (5 bytes)
Event: 6.192 Thread 0x000001cdd1817000 nmethod 4782 0x000001cdc1fcd110 code [0x000001cdc1fcd2c0, 0x000001cdc1fcd378]
Event: 6.192 Thread 0x000001cdd1817000 4783       1       org.gradle.internal.component.model.DefaultIvyArtifactName::getName (5 bytes)
Event: 6.192 Thread 0x000001cdd1817000 nmethod 4783 0x000001cdc1fcd410 code [0x000001cdc1fcd5c0, 0x000001cdc1fcd678]
Event: 6.193 Thread 0x000001cdd1817000 4784       3       java.util.concurrent.locks.LockSupport::park (23 bytes)
Event: 6.193 Thread 0x000001cdd1817000 nmethod 4784 0x000001cdbb173990 code [0x000001cdbb173b60, 0x000001cdbb173e48]

GC Heap History (20 events):
Event: 0.895 GC heap before
{Heap before GC invocations=0 (full 0):
 garbage-first heap   total 118784K, used 27648K [0x0000000080000000, 0x0000000100000000)
  region size 1024K, 22 young (22528K), 0 survivors (0K)
 Metaspace       used 9914K, capacity 10176K, committed 10368K, reserved 1058816K
  class space    used 1014K, capacity 1073K, committed 1152K, reserved 1048576K
}
Event: 0.900 GC heap after
{Heap after GC invocations=1 (full 0):
 garbage-first heap   total 118784K, used 9261K [0x0000000080000000, 0x0000000100000000)
  region size 1024K, 3 young (3072K), 3 survivors (3072K)
 Metaspace       used 9914K, capacity 10176K, committed 10368K, reserved 1058816K
  class space    used 1014K, capacity 1073K, committed 1152K, reserved 1048576K
}
Event: 1.134 GC heap before
{Heap before GC invocations=1 (full 0):
 garbage-first heap   total 118784K, used 27693K [0x0000000080000000, 0x0000000100000000)
  region size 1024K, 21 young (21504K), 3 survivors (3072K)
 Metaspace       used 11173K, capacity 11456K, committed 11520K, reserved 1058816K
  class space    used 1174K, capacity 1244K, committed 1280K, reserved 1048576K
}
Event: 1.137 GC heap after
{Heap after GC invocations=2 (full 0):
 garbage-first heap   total 118784K, used 9798K [0x0000000080000000, 0x0000000100000000)
  region size 1024K, 1 young (1024K), 1 survivors (1024K)
 Metaspace       used 11173K, capacity 11456K, committed 11520K, reserved 1058816K
  class space    used 1174K, capacity 1244K, committed 1280K, reserved 1048576K
}
Event: 2.113 GC heap before
{Heap before GC invocations=2 (full 0):
 garbage-first heap   total 118784K, used 57926K [0x0000000080000000, 0x0000000100000000)
  region size 1024K, 48 young (49152K), 1 survivors (1024K)
 Metaspace       used 16395K, capacity 16794K, committed 16896K, reserved 1064960K
  class space    used 1889K, capacity 2004K, committed 2048K, reserved 1048576K
}
Event: 2.120 GC heap after
{Heap after GC invocations=3 (full 0):
 garbage-first heap   total 118784K, used 15578K [0x0000000080000000, 0x0000000100000000)
  region size 1024K, 6 young (6144K), 6 survivors (6144K)
 Metaspace       used 16395K, capacity 16794K, committed 16896K, reserved 1064960K
  class space    used 1889K, capacity 2004K, committed 2048K, reserved 1048576K
}
Event: 2.466 GC heap before
{Heap before GC invocations=3 (full 0):
 garbage-first heap   total 118784K, used 53466K [0x0000000080000000, 0x0000000100000000)
  region size 1024K, 44 young (45056K), 6 survivors (6144K)
 Metaspace       used 20644K, capacity 21085K, committed 21248K, reserved 1067008K
  class space    used 2544K, capacity 2712K, committed 2816K, reserved 1048576K
}
Event: 2.472 GC heap after
{Heap after GC invocations=4 (full 0):
 garbage-first heap   total 118784K, used 17258K [0x0000000080000000, 0x0000000100000000)
  region size 1024K, 2 young (2048K), 2 survivors (2048K)
 Metaspace       used 20644K, capacity 21085K, committed 21248K, reserved 1067008K
  class space    used 2544K, capacity 2712K, committed 2816K, reserved 1048576K
}
Event: 2.946 GC heap before
{Heap before GC invocations=5 (full 0):
 garbage-first heap   total 118784K, used 66410K [0x0000000080000000, 0x0000000100000000)
  region size 1024K, 50 young (51200K), 2 survivors (2048K)
 Metaspace       used 25730K, capacity 26305K, committed 26368K, reserved 1073152K
  class space    used 3333K, capacity 3521K, committed 3584K, reserved 1048576K
}
Event: 2.949 GC heap after
{Heap after GC invocations=6 (full 0):
 garbage-first heap   total 118784K, used 18886K [0x0000000080000000, 0x0000000100000000)
  region size 1024K, 4 young (4096K), 4 survivors (4096K)
 Metaspace       used 25730K, capacity 26305K, committed 26368K, reserved 1073152K
  class space    used 3333K, capacity 3521K, committed 3584K, reserved 1048576K
}
Event: 3.486 GC heap before
{Heap before GC invocations=6 (full 0):
 garbage-first heap   total 118784K, used 71110K [0x0000000080000000, 0x0000000100000000)
  region size 1024K, 55 young (56320K), 4 survivors (4096K)
 Metaspace       used 31098K, capacity 31828K, committed 32128K, reserved 1077248K
  class space    used 4165K, capacity 4411K, committed 4480K, reserved 1048576K
}
Event: 3.490 GC heap after
{Heap after GC invocations=7 (full 0):
 garbage-first heap   total 118784K, used 20358K [0x0000000080000000, 0x0000000100000000)
  region size 1024K, 5 young (5120K), 5 survivors (5120K)
 Metaspace       used 31098K, capacity 31828K, committed 32128K, reserved 1077248K
  class space    used 4165K, capacity 4411K, committed 4480K, reserved 1048576K
}
Event: 3.713 GC heap before
{Heap before GC invocations=7 (full 0):
 garbage-first heap   total 118784K, used 30598K [0x0000000080000000, 0x0000000100000000)
  region size 1024K, 16 young (16384K), 5 survivors (5120K)
 Metaspace       used 34883K, capacity 35662K, committed 35840K, reserved 1081344K
  class space    used 4531K, capacity 4839K, committed 4864K, reserved 1048576K
}
Event: 3.721 GC heap after
{Heap after GC invocations=8 (full 0):
 garbage-first heap   total 118784K, used 22318K [0x0000000080000000, 0x0000000100000000)
  region size 1024K, 6 young (6144K), 6 survivors (6144K)
 Metaspace       used 34883K, capacity 35662K, committed 35840K, reserved 1081344K
  class space    used 4531K, capacity 4839K, committed 4864K, reserved 1048576K
}
Event: 4.458 GC heap before
{Heap before GC invocations=9 (full 0):
 garbage-first heap   total 118784K, used 73518K [0x0000000080000000, 0x0000000100000000)
  region size 1024K, 53 young (54272K), 6 survivors (6144K)
 Metaspace       used 39298K, capacity 40249K, committed 40576K, reserved 1085440K
  class space    used 5027K, capacity 5385K, committed 5504K, reserved 1048576K
}
Event: 4.467 GC heap after
{Heap after GC invocations=10 (full 0):
 garbage-first heap   total 143360K, used 26362K [0x0000000080000000, 0x0000000100000000)
  region size 1024K, 7 young (7168K), 7 survivors (7168K)
 Metaspace       used 39298K, capacity 40249K, committed 40576K, reserved 1085440K
  class space    used 5027K, capacity 5385K, committed 5504K, reserved 1048576K
}
Event: 5.233 GC heap before
{Heap before GC invocations=10 (full 0):
 garbage-first heap   total 143360K, used 88826K [0x0000000080000000, 0x0000000100000000)
  region size 1024K, 68 young (69632K), 7 survivors (7168K)
 Metaspace       used 44225K, capacity 45268K, committed 45568K, reserved 1089536K
  class space    used 5669K, capacity 6045K, committed 6144K, reserved 1048576K
}
Event: 5.246 GC heap after
{Heap after GC invocations=11 (full 0):
 garbage-first heap   total 143360K, used 29818K [0x0000000080000000, 0x0000000100000000)
  region size 1024K, 8 young (8192K), 8 survivors (8192K)
 Metaspace       used 44225K, capacity 45268K, committed 45568K, reserved 1089536K
  class space    used 5669K, capacity 6045K, committed 6144K, reserved 1048576K
}
Event: 6.117 GC heap before
{Heap before GC invocations=11 (full 0):
 garbage-first heap   total 143360K, used 93306K [0x0000000080000000, 0x0000000100000000)
  region size 1024K, 70 young (71680K), 8 survivors (8192K)
 Metaspace       used 48121K, capacity 49360K, committed 49536K, reserved 1091584K
  class space    used 6200K, capacity 6666K, committed 6784K, reserved 1048576K
}
Event: 6.125 GC heap after
{Heap after GC invocations=12 (full 0):
 garbage-first heap   total 143360K, used 32453K [0x0000000080000000, 0x0000000100000000)
  region size 1024K, 6 young (6144K), 6 survivors (6144K)
 Metaspace       used 48121K, capacity 49360K, committed 49536K, reserved 1091584K
  class space    used 6200K, capacity 6666K, committed 6784K, reserved 1048576K
}

Deoptimization events (20 events):
Event: 6.108 Thread 0x000001cdd3ebd000 Uncommon trap: trap_request=0xffffff5c fr.pc=0x000001cdc1ee2d64 relative=0x0000000000001424
Event: 6.108 Thread 0x000001cdd3ebd000 Uncommon trap: reason=speculate_null_assert action=make_not_entrant pc=0x000001cdc1ee2d64 method=java.lang.invoke.MethodType$ConcurrentWeakInternSet.add(Ljava/lang/Object;)Ljava/lang/Object; @ 47 c2
Event: 6.108 Thread 0x000001cdd3ebd000 DEOPT PACKING pc=0x000001cdc1ee2d64 sp=0x000000a61e9fd8d0
Event: 6.108 Thread 0x000001cdd3ebd000 DEOPT UNPACKING pc=0x000001cdba2ba1af sp=0x000000a61e9fd888 mode 2
Event: 6.109 Thread 0x000001cdd1d01000 Uncommon trap: trap_request=0xffffffde fr.pc=0x000001cdc1e85018 relative=0x0000000000001258
Event: 6.109 Thread 0x000001cdd1d01000 Uncommon trap: reason=class_check action=maybe_recompile pc=0x000001cdc1e85018 method=java.util.concurrent.ConcurrentHashMap.putVal(Ljava/lang/Object;Ljava/lang/Object;Z)Ljava/lang/Object; @ 159 c2
Event: 6.109 Thread 0x000001cdd1d01000 DEOPT PACKING pc=0x000001cdc1e85018 sp=0x000000a61ebfd800
Event: 6.109 Thread 0x000001cdd1d01000 DEOPT UNPACKING pc=0x000001cdba2ba1af sp=0x000000a61ebfd790 mode 2
Event: 6.109 Thread 0x000001cdd1d01000 Uncommon trap: trap_request=0xffffffde fr.pc=0x000001cdc1e85018 relative=0x0000000000001258
Event: 6.109 Thread 0x000001cdd1d01000 Uncommon trap: reason=class_check action=maybe_recompile pc=0x000001cdc1e85018 method=java.util.concurrent.ConcurrentHashMap.putVal(Ljava/lang/Object;Ljava/lang/Object;Z)Ljava/lang/Object; @ 159 c2
Event: 6.109 Thread 0x000001cdd1d01000 DEOPT PACKING pc=0x000001cdc1e85018 sp=0x000000a61ebfd640
Event: 6.109 Thread 0x000001cdd1d01000 DEOPT UNPACKING pc=0x000001cdba2ba1af sp=0x000000a61ebfd5d0 mode 2
Event: 6.111 Thread 0x000001cdd3ebc000 Uncommon trap: trap_request=0xffffffde fr.pc=0x000001cdc1e85018 relative=0x0000000000001258
Event: 6.111 Thread 0x000001cdd3ebc000 Uncommon trap: reason=class_check action=maybe_recompile pc=0x000001cdc1e85018 method=java.util.concurrent.ConcurrentHashMap.putVal(Ljava/lang/Object;Ljava/lang/Object;Z)Ljava/lang/Object; @ 159 c2
Event: 6.111 Thread 0x000001cdd3ebc000 DEOPT PACKING pc=0x000001cdc1e85018 sp=0x000000a61eafd030
Event: 6.111 Thread 0x000001cdd3ebc000 DEOPT UNPACKING pc=0x000001cdba2ba1af sp=0x000000a61eafcfc0 mode 2
Event: 6.135 Thread 0x000001cdd3eb4000 DEOPT PACKING pc=0x000001cdbae60e74 sp=0x000000a61e2fdb50
Event: 6.135 Thread 0x000001cdd3eb4000 DEOPT UNPACKING pc=0x000001cdba2ba95e sp=0x000000a61e2fd0f0 mode 0
Event: 6.190 Thread 0x000001cdd3ebd000 DEOPT PACKING pc=0x000001cdbae60e74 sp=0x000000a61e9fd9f0
Event: 6.190 Thread 0x000001cdd3ebd000 DEOPT UNPACKING pc=0x000001cdba2ba95e sp=0x000000a61e9fcf90 mode 0

Classes redefined (0 events):
No events

Internal exceptions (20 events):
Event: 5.078 Thread 0x000001cdd384a800 Exception <a 'java/lang/ClassNotFoundException'{0x00000000856fbd78}: org/gradle/api/internal/initialization/DefaultScriptHandlerCustomizer> (0x00000000856fbd78) thrown at [./src/hotspot/share/classfile/systemDictionary.cpp, line 231]
Event: 5.270 Thread 0x000001cdd384a800 Exception <a 'java/lang/ClassNotFoundException'{0x0000000088a93590}: org/gradle/api/internal/artifacts/dsl/dependencies/DefaultDependencyHandler_DecoratedBeanInfo> (0x0000000088a93590) thrown at [./src/hotspot/share/classfile/systemDictionary.cpp, line 231]
Event: 5.271 Thread 0x000001cdd384a800 Exception <a 'java/lang/ClassNotFoundException'{0x0000000088ad1cb8}: org/gradle/api/internal/artifacts/dsl/dependencies/DefaultDependencyHandlerBeanInfo> (0x0000000088ad1cb8) thrown at [./src/hotspot/share/classfile/systemDictionary.cpp, line 231]
Event: 5.271 Thread 0x000001cdd384a800 Exception <a 'java/lang/ClassNotFoundException'{0x0000000088910a40}: org/gradle/api/internal/artifacts/dsl/dependencies/DefaultDependencyHandlerCustomizer> (0x0000000088910a40) thrown at [./src/hotspot/share/classfile/systemDictionary.cpp, line 231]
Event: 5.276 Thread 0x000001cdd384a800 Exception <a 'java/lang/ClassNotFoundException'{0x0000000088976538}: org/gradle/api/internal/artifacts/dsl/dependencies/DefaultDependencyHandler_DecoratedCustomizer> (0x0000000088976538) thrown at [./src/hotspot/share/classfile/systemDictionary.cpp, line 231]
Event: 5.298 Thread 0x000001cdd384a800 Exception <a 'java/lang/ClassNotFoundException'{0x0000000088890630}: org/gradle/plugin/use/internal/PluginRequestCollector$PluginDependenciesSpecImplBeanInfo> (0x0000000088890630) thrown at [./src/hotspot/share/classfile/systemDictionary.cpp, line 231]
Event: 5.299 Thread 0x000001cdd384a800 Exception <a 'java/lang/ClassNotFoundException'{0x00000000888bf510}: org/gradle/plugin/use/internal/PluginRequestCollector$PluginDependenciesSpecImplCustomizer> (0x00000000888bf510) thrown at [./src/hotspot/share/classfile/systemDictionary.cpp, line 231]
Event: 5.304 Thread 0x000001cdd384a800 Exception <a 'java/lang/ClassNotFoundException'{0x0000000088720268}: org/gradle/plugin/use/internal/PluginRequestCollector$PluginDependencySpecImplBeanInfo> (0x0000000088720268) thrown at [./src/hotspot/share/classfile/systemDictionary.cpp, line 231]
Event: 5.305 Thread 0x000001cdd384a800 Exception <a 'java/lang/ClassNotFoundException'{0x000000008874e3c8}: org/gradle/plugin/use/internal/PluginRequestCollector$PluginDependencySpecImplCustomizer> (0x000000008874e3c8) thrown at [./src/hotspot/share/classfile/systemDictionary.cpp, line 231]
Event: 5.536 Thread 0x000001cdd384a800 Exception <a 'java/lang/NoSuchMethodError'{0x0000000087334458}: 'int java.lang.invoke.DirectMethodHandle$Holder.invokeInterface(java.lang.Object, java.lang.Object)'> (0x0000000087334458) thrown at [./src/hotspot/share/interpreter/linkResolver.cpp, line 773]
Event: 5.536 Thread 0x000001cdd384a800 Exception <a 'java/lang/IncompatibleClassChangeError'{0x0000000087337f38}: Found class java.lang.Object, but interface was expected> (0x0000000087337f38) thrown at [./src/hotspot/share/interpreter/linkResolver.cpp, line 839]
Event: 5.611 Thread 0x000001cdd384a800 Exception <a 'java/lang/NoSuchMethodError'{0x0000000086b4fc10}: 'int java.lang.invoke.DirectMethodHandle$Holder.invokeStaticInit(java.lang.Object)'> (0x0000000086b4fc10) thrown at [./src/hotspot/share/interpreter/linkResolver.cpp, line 773]
Event: 5.637 Thread 0x000001cdd384a800 Exception <a 'java/lang/NoSuchMethodError'{0x000000008681bea8}: 'void java.lang.invoke.DirectMethodHandle$Holder.invokeStatic(java.lang.Object, java.lang.Object, java.lang.Object, int, java.lang.Object)'> (0x000000008681bea8) thrown at [./src/hotspot/share/interpreter/linkResolver.cpp, line 773]
Event: 5.677 Thread 0x000001cdd384a800 Exception <a 'java/lang/NoSuchMethodError'{0x00000000865d4200}: 'java.lang.Object java.lang.invoke.DelegatingMethodHandle$Holder.reinvoke_L(java.lang.Object, java.lang.Object, java.lang.Object, java.lang.Object, java.lang.Object, java.lang.Object, java.lang.Object, java.lang.Object, java.lang.Object, java.lang.Object, java.lang.Object, java.lang.Object, java.lang.Object, java.lang.Object, java.lang.Object, java.lang.Object, java.lang.Object, java.lang.Object, java.lang.Object, java.lang.Object)'> (0x000000
Event: 5.677 Thread 0x000001cdd384a800 Exception <a 'java/lang/NoSuchMethodError'{0x00000000865dfca0}: 'java.lang.Object java.lang.invoke.DirectMethodHandle$Holder.invokeSpecial(java.lang.Object, java.lang.Object, java.lang.Object, java.lang.Object, java.lang.Object, java.lang.Object, java.lang.Object, java.lang.Object, java.lang.Object, java.lang.Object, java.lang.Object, java.lang.Object, java.lang.Object, java.lang.Object, java.lang.Object, java.lang.Object, java.lang.Object, java.lang.Object, java.lang.Object, java.lang.Object)'> (0x0000000
Event: 5.677 Thread 0x000001cdd384a800 Exception <a 'java/lang/NoSuchMethodError'{0x00000000865e5be0}: 'java.lang.Object java.lang.invoke.Invokers$Holder.invoker(java.lang.Object, java.lang.Object, java.lang.Object, java.lang.Object, java.lang.Object, java.lang.Object, java.lang.Object, java.lang.Object, java.lang.Object, java.lang.Object, java.lang.Object, java.lang.Object, java.lang.Object, java.lang.Object, java.lang.Object, java.lang.Object, java.lang.Object, java.lang.Object, java.lang.Object, java.lang.Object)'> (0x00000000865e5be0) throw
Event: 5.678 Thread 0x000001cdd384a800 Exception <a 'java/lang/NoSuchMethodError'{0x00000000865eccf0}: 'java.lang.Object java.lang.invoke.DelegatingMethodHandle$Holder.delegate(java.lang.Object, java.lang.Object, java.lang.Object, java.lang.Object, java.lang.Object, java.lang.Object, java.lang.Object, java.lang.Object, java.lang.Object, java.lang.Object, java.lang.Object, java.lang.Object, java.lang.Object, java.lang.Object, java.lang.Object, java.lang.Object, java.lang.Object, java.lang.Object, java.lang.Object, java.lang.Object)'> (0x00000000
Event: 5.682 Thread 0x000001cdd384a800 Exception <a 'java/lang/NoSuchMethodError'{0x0000000086434ee0}: 'java.lang.Object java.lang.invoke.DirectMethodHandle$Holder.invokeStatic(java.lang.Object, java.lang.Object, java.lang.Object, java.lang.Object, java.lang.Object, java.lang.Object, java.lang.Object, java.lang.Object, java.lang.Object, java.lang.Object, java.lang.Object, java.lang.Object, java.lang.Object, java.lang.Object, java.lang.Object)'> (0x0000000086434ee0) thrown at [./src/hotspot/share/interpreter/linkResolver.cpp, line 773]
Event: 5.685 Thread 0x000001cdd384a800 Exception <a 'java/lang/NoSuchMethodError'{0x0000000086445388}: 'java.lang.Object java.lang.invoke.DirectMethodHandle$Holder.invokeStatic(java.lang.Object, java.lang.Object, java.lang.Object, java.lang.Object, java.lang.Object, java.lang.Object, java.lang.Object, java.lang.Object, java.lang.Object, java.lang.Object, java.lang.Object, java.lang.Object, java.lang.Object, java.lang.Object, java.lang.Object, java.lang.Object)'> (0x0000000086445388) thrown at [./src/hotspot/share/interpreter/linkResolver.cpp, l
Event: 5.686 Thread 0x000001cdd384a800 Exception <a 'java/lang/NoSuchMethodError'{0x00000000864555b8}: 'java.lang.Object java.lang.invoke.DelegatingMethodHandle$Holder.reinvoke_L(java.lang.Object, java.lang.Object, java.lang.Object, java.lang.Object, java.lang.Object, java.lang.Object, java.lang.Object, java.lang.Object, java.lang.Object, java.lang.Object, java.lang.Object, java.lang.Object, java.lang.Object, java.lang.Object, java.lang.Object, java.lang.Object, java.lang.Object, java.lang.Object, java.lang.Object)'> (0x00000000864555b8) thrown

Events (20 events):
Event: 6.116 Executing VM operation: RevokeBias
Event: 6.117 Executing VM operation: RevokeBias done
Event: 6.117 Executing VM operation: RevokeBias
Event: 6.117 Executing VM operation: RevokeBias done
Event: 6.117 Executing VM operation: G1CollectForAllocation
Event: 6.125 Executing VM operation: G1CollectForAllocation done
Event: 6.128 Executing VM operation: RevokeBias
Event: 6.129 Executing VM operation: RevokeBias done
Event: 6.129 loading class org/gradle/api/internal/artifacts/DefaultArtifactIdentifier
Event: 6.129 loading class org/gradle/api/internal/artifacts/DefaultArtifactIdentifier done
Event: 6.129 loading class org/gradle/api/internal/artifacts/ivyservice/resolutionstrategy/DefaultCachePolicy$CachedArtifactResolutionControl
Event: 6.129 loading class org/gradle/api/internal/artifacts/ivyservice/resolutionstrategy/DefaultCachePolicy$CachedArtifactResolutionControl done
Event: 6.130 loading class org/gradle/api/internal/artifacts/DownloadArtifactBuildOperationType
Event: 6.130 loading class org/gradle/api/internal/artifacts/DownloadArtifactBuildOperationType done
Event: 6.130 Executing VM operation: RevokeBias
Event: 6.131 Executing VM operation: RevokeBias done
Event: 6.131 loading class org/gradle/api/internal/artifacts/DownloadArtifactBuildOperationType$Result
Event: 6.131 loading class org/gradle/api/internal/artifacts/DownloadArtifactBuildOperationType$Result done
Event: 6.131 loading class org/gradle/api/internal/artifacts/DownloadArtifactBuildOperationType$1
Event: 6.131 loading class org/gradle/api/internal/artifacts/DownloadArtifactBuildOperationType$1 done


Dynamic libraries:
0x00007ff754ab0000 - 0x00007ff754aba000 	C:\Program Files\Android\Android Studio\jre\bin\java.exe
0x00007ff8946b0000 - 0x00007ff8948a8000 	C:\Windows\SYSTEM32\ntdll.dll
0x00007ff893d30000 - 0x00007ff893def000 	C:\Windows\System32\KERNEL32.DLL
0x00007ff892420000 - 0x00007ff8926f2000 	C:\Windows\System32\KERNELBASE.dll
0x00007ff891f10000 - 0x00007ff892010000 	C:\Windows\System32\ucrtbase.dll
0x00007ff88bed0000 - 0x00007ff88bee7000 	C:\Program Files\Android\Android Studio\jre\bin\VCRUNTIME140.dll
0x00007ff88b7d0000 - 0x00007ff88b7e9000 	C:\Program Files\Android\Android Studio\jre\bin\jli.dll
0x00007ff893720000 - 0x00007ff8938c1000 	C:\Windows\System32\USER32.dll
0x00007ff892350000 - 0x00007ff892372000 	C:\Windows\System32\win32u.dll
0x00007ff87e280000 - 0x00007ff87e51a000 	C:\Windows\WinSxS\amd64_microsoft.windows.common-controls_6595b64144ccf1df_6.0.19041.1110_none_60b5254171f9507e\COMCTL32.dll
0x00007ff892880000 - 0x00007ff8928ab000 	C:\Windows\System32\GDI32.dll
0x00007ff8929d0000 - 0x00007ff892a6e000 	C:\Windows\System32\msvcrt.dll
0x00007ff8921c0000 - 0x00007ff8922cf000 	C:\Windows\System32\gdi32full.dll
0x00007ff892380000 - 0x00007ff89241d000 	C:\Windows\System32\msvcp_win.dll
0x00007ff8932c0000 - 0x00007ff8932f0000 	C:\Windows\System32\IMM32.DLL
0x00007ff870ab0000 - 0x00007ff870b4d000 	C:\Program Files\Android\Android Studio\jre\bin\msvcp140.dll
0x00007ff85ff90000 - 0x00007ff860a75000 	C:\Program Files\Android\Android Studio\jre\bin\server\jvm.dll
0x00007ff8927d0000 - 0x00007ff89287e000 	C:\Windows\System32\ADVAPI32.dll
0x00007ff8938d0000 - 0x00007ff89396c000 	C:\Windows\System32\sechost.dll
0x00007ff893df0000 - 0x00007ff893f14000 	C:\Windows\System32\RPCRT4.dll
0x00007ff887ed0000 - 0x00007ff887ef7000 	C:\Windows\SYSTEM32\WINMM.dll
0x00007ff8936b0000 - 0x00007ff8936b8000 	C:\Windows\System32\PSAPI.DLL
0x00007ff8880d0000 - 0x00007ff8880da000 	C:\Windows\SYSTEM32\VERSION.dll
0x00007ff88f0c0000 - 0x00007ff88f0c9000 	C:\Windows\SYSTEM32\WSOCK32.dll
0x00007ff892ad0000 - 0x00007ff892b3b000 	C:\Windows\System32\ws2_32.DLL
0x00007ff890600000 - 0x00007ff890612000 	C:\Windows\SYSTEM32\kernel.appcore.dll
0x00007ff88b520000 - 0x00007ff88b531000 	C:\Program Files\Android\Android Studio\jre\bin\verify.dll
0x00007ff88fa20000 - 0x00007ff88fc04000 	C:\Windows\SYSTEM32\DBGHELP.DLL
0x00007ff880ff0000 - 0x00007ff881025000 	C:\Windows\SYSTEM32\dbgcore.DLL
0x00007ff892010000 - 0x00007ff892092000 	C:\Windows\System32\bcryptPrimitives.dll
0x00007ff88b4f0000 - 0x00007ff88b519000 	C:\Program Files\Android\Android Studio\jre\bin\java.dll
0x00007ff88d270000 - 0x00007ff88d27b000 	C:\Program Files\Android\Android Studio\jre\bin\jimage.dll
0x00007ff88b400000 - 0x00007ff88b418000 	C:\Program Files\Android\Android Studio\jre\bin\zip.dll
0x00007ff893f20000 - 0x00007ff894665000 	C:\Windows\System32\SHELL32.dll
0x00007ff88fc10000 - 0x00007ff8903a2000 	C:\Windows\SYSTEM32\windows.storage.dll
0x00007ff893970000 - 0x00007ff893cc5000 	C:\Windows\System32\combase.dll
0x00007ff891730000 - 0x00007ff891760000 	C:\Windows\SYSTEM32\Wldp.dll
0x00007ff893450000 - 0x00007ff8934fd000 	C:\Windows\System32\SHCORE.dll
0x00007ff893260000 - 0x00007ff8932b5000 	C:\Windows\System32\shlwapi.dll
0x00007ff891cf0000 - 0x00007ff891d0f000 	C:\Windows\SYSTEM32\profapi.dll
0x00007ff88b330000 - 0x00007ff88b34a000 	C:\Program Files\Android\Android Studio\jre\bin\net.dll
0x00007ff885c40000 - 0x00007ff885d4a000 	C:\Windows\SYSTEM32\WINHTTP.dll
0x00007ff891490000 - 0x00007ff8914fa000 	C:\Windows\system32\mswsock.dll
0x00007ff88b260000 - 0x00007ff88b274000 	C:\Program Files\Android\Android Studio\jre\bin\nio.dll
0x00007ff873630000 - 0x00007ff873657000 	C:\Users\ParkHyeSung\.gradle\native\e1d6ef7f7dcc3fd88c89a11ec53ec762bb8ba0a96d01ffa2cd45eb1d1d8dd5c5\windows-amd64\native-platform.dll
0x00007ff86e820000 - 0x00007ff86e964000 	C:\Users\ParkHyeSung\.gradle\native\5664cfc778a61ccfe75a443a1ab52a65af34e5dc3c78e0209fed803814484fcb\windows-amd64\native-platform-file-events.dll
0x00007ff88b4e0000 - 0x00007ff88b4ea000 	C:\Program Files\Android\Android Studio\jre\bin\management.dll
0x00007ff88b3f0000 - 0x00007ff88b3fd000 	C:\Program Files\Android\Android Studio\jre\bin\management_ext.dll
0x00007ff891690000 - 0x00007ff8916a8000 	C:\Windows\SYSTEM32\CRYPTSP.dll
0x00007ff890db0000 - 0x00007ff890de4000 	C:\Windows\system32\rsaenh.dll
0x00007ff8922d0000 - 0x00007ff8922f7000 	C:\Windows\System32\bcrypt.dll
0x00007ff891c70000 - 0x00007ff891c9e000 	C:\Windows\SYSTEM32\USERENV.dll
0x00007ff891680000 - 0x00007ff89168c000 	C:\Windows\SYSTEM32\CRYPTBASE.dll
0x00007ff891180000 - 0x00007ff8911bb000 	C:\Windows\SYSTEM32\IPHLPAPI.DLL
0x00007ff893240000 - 0x00007ff893248000 	C:\Windows\System32\NSI.dll
0x00007ff885ef0000 - 0x00007ff885f07000 	C:\Windows\SYSTEM32\dhcpcsvc6.DLL
0x00007ff888000000 - 0x00007ff88801d000 	C:\Windows\SYSTEM32\dhcpcsvc.DLL
0x00007ff8911c0000 - 0x00007ff89128b000 	C:\Windows\SYSTEM32\DNSAPI.dll

dbghelp: loaded successfully - version: 4.0.5 - missing functions: none
symbol engine: initialized successfully - sym options: 0x614 - pdb path: .;C:\Program Files\Android\Android Studio\jre\bin;C:\Windows\SYSTEM32;C:\Windows\WinSxS\amd64_microsoft.windows.common-controls_6595b64144ccf1df_6.0.19041.1110_none_60b5254171f9507e;C:\Program Files\Android\Android Studio\jre\bin\server;C:\Users\ParkHyeSung\.gradle\native\e1d6ef7f7dcc3fd88c89a11ec53ec762bb8ba0a96d01ffa2cd45eb1d1d8dd5c5\windows-amd64;C:\Users\ParkHyeSung\.gradle\native\5664cfc778a61ccfe75a443a1ab52a65af34e5dc3c78e0209fed803814484fcb\windows-amd64

VM Arguments:
jvm_args: --add-opens=java.base/java.util=ALL-UNNAMED --add-opens=java.base/java.lang=ALL-UNNAMED --add-opens=java.base/java.lang.invoke=ALL-UNNAMED --add-opens=java.base/java.util=ALL-UNNAMED --add-opens=java.prefs/java.util.prefs=ALL-UNNAMED --add-opens=java.prefs/java.util.prefs=ALL-UNNAMED --add-opens=java.base/java.nio.charset=ALL-UNNAMED --add-opens=java.base/java.net=ALL-UNNAMED --add-opens=java.base/java.util.concurrent.atomic=ALL-UNNAMED -Xmx2048m -Dfile.encoding=UTF-8 -Duser.country=KR -Duser.language=ko -Duser.variant 
java_command: org.gradle.launcher.daemon.bootstrap.GradleDaemon 7.3.3
java_class_path (initial): C:\Users\ParkHyeSung\.gradle\wrapper\dists\gradle-7.3.3-bin\6a41zxkdtcxs8rphpq6y0069z\gradle-7.3.3\lib\gradle-launcher-7.3.3.jar
Launcher Type: SUN_STANDARD

[Global flags]
     intx CICompilerCount                          = 3                                         {product} {ergonomic}
     uint ConcGCThreads                            = 2                                         {product} {ergonomic}
     uint G1ConcRefinementThreads                  = 6                                         {product} {ergonomic}
   size_t G1HeapRegionSize                         = 1048576                                   {product} {ergonomic}
    uintx GCDrainStackTargetSize                   = 64                                        {product} {ergonomic}
   size_t InitialHeapSize                          = 121634816                                 {product} {ergonomic}
   size_t MarkStackSize                            = 4194304                                   {product} {ergonomic}
   size_t MaxHeapSize                              = 2147483648                                {product} {command line}
   size_t MaxNewSize                               = 1287651328                                {product} {ergonomic}
   size_t MinHeapDeltaBytes                        = 1048576                                   {product} {ergonomic}
    uintx NonNMethodCodeHeapSize                   = 5830732                                {pd product} {ergonomic}
    uintx NonProfiledCodeHeapSize                  = 122913754                              {pd product} {ergonomic}
    uintx ProfiledCodeHeapSize                     = 122913754                              {pd product} {ergonomic}
    uintx ReservedCodeCacheSize                    = 251658240                              {pd product} {ergonomic}
     bool SegmentedCodeCache                       = true                                      {product} {ergonomic}
     bool UseCompressedClassPointers               = true                                 {lp64_product} {ergonomic}
     bool UseCompressedOops                        = true                                 {lp64_product} {ergonomic}
     bool UseG1GC                                  = true                                      {product} {ergonomic}
     bool UseLargePagesIndividualAllocation        = false                                  {pd product} {ergonomic}

Logging:
Log output configuration:
 #0: stdout all=warning uptime,level,tags
 #1: stderr all=off uptime,level,tags

Environment Variables:
PATH=C:\Program Files\Common Files\Oracle\Java\javapath;C:\Windows\system32;C:\Windows;C:\Windows\System32\Wbem;C:\Windows\System32\WindowsPowerShell\v1.0\;C:\Windows\System32\OpenSSH\;C:\Program Files\Bandizip\;C:\MinGW\bin;C:\Program Files\mingw-w64\x86_64-7.2.0-win32-seh-rt_v5-rev1\mingw64\bin;C:\Users\ParkHyeSung\AppData\Local\Programs\Python\Python310\Scripts\;C:\Users\ParkHyeSung\AppData\Local\Programs\Python\Python310\;C:\Users\ParkHyeSung\AppData\Local\Microsoft\WindowsApps;;C:\Program Files\JetBrains\IntelliJ IDEA 2022.2.1\bin;
USERNAME=ParkHyeSung
OS=Windows_NT
PROCESSOR_IDENTIFIER=AMD64 Family 23 Model 96 Stepping 1, AuthenticAMD



---------------  S Y S T E M  ---------------

OS: Windows 10 , 64 bit Build 19041 (10.0.19041.2546)
OS uptime: 5 days 1:38 hours

CPU:total 6 (initial active 6) (6 cores per cpu, 1 threads per core) family 23 model 96 stepping 1 microcode 0x0, cmov, cx8, fxsr, mmx, sse, sse2, sse3, ssse3, sse4.1, sse4.2, popcnt, avx, avx2, aes, clmul, mmxext, 3dnowpref, lzcnt, sse4a, tsc, tscinvbit, tscinv, bmi1, bmi2, adx, sha, fma

Memory: 4k page, system-wide physical 7343M (482M free)
TotalPageFile size 29871M (AvailPageFile size 6M)
current process WorkingSet (physical memory assigned to process): 277M, peak: 277M
current process commit charge ("private bytes"): 341M, peak: 343M

vm_info: OpenJDK 64-Bit Server VM (11.0.12+7-b1504.28-7817840) for windows-amd64 JRE (11.0.12+7-b1504.28-7817840), built on Oct 13 2021 22:12:33 by "builder" with MS VC++ 14.0 (VS2015)

END.
